TN:
SF:cache/lib/Configuration.ts
FNF:2
FNH:2
DA:4,1
DA:5,49
DA:6,92
DA:9,25
DA:10,60
DA:12,1
LF:6
LH:6
end_of_record
TN:
SF:cache/lib/WebSocketManager.ts
FNF:9
FNH:4
DA:1,125
DA:2,96
DA:4,154
DA:5,40
DA:7,70
DA:8,38
DA:9,46
DA:10,6
DA:13,88
DA:14,46
DA:21,24
DA:23,78
DA:28,23
DA:35,0
DA:36,0
DA:37,0
DA:38,0
DA:39,0
DA:40,0
DA:41,92
DA:51,26
DA:52,22
DA:53,14
DA:54,21
DA:55,10
DA:56,26
DA:57,162
DA:58,12
DA:59,133
DA:60,126
DA:61,9
DA:64,144
DA:66,64
DA:70,19
DA:71,9
DA:73,72
DA:74,24
DA:75,38
DA:76,14
DA:78,132
DA:79,122
DA:80,40
DA:81,28
DA:82,46
DA:83,10
DA:84,12
DA:86,0
DA:87,0
DA:88,0
DA:89,0
DA:90,0
DA:91,0
DA:92,38
DA:101,17
DA:102,37
DA:103,10
DA:104,106
DA:105,82
DA:106,12
DA:107,66
DA:108,13
DA:109,100
DA:110,8
DA:111,16
DA:112,100
DA:113,6
DA:114,9
DA:116,40
DA:117,137
DA:118,116
DA:119,14
DA:120,62
DA:121,16
DA:123,115
DA:124,30
DA:125,13
DA:127,178
DA:128,36
DA:129,68
DA:130,84
DA:131,32
DA:132,44
DA:133,52
DA:134,136
DA:135,54
DA:136,46
DA:137,18
DA:139,42
DA:140,32
DA:141,82
DA:142,16
DA:144,72
DA:145,92
DA:146,72
DA:147,58
DA:148,27
DA:150,9
DA:151,74
DA:152,58
DA:153,29
DA:155,7
DA:156,13
DA:158,8
DA:159,156
DA:160,39
DA:162,18
DA:163,26
DA:164,260
DA:165,20
DA:166,156
DA:167,40
DA:168,24
DA:169,52
DA:170,96
DA:171,44
DA:172,50
DA:173,98
DA:174,162
DA:175,98
DA:176,114
DA:177,28
DA:178,54
DA:179,24
DA:180,70
DA:181,56
DA:182,4
DA:183,16
DA:184,9
DA:185,9
DA:187,0
DA:188,0
DA:189,0
DA:190,0
DA:191,0
DA:192,0
DA:193,0
DA:194,0
DA:195,0
DA:196,0
DA:197,0
DA:198,0
DA:199,0
DA:200,0
DA:201,0
DA:202,0
DA:203,0
DA:204,0
DA:205,0
DA:206,0
DA:207,0
DA:208,0
DA:209,0
DA:210,0
DA:211,0
DA:212,0
DA:213,0
DA:214,0
DA:215,0
DA:216,0
DA:217,0
DA:218,0
DA:219,0
DA:220,0
DA:221,0
DA:222,0
DA:223,0
DA:224,0
DA:225,0
DA:226,0
DA:227,0
DA:228,0
DA:229,0
DA:230,0
DA:231,0
DA:232,0
DA:233,0
DA:234,0
DA:235,0
DA:236,0
DA:237,0
DA:238,0
DA:239,0
DA:240,0
DA:241,0
DA:242,0
DA:243,0
DA:244,0
DA:245,0
DA:246,0
DA:247,0
DA:248,0
DA:249,0
DA:250,0
DA:251,0
DA:252,0
DA:253,0
DA:254,0
DA:255,0
DA:256,0
DA:257,0
DA:258,0
DA:259,0
DA:260,0
DA:261,0
DA:262,0
DA:263,0
DA:264,0
DA:265,0
DA:266,0
DA:267,0
DA:268,0
DA:269,0
DA:270,0
DA:271,0
DA:272,0
DA:273,0
DA:274,0
DA:275,0
DA:276,0
DA:277,0
DA:278,0
DA:279,0
DA:280,0
DA:281,0
DA:282,0
DA:283,0
DA:284,0
DA:285,0
DA:286,0
DA:287,0
DA:288,0
DA:289,0
DA:290,0
DA:291,0
DA:292,0
DA:293,0
DA:294,0
DA:295,0
DA:296,0
DA:297,0
DA:298,0
DA:299,0
DA:300,0
DA:301,0
DA:302,0
DA:303,0
DA:304,0
DA:305,0
DA:306,0
DA:307,0
DA:308,0
DA:309,0
DA:310,0
DA:311,0
DA:312,0
DA:313,0
DA:314,0
DA:315,0
DA:316,0
DA:317,0
DA:318,0
DA:319,0
DA:320,0
DA:321,0
DA:322,0
DA:323,0
DA:324,0
DA:325,11
DA:327,1
LF:269
LH:119
end_of_record
TN:
SF:cache/routes/[tenant]/[hash].narinfo.ts
FNF:2
FNH:2
DA:19,112
DA:25,48
DA:26,70
DA:28,20
DA:30,32
DA:31,21
DA:32,17
DA:33,3
DA:34,21
DA:35,15
DA:36,18
DA:37,63
DA:38,36
DA:39,28
DA:40,56
DA:41,49
DA:42,2
DA:43,1
DA:44,4
DA:45,40
DA:46,69
DA:47,55
DA:48,28
DA:49,50
DA:50,58
DA:51,2
DA:52,1
DA:53,4
DA:54,34
DA:57,78
DA:58,15
DA:59,9
DA:60,6
DA:62,61
DA:63,28
DA:64,50
DA:65,54
DA:66,2
DA:67,1
DA:68,4
DA:70,83
DA:71,20
DA:72,6
DA:73,50
DA:74,13
DA:75,138
DA:76,8
DA:78,60
DA:79,28
DA:80,50
DA:81,54
DA:82,2
DA:83,1
DA:84,4
DA:87,59
DA:90,82
DA:91,13
DA:92,135
DA:93,8
DA:94,60
DA:95,28
DA:96,50
DA:97,54
DA:98,2
DA:99,1
DA:100,4
DA:102,49
DA:105,35
DA:106,16
DA:107,23
DA:108,76
DA:109,54
DA:110,25
DA:111,7
DA:113,87
DA:114,30
DA:115,35
DA:116,26
DA:117,25
DA:118,24
DA:119,27
DA:120,49
DA:121,20
DA:122,30
DA:124,38
DA:126,1
LF:86
LH:86
end_of_record
TN:
SF:cache/routes/[tenant]/nar/[derivation].ts
FNF:2
FNH:2
DA:1,112
DA:7,51
DA:8,48
DA:9,70
DA:11,20
DA:13,32
DA:14,21
DA:15,23
DA:16,3
DA:18,21
DA:19,15
DA:20,18
DA:21,64
DA:22,37
DA:23,28
DA:24,56
DA:25,49
DA:26,2
DA:27,1
DA:28,4
DA:30,41
DA:31,69
DA:32,55
DA:33,28
DA:34,50
DA:35,58
DA:36,2
DA:37,1
DA:38,4
DA:39,34
DA:42,78
DA:43,21
DA:44,9
DA:45,6
DA:46,61
DA:47,28
DA:48,50
DA:49,54
DA:50,2
DA:51,1
DA:52,4
DA:55,67
DA:56,25
DA:57,28
DA:58,50
DA:59,54
DA:60,2
DA:61,1
DA:62,4
DA:65,83
DA:66,20
DA:67,6
DA:68,50
DA:69,13
DA:70,138
DA:71,8
DA:73,60
DA:74,28
DA:75,50
DA:76,54
DA:77,2
DA:78,1
DA:79,4
DA:82,59
DA:85,82
DA:86,13
DA:87,135
DA:88,8
DA:89,60
DA:90,28
DA:91,50
DA:92,54
DA:93,2
DA:94,1
DA:95,4
DA:97,96
DA:100,35
DA:101,16
DA:102,54
DA:103,28
DA:104,23
DA:105,99
DA:106,7
DA:107,39
DA:109,1
LF:85
LH:85
end_of_record
TN:
SF:cache/routes/[tenant]/nix-cache-info.ts
FNF:2
FNH:2
DA:11,45
DA:12,70
DA:15,21
DA:16,15
DA:17,18
DA:18,42
DA:19,59
DA:20,28
DA:21,50
DA:22,58
DA:23,2
DA:24,1
DA:25,4
DA:26,67
DA:27,55
DA:28,28
DA:29,50
DA:30,58
DA:31,2
DA:32,1
DA:33,4
DA:35,76
DA:37,25
DA:38,3
DA:40,1
LF:25
LH:25
end_of_record
TN:
SF:cache/routes/api/v1/cache/[tenant].ts
FNF:3
FNH:3
DA:1,59
DA:2,48
DA:3,86
DA:4,33
DA:34,21
DA:35,16
DA:36,19
DA:37,19
DA:38,18
DA:39,42
DA:40,46
DA:41,38
DA:42,28
DA:43,66
DA:44,15
DA:45,92
DA:46,2
DA:47,1
DA:48,4
DA:50,54
DA:51,28
DA:52,50
DA:53,63
DA:54,2
DA:55,1
DA:56,4
DA:59,61
DA:60,11
DA:61,6
DA:62,57
DA:64,96
DA:65,43
DA:66,35
DA:67,50
DA:68,38
DA:69,29
DA:70,41
DA:71,89
DA:72,65
DA:73,27
DA:74,34
DA:75,4
DA:77,1
LF:43
LH:43
end_of_record
TN:
SF:cache/routes/api/v1/cache/[tenant]/key.ts
FNF:2
FNH:2
DA:1,60
DA:2,48
DA:3,98
DA:4,33
DA:5,20
DA:8,34
DA:9,22
DA:10,3
DA:12,22
DA:13,16
DA:14,19
DA:15,19
DA:16,18
DA:18,25
DA:21,11
DA:22,63
DA:23,36
DA:24,66
DA:25,6
DA:26,43
DA:27,17
DA:28,76
DA:29,28
DA:30,55
DA:31,65
DA:32,2
DA:33,5
DA:36,50
DA:37,53
DA:39,82
DA:41,81
DA:42,35
DA:44,13
DA:45,54
DA:46,0
DA:47,0
DA:48,0
DA:49,0
DA:50,0
DA:51,0
DA:52,0
DA:53,4
DA:55,4
DA:58,11
DA:59,41
DA:60,18
DA:61,40
DA:62,32
DA:63,36
DA:64,7
DA:65,0
DA:66,0
DA:67,0
DA:68,0
DA:69,0
DA:70,0
DA:71,0
DA:72,4
DA:75,28
DA:76,47
DA:77,52
DA:78,2
DA:79,3
DA:81,1
LF:64
LH:50
end_of_record
TN:
SF:cache/routes/api/v1/cache/[tenant]/multipart-nar.ts
FNF:2
FNH:2
DA:1,78
DA:2,48
DA:4,98
DA:6,33
DA:7,22
DA:8,16
DA:9,19
DA:10,19
DA:11,18
DA:12,42
DA:13,46
DA:15,47
DA:16,0
DA:17,0
DA:18,0
DA:19,0
DA:20,0
DA:21,4
DA:23,4
DA:24,16
DA:25,30
DA:26,35
DA:27,37
DA:28,7
DA:29,28
DA:30,70
DA:31,15
DA:32,97
DA:33,2
DA:34,1
DA:35,4
DA:38,31
DA:39,0
DA:40,0
DA:41,0
DA:42,0
DA:43,0
DA:44,0
DA:45,4
DA:47,64
DA:48,17
DA:49,0
DA:50,0
DA:51,0
DA:52,0
DA:53,0
DA:54,4
DA:56,76
DA:57,21
DA:58,0
DA:59,0
DA:60,0
DA:61,0
DA:62,0
DA:63,4
DA:65,83
DA:66,10
DA:67,6
DA:68,56
DA:69,28
DA:70,55
DA:71,15
DA:72,80
DA:73,2
DA:74,1
DA:75,4
DA:77,62
DA:78,38
DA:79,0
DA:80,0
DA:81,0
DA:82,0
DA:83,0
DA:84,4
DA:86,68
DA:88,23
DA:89,11
DA:90,53
DA:91,18
DA:92,30
DA:93,27
DA:94,22
DA:95,40
DA:96,7
DA:97,0
DA:98,0
DA:99,0
DA:100,0
DA:101,0
DA:102,0
DA:103,4
DA:105,65
DA:107,35
DA:108,34
DA:109,28
DA:110,4
DA:112,1
LF:97
LH:65
end_of_record
TN:
SF:cache/routes/api/v1/cache/[tenant]/multipart-nar/[uid].ts
FNF:2
FNH:2
DA:1,45
DA:2,48
DA:3,86
DA:5,33
DA:6,20
DA:8,39
DA:9,23
DA:10,3
DA:11,22
DA:12,16
DA:13,19
DA:14,19
DA:15,18
DA:16,58
DA:17,25
DA:20,11
DA:21,61
DA:22,38
DA:23,47
DA:24,6
DA:25,36
DA:26,17
DA:27,94
DA:28,28
DA:29,55
DA:30,54
DA:31,2
DA:32,5
DA:34,42
DA:35,31
DA:36,45
DA:37,4
DA:38,16
DA:39,8
DA:40,16
DA:41,35
DA:42,27
DA:43,32
DA:44,7
DA:45,28
DA:46,58
DA:47,57
DA:48,2
DA:49,1
DA:50,4
DA:53,60
DA:55,35
DA:56,28
DA:57,57
DA:58,58
DA:59,2
DA:60,1
DA:61,4
DA:64,11
DA:65,39
DA:66,23
DA:67,38
DA:68,7
DA:69,0
DA:70,0
DA:71,0
DA:72,0
DA:73,0
DA:74,0
DA:75,0
DA:76,0
DA:77,4
DA:79,13
DA:80,116
DA:81,6
DA:82,35
DA:83,107
DA:84,4
DA:86,1
LF:74
LH:66
end_of_record
TN:
SF:cache/routes/api/v1/cache/[tenant]/multipart-nar/[uid]/complete.ts
FNF:2
FNH:2
DA:1,120
DA:9,51
DA:10,48
DA:11,86
DA:13,33
DA:14,20
DA:16,31
DA:17,29
DA:18,25
DA:19,26
DA:20,26
DA:21,25
DA:22,25
DA:23,37
DA:24,21
DA:25,27
DA:26,26
DA:27,5
DA:28,15
DA:29,14
DA:30,21
DA:31,24
DA:32,2
DA:33,2
DA:34,3
DA:35,33
DA:36,21
DA:37,16
DA:38,3
DA:40,22
DA:41,16
DA:42,19
DA:43,19
DA:44,18
DA:45,64
DA:46,58
DA:47,62
DA:48,28
DA:49,55
DA:50,61
DA:51,2
DA:52,1
DA:53,4
DA:54,36
DA:55,73
DA:56,27
DA:57,28
DA:58,50
DA:59,81
DA:60,2
DA:61,1
DA:62,4
DA:64,84
DA:65,32
DA:66,28
DA:67,50
DA:68,81
DA:69,2
DA:70,1
DA:71,4
DA:72,79
DA:73,16
DA:74,0
DA:75,0
DA:76,0
DA:77,0
DA:78,0
DA:79,4
DA:81,11
DA:83,31
DA:84,22
DA:85,11
DA:86,30
DA:87,93
DA:88,10
DA:89,7
DA:90,17
DA:91,52
DA:92,28
DA:93,62
DA:94,82
DA:95,2
DA:96,5
DA:99,11
DA:100,59
DA:101,18
DA:102,46
DA:103,48
DA:104,48
DA:105,46
DA:106,57
DA:107,68
DA:108,38
DA:109,50
DA:110,54
DA:111,40
DA:112,37
DA:113,39
DA:114,9
DA:116,82
DA:117,18
DA:118,35
DA:119,28
DA:120,9
DA:122,37
DA:123,18
DA:124,61
DA:125,29
DA:126,25
DA:127,104
DA:128,9
DA:130,39
DA:131,0
DA:132,0
DA:133,0
DA:134,0
DA:135,0
DA:136,0
DA:137,4
DA:140,31
DA:142,1
LF:121
LH:110
end_of_record
TN:
SF:cache/routes/api/v1/cache/[tenant]/narinfo.ts
FNF:4
FNH:4
DA:9,79
DA:10,48
DA:12,86
DA:14,33
DA:15,20
DA:17,40
DA:18,22
DA:19,16
DA:20,19
DA:21,36
DA:22,18
DA:23,42
DA:24,54
DA:25,61
DA:26,28
DA:27,50
DA:28,61
DA:29,2
DA:30,1
DA:31,4
DA:33,32
DA:34,53
DA:35,28
DA:36,53
DA:37,52
DA:38,2
DA:39,1
DA:40,4
DA:42,66
DA:43,40
DA:44,28
DA:45,53
DA:46,52
DA:47,2
DA:48,1
DA:49,4
DA:52,78
DA:53,13
DA:54,6
DA:57,83
DA:58,26
DA:59,9
DA:60,6
DA:62,44
DA:63,53
DA:64,4
DA:65,32
DA:66,34
DA:67,46
DA:68,33
DA:69,18
DA:70,43
DA:71,25
DA:72,29
DA:73,58
DA:74,9
DA:75,58
DA:76,4
DA:77,57
DA:78,70
DA:79,36
DA:80,6
DA:83,47
DA:85,1
LF:64
LH:64
end_of_record
TN:
SF:cache/routes/api/v1/deploy/deployment/[deployment_id].ts
FNF:2
FNH:2
DA:1,79
DA:2,98
DA:4,20
DA:6,42
DA:7,26
DA:8,3
DA:10,42
DA:11,26
DA:12,3
DA:13,21
DA:14,16
DA:15,30
DA:16,18
DA:17,81
DA:18,80
DA:19,4
DA:20,35
DA:21,35
DA:22,69
DA:23,57
DA:24,7
DA:25,28
DA:26,53
DA:27,68
DA:28,2
DA:29,1
DA:30,4
DA:32,81
DA:33,88
DA:34,32
DA:35,28
DA:36,53
DA:37,68
DA:38,2
DA:39,1
DA:40,4
DA:42,70
DA:43,41
DA:44,6
DA:45,37
DA:46,28
DA:47,50
DA:48,64
DA:49,2
DA:50,1
DA:51,4
DA:53,87
DA:54,28
DA:55,53
DA:56,69
DA:57,2
DA:58,1
DA:59,4
DA:61,29
DA:62,49
DA:63,69
DA:64,12
DA:65,39
DA:66,4
DA:67,6
DA:68,30
DA:69,15
DA:70,69
DA:71,38
DA:72,42
DA:73,6
DA:74,44
DA:88,1
LF:68
LH:68
end_of_record
TN:
SF:cache/routes/api/v2/deploy/activate.ts
FNF:3
FNH:3
DA:1,66
DA:2,48
DA:3,122
DA:11,33
DA:12,73
DA:13,22
DA:14,31
DA:15,16
DA:16,19
DA:17,18
DA:18,38
DA:19,68
DA:20,28
DA:21,50
DA:22,73
DA:23,2
DA:24,1
DA:25,4
DA:27,63
DA:28,23
DA:29,13
DA:30,75
DA:31,8
DA:32,28
DA:33,50
DA:34,73
DA:35,2
DA:36,1
DA:37,4
DA:39,85
DA:40,65
DA:41,94
DA:42,28
DA:43,50
DA:44,73
DA:45,2
DA:46,1
DA:47,4
DA:48,66
DA:49,35
DA:50,13
DA:51,80
DA:52,8
DA:53,28
DA:54,50
DA:55,53
DA:56,2
DA:57,1
DA:58,4
DA:60,57
DA:61,16
DA:62,40
DA:63,44
DA:64,20
DA:65,29
DA:66,18
DA:67,24
DA:68,18
DA:69,88
DA:70,24
DA:71,7
DA:73,78
DA:74,17
DA:75,52
DA:76,26
DA:77,0
DA:78,6
DA:79,18
DA:80,13
DA:81,49
DA:82,38
DA:83,105
DA:84,7
DA:85,6
DA:86,6
DA:87,35
DA:88,24
DA:89,15
DA:90,4
DA:92,1
LF:80
LH:79
end_of_record
TN:
SF:shared/db/Connectors/Postgres.ts
FNF:2
FNH:0
DA:1,104
DA:3,107
DA:5,81
DA:6,9
DA:8,0
DA:9,0
DA:10,0
DA:11,0
DA:12,0
DA:13,0
DA:14,0
DA:15,0
DA:16,0
DA:17,0
DA:18,0
DA:19,0
DA:20,0
DA:21,0
DA:22,0
DA:23,33
DA:25,2
LF:21
LH:6
end_of_record
TN:
SF:shared/db/Connectors/SQLite.ts
FNF:3
FNH:2
DA:1,132
DA:3,138
DA:4,39
DA:5,142
DA:6,10
DA:7,34
DA:8,106
DA:9,32
DA:10,160
DA:11,12
DA:12,14
DA:14,109
DA:17,40
DA:18,83
DA:20,1
LF:15
LH:15
end_of_record
TN:
SF:shared/db/DAO/DAO.ts
FNF:3
FNH:2
DA:1,81
DA:5,1
DA:6,0
DA:7,0
DA:8,0
DA:9,21
DA:11,26
DA:12,89
DA:13,48
DA:14,54
DA:15,26
DA:16,14
DA:17,13
DA:18,84
DA:19,8
DA:20,16
DA:21,84
DA:22,30
DA:26,23
DA:27,43
DA:28,42
DA:29,9
DA:30,36
DA:37,2
LF:24
LH:21
end_of_record
TN:
SF:shared/db/DAO/access_rules.ts
FNF:11
FNH:5
DA:1,82
DA:4,56
DA:5,120
DA:6,111
DA:7,41
DA:8,46
DA:10,35
DA:11,42
DA:12,77
DA:13,86
DA:14,9
DA:15,74
DA:16,45
DA:17,9
DA:19,44
DA:20,13
DA:21,86
DA:22,8
DA:23,16
DA:24,86
DA:25,6
DA:26,9
DA:28,46
DA:29,12
DA:36,30
DA:37,108
DA:38,0
DA:39,0
DA:40,0
DA:41,0
DA:42,0
DA:43,0
DA:44,0
DA:45,0
DA:46,0
DA:47,0
DA:48,0
DA:49,0
DA:50,0
DA:51,0
DA:52,0
DA:53,0
DA:54,0
DA:55,0
DA:56,0
DA:57,0
DA:58,0
DA:59,0
DA:60,0
DA:61,0
DA:62,0
DA:63,0
DA:64,0
DA:65,0
DA:66,0
DA:67,56
DA:76,65
DA:77,0
DA:78,0
DA:79,0
DA:80,0
DA:81,0
DA:82,0
DA:83,0
DA:84,0
DA:85,0
DA:86,0
DA:87,0
DA:88,0
DA:89,0
DA:90,0
DA:91,0
DA:92,0
DA:93,0
DA:94,0
DA:95,0
DA:96,0
DA:97,0
DA:98,45
DA:100,2
LF:80
LH:30
end_of_record
TN:
SF:shared/db/DAO/agents.ts
FNF:11
FNH:7
DA:1,82
DA:4,56
DA:5,100
DA:6,91
DA:7,29
DA:8,35
DA:9,42
DA:10,77
DA:11,72
DA:12,9
DA:13,74
DA:14,38
DA:15,9
DA:17,44
DA:18,13
DA:19,80
DA:20,8
DA:21,16
DA:22,80
DA:23,6
DA:24,9
DA:26,46
DA:27,12
DA:35,30
DA:36,0
DA:37,0
DA:38,0
DA:39,0
DA:40,0
DA:41,0
DA:42,0
DA:43,0
DA:44,42
DA:53,70
DA:54,0
DA:55,0
DA:56,0
DA:57,0
DA:58,0
DA:59,0
DA:60,0
DA:61,0
DA:62,0
DA:63,0
DA:64,0
DA:65,0
DA:66,0
DA:67,0
DA:68,0
DA:69,0
DA:70,0
DA:71,0
DA:72,0
DA:73,46
DA:82,30
DA:83,75
DA:85,2
LF:57
LH:30
end_of_record
TN:
SF:shared/db/DAO/agents_deployments_links.ts
FNF:9
FNH:5
DA:1,82
DA:4,56
DA:5,176
DA:6,167
DA:7,65
DA:8,35
DA:9,42
DA:10,77
DA:11,110
DA:12,9
DA:13,74
DA:14,57
DA:15,9
DA:17,44
DA:18,13
DA:19,98
DA:20,8
DA:21,16
DA:22,98
DA:23,6
DA:24,9
DA:26,46
DA:27,12
DA:35,30
DA:36,0
DA:37,0
DA:38,0
DA:39,0
DA:40,0
DA:41,0
DA:42,0
DA:43,0
DA:44,42
DA:52,27
DA:53,0
DA:54,0
DA:55,0
DA:56,0
DA:57,0
DA:58,0
DA:59,0
DA:60,0
DA:61,0
DA:62,0
DA:63,0
DA:64,0
DA:65,0
DA:66,0
DA:67,0
DA:68,0
DA:69,0
DA:70,0
DA:71,0
DA:72,0
DA:73,40
DA:75,2
LF:56
LH:28
end_of_record
TN:
SF:shared/db/DAO/api_key.ts
FNF:10
FNH:5
DA:1,82
DA:4,56
DA:5,104
DA:6,95
DA:8,33
DA:9,35
DA:10,42
DA:11,77
DA:12,78
DA:13,9
DA:14,74
DA:15,41
DA:16,9
DA:18,44
DA:19,13
DA:20,81
DA:21,8
DA:22,16
DA:23,81
DA:24,6
DA:25,9
DA:27,46
DA:28,12
DA:36,30
DA:37,0
DA:38,0
DA:39,0
DA:40,0
DA:41,0
DA:42,0
DA:43,0
DA:44,0
DA:45,0
DA:46,0
DA:47,0
DA:48,0
DA:49,0
DA:50,0
DA:51,0
DA:52,0
DA:53,0
DA:54,0
DA:55,0
DA:56,45
DA:65,39
DA:66,0
DA:67,0
DA:68,0
DA:69,0
DA:70,0
DA:71,0
DA:72,0
DA:73,0
DA:74,0
DA:75,0
DA:76,0
DA:77,0
DA:78,0
DA:79,0
DA:80,0
DA:81,0
DA:82,0
DA:83,0
DA:84,0
DA:85,40
DA:87,2
LF:66
LH:28
end_of_record
TN:
SF:shared/db/DAO/api_key_tenant_link.ts
FNF:11
FNH:5
DA:1,82
DA:4,56
DA:5,148
DA:6,139
DA:8,59
DA:9,35
DA:10,42
DA:11,77
DA:12,100
DA:13,9
DA:14,74
DA:15,52
DA:16,9
DA:18,44
DA:19,13
DA:20,93
DA:21,8
DA:22,16
DA:23,93
DA:24,6
DA:25,9
DA:27,46
DA:28,12
DA:36,30
DA:37,0
DA:38,0
DA:39,0
DA:40,0
DA:41,0
DA:42,0
DA:43,0
DA:44,0
DA:45,0
DA:46,0
DA:47,0
DA:48,0
DA:49,0
DA:50,0
DA:51,0
DA:52,0
DA:53,0
DA:54,0
DA:55,0
DA:56,0
DA:57,0
DA:58,0
DA:59,0
DA:60,0
DA:61,0
DA:62,0
DA:63,0
DA:64,0
DA:65,57
DA:75,20
DA:76,24
DA:77,21
DA:78,10
DA:79,0
DA:80,0
DA:81,0
DA:82,0
DA:83,0
DA:84,0
DA:85,0
DA:86,0
DA:87,0
DA:88,0
DA:89,0
DA:90,0
DA:91,0
DA:92,0
DA:93,0
DA:94,0
DA:95,0
DA:96,0
DA:97,0
DA:98,40
DA:100,2
LF:78
LH:31
end_of_record
TN:
SF:shared/db/DAO/deployment.ts
FNF:10
FNH:5
DA:1,82
DA:4,56
DA:5,120
DA:6,111
DA:8,39
DA:9,35
DA:10,42
DA:11,77
DA:12,82
DA:13,9
DA:14,74
DA:15,43
DA:16,9
DA:18,44
DA:19,13
DA:20,85
DA:21,8
DA:22,16
DA:23,85
DA:24,6
DA:25,9
DA:27,46
DA:28,12
DA:36,30
DA:37,0
DA:38,0
DA:39,0
DA:40,0
DA:41,0
DA:42,0
DA:43,0
DA:44,0
DA:45,0
DA:46,0
DA:47,0
DA:48,0
DA:49,0
DA:50,0
DA:51,0
DA:52,0
DA:53,0
DA:54,0
DA:55,0
DA:56,0
DA:57,0
DA:58,0
DA:59,0
DA:60,0
DA:61,0
DA:62,0
DA:63,0
DA:64,46
DA:72,61
DA:73,0
DA:74,0
DA:75,0
DA:76,0
DA:77,0
DA:78,0
DA:79,0
DA:80,0
DA:81,0
DA:82,0
DA:83,40
DA:85,2
LF:65
LH:28
end_of_record
TN:
SF:shared/db/DAO/deployment_keys.ts
FNF:11
FNH:5
DA:1,82
DA:4,56
DA:5,140
DA:6,131
DA:8,47
DA:9,46
DA:10,35
DA:11,42
DA:12,69
DA:13,92
DA:14,9
DA:15,74
DA:16,48
DA:17,9
DA:19,44
DA:20,13
DA:21,89
DA:22,8
DA:23,16
DA:24,89
DA:25,6
DA:26,9
DA:28,46
DA:29,12
DA:37,30
DA:38,0
DA:39,0
DA:40,0
DA:41,0
DA:42,0
DA:43,0
DA:44,0
DA:45,0
DA:46,42
DA:54,33
DA:55,0
DA:56,0
DA:57,0
DA:58,0
DA:59,0
DA:60,0
DA:61,0
DA:62,0
DA:63,0
DA:64,0
DA:65,0
DA:66,0
DA:67,0
DA:68,0
DA:69,0
DA:70,0
DA:71,0
DA:72,0
DA:73,0
DA:74,0
DA:75,0
DA:76,0
DA:77,0
DA:78,0
DA:79,0
DA:80,0
DA:81,0
DA:82,0
DA:83,0
DA:84,0
DA:85,0
DA:86,0
DA:87,0
DA:88,0
DA:89,0
DA:90,0
DA:91,0
DA:92,0
DA:93,0
DA:94,0
DA:95,0
DA:96,40
DA:98,2
LF:78
LH:29
end_of_record
TN:
SF:shared/db/DAO/derivation.ts
FNF:10
FNH:7
DA:1,82
DA:4,56
DA:5,116
DA:6,107
DA:8,39
DA:9,46
DA:10,35
DA:11,42
DA:12,77
DA:13,84
DA:14,9
DA:15,74
DA:16,44
DA:17,9
DA:19,44
DA:20,13
DA:21,85
DA:22,8
DA:23,16
DA:24,85
DA:25,6
DA:26,9
DA:28,46
DA:29,12
DA:36,30
DA:37,146
DA:38,0
DA:39,0
DA:40,0
DA:41,0
DA:42,0
DA:43,0
DA:44,0
DA:45,0
DA:46,0
DA:47,42
DA:56,27
DA:57,110
DA:58,79
DA:66,30
DA:67,120
DA:68,0
DA:69,0
DA:70,0
DA:71,0
DA:72,0
DA:73,0
DA:74,0
DA:75,0
DA:76,0
DA:77,0
DA:78,0
DA:79,45
DA:81,2
LF:54
LH:34
end_of_record
TN:
SF:shared/db/DAO/derivation_tenant_link.ts
FNF:11
FNH:7
DA:1,82
DA:4,56
DA:5,162
DA:6,153
DA:8,61
DA:9,35
DA:10,42
DA:11,77
DA:12,106
DA:13,9
DA:14,74
DA:15,55
DA:16,9
DA:18,44
DA:19,13
DA:20,96
DA:21,8
DA:22,16
DA:23,96
DA:24,6
DA:25,9
DA:26,46
DA:27,12
DA:35,30
DA:36,0
DA:37,0
DA:38,0
DA:39,0
DA:40,0
DA:41,0
DA:42,0
DA:43,0
DA:44,0
DA:45,0
DA:46,0
DA:47,0
DA:48,0
DA:49,0
DA:50,0
DA:51,0
DA:52,0
DA:53,0
DA:54,0
DA:55,45
DA:64,67
DA:65,131
DA:73,30
DA:74,0
DA:75,0
DA:76,0
DA:77,0
DA:78,0
DA:79,0
DA:80,0
DA:81,0
DA:82,0
DA:83,0
DA:84,40
DA:86,2
LF:59
LH:30
end_of_record
TN:
SF:shared/db/DAO/postgres/access_rules.ts
FNF:8
FNH:0
DA:1,106
DA:2,88
DA:4,114
DA:5,116
DA:6,111
DA:8,75
DA:9,0
DA:10,0
DA:11,0
DA:12,0
DA:13,0
DA:14,0
DA:15,0
DA:16,0
DA:17,0
DA:18,0
DA:19,0
DA:20,0
DA:21,0
DA:22,0
DA:23,0
DA:24,0
DA:25,0
DA:26,0
DA:27,0
DA:28,0
DA:29,0
DA:30,0
DA:31,0
DA:32,0
DA:33,0
DA:34,0
DA:35,0
DA:36,0
DA:37,0
DA:38,0
DA:39,0
DA:40,0
DA:41,0
DA:42,0
DA:43,0
DA:44,0
DA:45,0
DA:46,0
DA:47,0
DA:48,0
DA:49,0
DA:50,0
DA:51,0
DA:52,0
DA:53,0
DA:54,0
DA:55,0
DA:56,0
DA:57,0
DA:58,0
DA:59,0
DA:60,0
DA:61,0
DA:62,0
DA:63,0
DA:64,0
DA:65,0
DA:66,0
DA:67,0
DA:68,0
DA:69,0
DA:70,0
DA:71,0
DA:72,0
DA:73,0
DA:74,0
DA:75,0
DA:76,0
DA:77,0
DA:78,0
DA:79,0
DA:80,0
DA:81,0
DA:82,0
DA:83,0
DA:84,0
DA:85,0
DA:86,0
DA:87,0
DA:88,0
DA:89,0
DA:90,0
DA:91,0
DA:92,0
DA:93,0
DA:94,0
DA:95,0
DA:96,0
DA:97,0
DA:98,0
DA:99,0
DA:100,0
DA:101,0
DA:102,0
DA:103,0
DA:104,0
DA:105,0
DA:106,0
DA:107,0
DA:108,0
DA:109,0
DA:110,0
DA:111,0
DA:112,0
DA:113,0
DA:114,0
DA:115,0
DA:116,0
DA:117,0
DA:118,0
DA:119,0
DA:120,0
DA:121,0
DA:122,0
DA:123,0
DA:124,0
DA:125,0
DA:126,0
DA:127,0
DA:128,0
DA:129,0
DA:130,0
DA:131,0
DA:132,0
DA:133,0
DA:134,0
DA:135,0
DA:136,0
DA:137,0
DA:138,0
DA:139,0
DA:140,0
DA:141,0
DA:142,0
DA:143,0
DA:144,0
DA:145,0
DA:146,0
DA:147,0
DA:148,0
DA:149,0
DA:150,0
DA:151,0
DA:152,0
DA:153,0
DA:154,0
DA:155,0
DA:156,0
DA:157,0
DA:158,0
DA:159,0
DA:160,0
DA:161,0
DA:162,0
DA:163,0
DA:164,0
DA:165,0
DA:166,0
DA:167,0
DA:168,0
DA:169,0
DA:170,0
DA:171,0
DA:172,0
DA:173,0
DA:174,0
DA:175,0
DA:176,0
DA:177,0
DA:178,0
DA:179,0
DA:180,0
DA:181,0
DA:182,0
DA:183,0
DA:184,0
DA:185,0
DA:186,0
DA:187,0
DA:188,0
DA:189,0
DA:190,0
DA:191,0
DA:192,0
DA:193,0
DA:194,0
DA:195,0
DA:196,0
DA:197,0
DA:198,0
DA:199,0
DA:200,0
DA:201,0
DA:202,0
DA:203,0
DA:204,0
DA:205,0
DA:206,0
DA:207,0
DA:208,0
DA:209,0
DA:210,0
DA:211,0
DA:212,0
DA:213,0
DA:214,0
DA:215,0
DA:216,0
DA:217,0
DA:218,0
DA:219,0
DA:220,0
DA:221,0
DA:222,0
DA:223,0
DA:224,0
DA:225,0
DA:226,0
DA:227,0
DA:228,0
DA:229,0
DA:230,0
DA:231,0
DA:232,0
DA:233,0
DA:234,0
DA:235,0
DA:236,0
DA:237,0
DA:238,0
DA:239,22
DA:241,2
LF:238
LH:8
end_of_record
TN:
SF:shared/db/DAO/postgres/agent.ts
FNF:7
FNH:0
DA:1,76
DA:2,88
DA:4,116
DA:5,133
DA:8,45
DA:9,0
DA:10,0
DA:11,0
DA:12,0
DA:13,0
DA:14,0
DA:15,0
DA:16,0
DA:17,0
DA:18,0
DA:19,0
DA:20,0
DA:21,0
DA:22,0
DA:23,0
DA:24,0
DA:25,0
DA:26,0
DA:27,0
DA:28,0
DA:29,0
DA:30,0
DA:31,0
DA:32,0
DA:33,0
DA:34,0
DA:35,0
DA:36,0
DA:37,0
DA:38,0
DA:39,0
DA:40,0
DA:41,0
DA:42,0
DA:43,0
DA:44,0
DA:45,0
DA:46,0
DA:47,0
DA:48,0
DA:49,0
DA:50,0
DA:51,0
DA:52,0
DA:53,0
DA:54,0
DA:55,0
DA:56,0
DA:57,0
DA:58,0
DA:59,0
DA:60,0
DA:61,0
DA:62,0
DA:63,0
DA:64,0
DA:65,0
DA:66,0
DA:67,0
DA:68,0
DA:69,0
DA:70,0
DA:71,0
DA:72,0
DA:73,0
DA:74,0
DA:75,0
DA:76,0
DA:77,0
DA:78,0
DA:79,0
DA:80,0
DA:81,0
DA:82,0
DA:83,0
DA:84,0
DA:85,0
DA:86,0
DA:87,0
DA:88,0
DA:89,0
DA:90,0
DA:91,0
DA:92,0
DA:93,0
DA:94,0
DA:95,0
DA:96,0
DA:97,0
DA:98,0
DA:99,0
DA:100,0
DA:101,0
DA:102,0
DA:103,0
DA:104,0
DA:105,0
DA:106,0
DA:107,0
DA:108,0
DA:109,0
DA:110,0
DA:111,0
DA:112,0
DA:113,0
DA:114,0
DA:115,0
DA:116,0
DA:117,0
DA:118,0
DA:119,0
DA:120,0
DA:121,0
DA:122,0
DA:123,0
DA:124,0
DA:125,0
DA:126,0
DA:127,0
DA:128,0
DA:129,0
DA:130,0
DA:131,0
DA:132,0
DA:133,0
DA:134,0
DA:135,0
DA:136,0
DA:137,0
DA:138,0
DA:139,0
DA:140,0
DA:141,0
DA:142,0
DA:143,0
DA:144,0
DA:145,0
DA:146,0
DA:147,0
DA:148,0
DA:149,0
DA:150,0
DA:151,0
DA:152,0
DA:153,0
DA:154,0
DA:155,0
DA:156,0
DA:157,0
DA:158,0
DA:159,0
DA:160,0
DA:161,0
DA:162,0
DA:163,0
DA:164,0
DA:165,0
DA:166,0
DA:167,0
DA:168,0
DA:169,0
DA:170,0
DA:171,0
DA:172,0
DA:173,0
DA:174,0
DA:175,0
DA:176,0
DA:177,0
DA:178,0
DA:179,0
DA:180,0
DA:181,0
DA:182,0
DA:183,0
DA:184,0
DA:185,0
DA:186,0
DA:187,0
DA:188,0
DA:189,0
DA:190,0
DA:191,0
DA:192,0
DA:193,0
DA:194,0
DA:195,0
DA:196,0
DA:197,0
DA:198,0
DA:199,0
DA:200,0
DA:201,0
DA:202,0
DA:203,0
DA:204,0
DA:205,0
DA:206,0
DA:207,0
DA:208,0
DA:209,0
DA:210,0
DA:211,0
DA:212,0
DA:213,0
DA:214,0
DA:215,0
DA:216,0
DA:217,0
DA:218,0
DA:219,0
DA:220,0
DA:221,7
DA:223,2
LF:219
LH:7
end_of_record
TN:
SF:shared/db/DAO/postgres/agents_deployments_links.ts
FNF:6
FNH:0
DA:1,66
DA:2,88
DA:3,88
DA:5,116
DA:6,220
DA:15,111
DA:17,83
DA:18,0
DA:19,0
DA:20,0
DA:21,0
DA:22,0
DA:23,0
DA:24,0
DA:25,0
DA:26,0
DA:27,0
DA:28,0
DA:29,0
DA:30,0
DA:31,0
DA:32,0
DA:33,0
DA:34,0
DA:35,0
DA:36,0
DA:37,0
DA:38,0
DA:39,0
DA:40,0
DA:41,0
DA:42,0
DA:43,0
DA:44,0
DA:45,0
DA:46,0
DA:47,0
DA:48,0
DA:49,0
DA:50,0
DA:51,0
DA:52,0
DA:53,0
DA:54,0
DA:55,0
DA:56,0
DA:57,0
DA:58,0
DA:59,0
DA:60,0
DA:61,0
DA:62,0
DA:63,0
DA:64,0
DA:65,0
DA:66,0
DA:67,0
DA:68,0
DA:69,0
DA:70,0
DA:71,0
DA:72,0
DA:73,0
DA:74,0
DA:75,0
DA:76,0
DA:77,0
DA:78,0
DA:79,0
DA:80,0
DA:81,0
DA:82,0
DA:83,0
DA:84,0
DA:85,0
DA:86,0
DA:87,0
DA:88,0
DA:89,0
DA:90,0
DA:91,0
DA:92,0
DA:93,0
DA:94,0
DA:95,0
DA:96,0
DA:97,0
DA:98,0
DA:99,0
DA:100,0
DA:101,0
DA:102,0
DA:103,0
DA:104,0
DA:105,0
DA:106,0
DA:107,0
DA:108,0
DA:109,0
DA:110,0
DA:111,0
DA:112,0
DA:113,0
DA:114,0
DA:115,0
DA:116,0
DA:117,0
DA:118,0
DA:119,0
DA:120,0
DA:121,0
DA:122,0
DA:123,0
DA:124,0
DA:125,0
DA:126,0
DA:127,0
DA:128,0
DA:129,0
DA:130,0
DA:131,0
DA:132,0
DA:133,0
DA:134,0
DA:135,0
DA:136,0
DA:137,0
DA:138,0
DA:139,0
DA:140,0
DA:141,0
DA:142,0
DA:143,0
DA:144,0
DA:145,0
DA:146,0
DA:147,0
DA:148,0
DA:149,0
DA:150,0
DA:151,0
DA:152,0
DA:153,0
DA:154,0
DA:155,0
DA:156,0
DA:157,0
DA:158,0
DA:159,0
DA:160,0
DA:161,0
DA:162,0
DA:163,0
DA:164,0
DA:165,0
DA:166,0
DA:167,0
DA:168,0
DA:169,0
DA:170,0
DA:171,0
DA:172,0
DA:173,0
DA:174,0
DA:175,0
DA:176,0
DA:177,0
DA:178,0
DA:179,0
DA:180,0
DA:181,0
DA:182,0
DA:183,0
DA:184,0
DA:185,0
DA:186,0
DA:187,0
DA:188,0
DA:189,0
DA:190,0
DA:191,0
DA:192,0
DA:193,0
DA:194,0
DA:195,0
DA:196,0
DA:197,0
DA:198,0
DA:199,0
DA:200,0
DA:201,0
DA:202,0
DA:203,0
DA:204,0
DA:205,0
DA:206,0
DA:207,0
DA:208,0
DA:209,0
DA:210,0
DA:211,0
DA:212,0
DA:213,0
DA:214,0
DA:215,0
DA:216,0
DA:217,0
DA:218,0
DA:219,0
DA:220,0
DA:221,0
DA:222,0
DA:223,0
DA:224,0
DA:225,0
DA:226,0
DA:227,0
DA:228,0
DA:229,0
DA:230,0
DA:231,0
DA:232,0
DA:233,0
DA:234,0
DA:235,0
DA:236,0
DA:237,0
DA:238,0
DA:239,0
DA:240,0
DA:241,0
DA:242,0
DA:243,0
DA:244,0
DA:245,0
DA:246,0
DA:247,0
DA:248,0
DA:249,0
DA:250,0
DA:251,0
DA:252,0
DA:253,0
DA:254,0
DA:255,0
DA:256,0
DA:257,0
DA:258,0
DA:259,0
DA:260,0
DA:261,0
DA:262,0
DA:263,0
DA:264,0
DA:265,0
DA:266,0
DA:267,0
DA:268,0
DA:269,0
DA:270,0
DA:271,0
DA:272,0
DA:273,0
DA:274,0
DA:275,0
DA:276,0
DA:277,0
DA:278,0
DA:279,0
DA:280,0
DA:281,0
DA:282,0
DA:283,0
DA:284,0
DA:285,0
DA:286,0
DA:287,0
DA:288,0
DA:289,0
DA:290,0
DA:291,0
DA:292,0
DA:293,0
DA:294,0
DA:295,0
DA:296,7
DA:298,2
LF:287
LH:9
end_of_record
TN:
SF:shared/db/DAO/postgres/api_key_tenant_link.ts
FNF:8
FNH:0
DA:1,76
DA:2,88
DA:4,116
DA:5,149
DA:8,89
DA:9,0
DA:10,0
DA:11,0
DA:12,0
DA:13,0
DA:14,0
DA:15,0
DA:16,0
DA:17,0
DA:18,0
DA:19,0
DA:20,0
DA:21,0
DA:22,0
DA:23,0
DA:24,0
DA:25,0
DA:26,0
DA:27,0
DA:28,0
DA:29,0
DA:30,0
DA:31,0
DA:32,0
DA:33,0
DA:34,0
DA:35,0
DA:36,0
DA:37,0
DA:38,0
DA:39,0
DA:40,0
DA:41,0
DA:42,0
DA:43,0
DA:44,0
DA:45,0
DA:46,0
DA:47,0
DA:48,0
DA:49,0
DA:50,0
DA:51,0
DA:52,0
DA:53,0
DA:54,0
DA:55,0
DA:56,0
DA:57,0
DA:58,0
DA:59,0
DA:60,0
DA:61,0
DA:62,0
DA:63,0
DA:64,0
DA:65,0
DA:66,0
DA:67,0
DA:68,0
DA:69,0
DA:70,0
DA:71,0
DA:72,0
DA:73,0
DA:74,0
DA:75,0
DA:76,0
DA:77,0
DA:78,0
DA:79,0
DA:80,0
DA:81,0
DA:82,0
DA:83,0
DA:84,0
DA:85,0
DA:86,0
DA:87,0
DA:88,0
DA:89,0
DA:90,0
DA:91,0
DA:92,0
DA:93,0
DA:94,0
DA:95,0
DA:96,0
DA:97,0
DA:98,0
DA:99,0
DA:100,0
DA:101,0
DA:102,0
DA:103,0
DA:104,0
DA:105,0
DA:106,0
DA:107,0
DA:108,0
DA:109,0
DA:110,0
DA:111,0
DA:112,0
DA:113,0
DA:114,0
DA:115,0
DA:116,0
DA:117,0
DA:118,0
DA:119,0
DA:120,0
DA:121,0
DA:122,0
DA:123,0
DA:124,0
DA:125,0
DA:126,0
DA:127,0
DA:128,0
DA:129,0
DA:130,0
DA:131,0
DA:132,0
DA:133,0
DA:134,0
DA:135,0
DA:136,0
DA:137,0
DA:138,0
DA:139,0
DA:140,0
DA:141,0
DA:142,0
DA:143,0
DA:144,0
DA:145,0
DA:146,0
DA:147,0
DA:148,0
DA:149,0
DA:150,0
DA:151,0
DA:152,0
DA:153,0
DA:154,0
DA:155,0
DA:156,0
DA:157,0
DA:158,0
DA:159,0
DA:160,0
DA:161,0
DA:162,0
DA:163,0
DA:164,0
DA:165,0
DA:166,0
DA:167,0
DA:168,0
DA:169,0
DA:170,0
DA:171,0
DA:172,0
DA:173,0
DA:174,0
DA:175,0
DA:176,0
DA:177,0
DA:178,0
DA:179,0
DA:180,0
DA:181,0
DA:182,0
DA:183,0
DA:184,0
DA:185,0
DA:186,0
DA:187,0
DA:188,0
DA:189,0
DA:190,0
DA:191,0
DA:192,0
DA:193,0
DA:194,0
DA:195,0
DA:196,0
DA:197,0
DA:198,0
DA:199,0
DA:200,0
DA:201,0
DA:202,0
DA:203,0
DA:204,0
DA:205,0
DA:206,0
DA:207,0
DA:208,0
DA:209,0
DA:210,0
DA:211,0
DA:212,0
DA:213,0
DA:214,0
DA:215,0
DA:216,0
DA:217,0
DA:218,0
DA:219,0
DA:220,0
DA:221,0
DA:222,7
DA:224,2
LF:220
LH:7
end_of_record
TN:
SF:shared/db/DAO/postgres/api_keys.ts
FNF:7
FNH:0
DA:1,66
DA:2,88
DA:4,116
DA:5,85
DA:8,67
DA:9,0
DA:10,0
DA:11,0
DA:12,0
DA:13,0
DA:14,0
DA:15,0
DA:16,0
DA:17,0
DA:18,0
DA:19,0
DA:20,0
DA:21,0
DA:22,0
DA:23,0
DA:24,0
DA:25,0
DA:26,0
DA:27,0
DA:28,0
DA:29,0
DA:30,0
DA:31,0
DA:32,0
DA:33,0
DA:34,0
DA:35,0
DA:36,0
DA:37,0
DA:38,0
DA:39,0
DA:40,0
DA:41,0
DA:42,0
DA:43,0
DA:44,0
DA:45,0
DA:46,0
DA:47,0
DA:48,0
DA:49,0
DA:50,0
DA:51,0
DA:52,0
DA:53,0
DA:54,0
DA:55,0
DA:56,0
DA:57,0
DA:58,0
DA:59,0
DA:60,0
DA:61,0
DA:62,0
DA:63,0
DA:64,0
DA:65,0
DA:66,0
DA:67,0
DA:68,0
DA:69,0
DA:70,0
DA:71,0
DA:72,0
DA:73,0
DA:74,0
DA:75,0
DA:76,0
DA:77,0
DA:78,0
DA:79,0
DA:80,0
DA:81,0
DA:82,0
DA:83,0
DA:84,0
DA:85,0
DA:86,0
DA:87,0
DA:88,0
DA:89,0
DA:90,0
DA:91,0
DA:92,0
DA:93,0
DA:94,0
DA:95,0
DA:96,0
DA:97,0
DA:98,0
DA:99,0
DA:100,0
DA:101,0
DA:102,0
DA:103,0
DA:104,0
DA:105,0
DA:106,0
DA:107,0
DA:108,0
DA:109,0
DA:110,0
DA:111,0
DA:112,0
DA:113,0
DA:114,0
DA:115,0
DA:116,0
DA:117,0
DA:118,0
DA:119,0
DA:120,0
DA:121,0
DA:122,0
DA:123,0
DA:124,0
DA:125,0
DA:126,0
DA:127,0
DA:128,30
DA:130,2
LF:126
LH:7
end_of_record
TN:
SF:shared/db/DAO/postgres/deployment.ts
FNF:7
FNH:0
DA:1,80
DA:2,88
DA:4,116
DA:5,143
DA:8,55
DA:9,0
DA:10,0
DA:11,0
DA:12,0
DA:13,0
DA:14,0
DA:15,0
DA:16,0
DA:17,0
DA:18,0
DA:19,0
DA:20,0
DA:21,0
DA:22,0
DA:23,0
DA:24,0
DA:25,0
DA:26,0
DA:27,0
DA:28,0
DA:29,0
DA:30,0
DA:31,0
DA:32,0
DA:33,0
DA:34,0
DA:35,0
DA:36,0
DA:37,0
DA:38,0
DA:39,0
DA:40,0
DA:41,0
DA:42,0
DA:43,0
DA:44,0
DA:45,0
DA:46,0
DA:47,0
DA:48,0
DA:49,0
DA:50,0
DA:51,0
DA:52,0
DA:53,0
DA:54,0
DA:55,0
DA:56,0
DA:57,0
DA:58,0
DA:59,0
DA:60,0
DA:61,0
DA:62,0
DA:63,0
DA:64,0
DA:65,0
DA:66,0
DA:67,0
DA:68,0
DA:69,0
DA:70,0
DA:71,0
DA:72,0
DA:73,0
DA:74,0
DA:75,0
DA:76,0
DA:77,0
DA:78,0
DA:79,0
DA:80,0
DA:81,0
DA:82,0
DA:83,0
DA:84,0
DA:85,0
DA:86,0
DA:87,0
DA:88,0
DA:89,0
DA:90,0
DA:91,0
DA:92,0
DA:93,0
DA:94,0
DA:95,0
DA:96,0
DA:97,0
DA:98,0
DA:99,0
DA:100,0
DA:101,0
DA:102,0
DA:103,0
DA:104,0
DA:105,0
DA:106,0
DA:107,0
DA:108,0
DA:109,0
DA:110,0
DA:111,0
DA:112,0
DA:113,0
DA:114,0
DA:115,0
DA:116,0
DA:117,0
DA:118,0
DA:119,0
DA:120,0
DA:121,0
DA:122,0
DA:123,0
DA:124,0
DA:125,0
DA:126,0
DA:127,0
DA:128,0
DA:129,0
DA:130,0
DA:131,0
DA:132,0
DA:133,0
DA:134,0
DA:135,0
DA:136,0
DA:137,0
DA:138,0
DA:139,0
DA:140,0
DA:141,0
DA:142,0
DA:143,0
DA:144,0
DA:145,0
DA:146,0
DA:147,0
DA:148,0
DA:149,0
DA:150,0
DA:151,0
DA:152,0
DA:153,0
DA:154,0
DA:155,0
DA:156,0
DA:157,0
DA:158,0
DA:159,0
DA:160,0
DA:161,0
DA:162,0
DA:163,0
DA:164,0
DA:165,0
DA:166,0
DA:167,0
DA:168,0
DA:169,0
DA:170,0
DA:171,0
DA:172,0
DA:173,0
DA:174,0
DA:175,0
DA:176,0
DA:177,0
DA:178,0
DA:179,0
DA:180,0
DA:181,0
DA:182,0
DA:183,0
DA:184,0
DA:185,0
DA:186,0
DA:187,0
DA:188,0
DA:189,0
DA:190,0
DA:191,0
DA:192,0
DA:193,0
DA:194,0
DA:195,0
DA:196,0
DA:197,0
DA:198,0
DA:199,0
DA:200,0
DA:201,0
DA:202,0
DA:203,0
DA:204,7
DA:206,2
LF:202
LH:7
end_of_record
TN:
SF:shared/db/DAO/postgres/deployment_keys.ts
FNF:8
FNH:0
DA:1,76
DA:2,88
DA:4,116
DA:5,117
DA:8,65
DA:9,0
DA:10,0
DA:11,0
DA:12,0
DA:13,0
DA:14,0
DA:15,0
DA:16,0
DA:17,0
DA:18,0
DA:19,0
DA:20,0
DA:21,0
DA:22,0
DA:23,0
DA:24,0
DA:25,0
DA:26,0
DA:27,0
DA:28,0
DA:29,0
DA:30,0
DA:31,0
DA:32,0
DA:33,0
DA:34,0
DA:35,0
DA:36,0
DA:37,0
DA:38,0
DA:39,0
DA:40,0
DA:41,0
DA:42,0
DA:43,0
DA:44,0
DA:45,0
DA:46,0
DA:47,0
DA:48,0
DA:49,0
DA:50,0
DA:51,0
DA:52,0
DA:53,0
DA:54,0
DA:55,0
DA:56,0
DA:57,0
DA:58,0
DA:59,0
DA:60,0
DA:61,0
DA:62,0
DA:63,0
DA:64,0
DA:65,0
DA:66,0
DA:67,0
DA:68,0
DA:69,0
DA:70,0
DA:71,0
DA:72,0
DA:73,0
DA:74,0
DA:75,0
DA:76,0
DA:77,0
DA:78,0
DA:79,0
DA:80,0
DA:81,0
DA:82,0
DA:83,0
DA:84,0
DA:85,0
DA:86,0
DA:87,0
DA:88,0
DA:89,0
DA:90,0
DA:91,0
DA:92,0
DA:93,0
DA:94,0
DA:95,0
DA:96,0
DA:97,0
DA:98,0
DA:99,0
DA:100,0
DA:101,0
DA:102,0
DA:103,0
DA:104,0
DA:105,0
DA:106,0
DA:107,0
DA:108,0
DA:109,0
DA:110,0
DA:111,0
DA:112,0
DA:113,0
DA:114,0
DA:115,0
DA:116,0
DA:117,0
DA:118,0
DA:119,0
DA:120,0
DA:121,0
DA:122,0
DA:123,0
DA:124,0
DA:125,0
DA:126,0
DA:127,0
DA:128,0
DA:129,0
DA:130,0
DA:131,0
DA:132,0
DA:133,0
DA:134,0
DA:135,0
DA:136,0
DA:137,0
DA:138,0
DA:139,0
DA:140,0
DA:141,0
DA:142,0
DA:143,0
DA:144,0
DA:145,0
DA:146,0
DA:147,0
DA:148,0
DA:149,0
DA:150,0
DA:151,0
DA:152,0
DA:153,0
DA:154,0
DA:155,0
DA:156,0
DA:157,0
DA:158,0
DA:159,0
DA:160,0
DA:161,0
DA:162,0
DA:163,0
DA:164,0
DA:165,0
DA:166,0
DA:167,0
DA:168,0
DA:169,0
DA:170,0
DA:171,0
DA:172,0
DA:173,0
DA:174,0
DA:175,0
DA:176,0
DA:177,0
DA:178,0
DA:179,0
DA:180,0
DA:181,0
DA:182,0
DA:183,0
DA:184,0
DA:185,0
DA:186,7
DA:188,2
LF:184
LH:7
end_of_record
TN:
SF:shared/db/DAO/postgres/derivation_tenant_links.ts
FNF:7
FNH:0
DA:1,94
DA:2,88
DA:4,116
DA:5,219
DA:14,95
DA:15,0
DA:16,0
DA:17,0
DA:18,0
DA:19,0
DA:20,0
DA:21,0
DA:22,0
DA:23,0
DA:24,0
DA:25,0
DA:26,0
DA:27,0
DA:28,0
DA:29,0
DA:30,0
DA:31,0
DA:32,0
DA:33,0
DA:34,0
DA:35,0
DA:36,0
DA:37,0
DA:38,0
DA:39,0
DA:40,0
DA:41,0
DA:42,0
DA:43,0
DA:44,0
DA:45,0
DA:46,0
DA:47,0
DA:48,0
DA:49,0
DA:50,0
DA:51,0
DA:52,0
DA:53,0
DA:54,0
DA:55,0
DA:56,0
DA:57,0
DA:58,0
DA:59,0
DA:60,0
DA:61,0
DA:62,0
DA:63,0
DA:64,0
DA:65,0
DA:66,0
DA:67,0
DA:68,0
DA:69,0
DA:70,0
DA:71,0
DA:72,0
DA:73,0
DA:74,0
DA:75,0
DA:76,0
DA:77,0
DA:78,0
DA:79,0
DA:80,0
DA:81,0
DA:82,0
DA:83,0
DA:84,0
DA:85,0
DA:86,0
DA:87,0
DA:88,0
DA:89,0
DA:90,0
DA:91,0
DA:92,0
DA:93,0
DA:94,0
DA:95,0
DA:96,0
DA:97,0
DA:98,0
DA:99,0
DA:100,0
DA:101,0
DA:102,0
DA:103,0
DA:104,0
DA:105,0
DA:106,0
DA:107,0
DA:108,0
DA:109,0
DA:110,0
DA:111,0
DA:112,0
DA:113,0
DA:114,0
DA:115,0
DA:116,0
DA:117,0
DA:118,0
DA:119,0
DA:120,0
DA:121,0
DA:122,0
DA:123,0
DA:124,0
DA:125,0
DA:126,0
DA:127,0
DA:128,0
DA:129,0
DA:130,0
DA:131,0
DA:132,0
DA:133,0
DA:134,0
DA:135,0
DA:136,0
DA:137,0
DA:138,0
DA:139,0
DA:140,0
DA:141,0
DA:142,0
DA:143,0
DA:144,0
DA:145,0
DA:146,0
DA:147,0
DA:148,0
DA:149,0
DA:150,0
DA:151,0
DA:152,0
DA:153,0
DA:154,0
DA:155,0
DA:156,0
DA:157,0
DA:158,0
DA:159,0
DA:160,0
DA:161,0
DA:162,0
DA:163,0
DA:164,0
DA:165,0
DA:166,0
DA:167,0
DA:168,0
DA:169,0
DA:170,0
DA:171,0
DA:172,0
DA:173,0
DA:174,0
DA:175,0
DA:176,0
DA:177,0
DA:178,0
DA:179,0
DA:180,0
DA:181,0
DA:182,0
DA:183,0
DA:184,0
DA:185,0
DA:186,0
DA:187,0
DA:188,0
DA:189,0
DA:190,0
DA:191,0
DA:192,0
DA:193,0
DA:194,0
DA:195,0
DA:196,0
DA:197,0
DA:198,0
DA:199,0
DA:200,0
DA:201,0
DA:202,0
DA:203,0
DA:204,0
DA:205,0
DA:206,0
DA:207,0
DA:208,0
DA:209,0
DA:210,0
DA:211,0
DA:212,0
DA:213,0
DA:214,0
DA:215,0
DA:216,0
DA:217,0
DA:218,0
DA:219,0
DA:220,0
DA:221,0
DA:222,0
DA:223,0
DA:224,0
DA:225,0
DA:226,0
DA:227,0
DA:228,0
DA:229,0
DA:230,0
DA:231,0
DA:232,0
DA:233,0
DA:234,0
DA:235,0
DA:236,0
DA:237,0
DA:238,0
DA:239,0
DA:240,0
DA:241,0
DA:242,0
DA:243,0
DA:244,0
DA:245,0
DA:246,0
DA:247,0
DA:248,0
DA:249,0
DA:250,0
DA:251,0
DA:252,0
DA:253,0
DA:254,0
DA:255,0
DA:256,0
DA:257,0
DA:258,0
DA:259,0
DA:260,0
DA:261,0
DA:262,0
DA:263,0
DA:264,0
DA:265,0
DA:266,0
DA:267,0
DA:268,0
DA:269,0
DA:270,0
DA:271,0
DA:272,0
DA:273,0
DA:274,0
DA:275,0
DA:276,0
DA:277,0
DA:278,0
DA:279,0
DA:280,0
DA:281,0
DA:282,0
DA:283,0
DA:284,0
DA:285,0
DA:286,0
DA:287,0
DA:288,0
DA:289,0
DA:290,0
DA:291,0
DA:292,0
DA:293,0
DA:294,0
DA:295,0
DA:296,0
DA:297,0
DA:298,0
DA:299,0
DA:300,0
DA:301,0
DA:302,0
DA:303,0
DA:304,0
DA:305,0
DA:306,23
DA:308,2
LF:298
LH:7
end_of_record
TN:
SF:shared/db/DAO/postgres/derivations.ts
FNF:6
FNH:0
DA:1,66
DA:2,88
DA:4,116
DA:5,139
DA:8,73
DA:9,0
DA:10,0
DA:11,0
DA:12,0
DA:13,0
DA:14,0
DA:15,0
DA:16,0
DA:17,0
DA:18,0
DA:19,0
DA:20,0
DA:21,0
DA:22,0
DA:23,0
DA:24,0
DA:25,0
DA:26,0
DA:27,0
DA:28,0
DA:29,0
DA:30,0
DA:31,0
DA:32,0
DA:33,0
DA:34,0
DA:35,0
DA:36,0
DA:37,0
DA:38,0
DA:39,0
DA:40,0
DA:41,0
DA:42,0
DA:43,0
DA:44,0
DA:45,0
DA:46,0
DA:47,0
DA:48,0
DA:49,0
DA:50,0
DA:51,0
DA:52,0
DA:53,0
DA:54,0
DA:55,0
DA:56,0
DA:57,0
DA:58,0
DA:59,0
DA:60,0
DA:61,0
DA:62,0
DA:63,0
DA:64,0
DA:65,0
DA:66,0
DA:67,0
DA:68,0
DA:69,0
DA:70,0
DA:71,0
DA:72,0
DA:73,0
DA:74,0
DA:75,0
DA:76,0
DA:77,0
DA:78,0
DA:79,0
DA:80,0
DA:81,0
DA:82,0
DA:83,0
DA:84,0
DA:85,0
DA:86,0
DA:87,0
DA:88,0
DA:89,0
DA:90,0
DA:91,0
DA:92,0
DA:93,0
DA:94,0
DA:95,0
DA:96,0
DA:97,0
DA:98,0
DA:99,0
DA:100,0
DA:101,0
DA:102,0
DA:103,0
DA:104,0
DA:105,0
DA:106,0
DA:107,0
DA:108,0
DA:109,0
DA:110,0
DA:111,0
DA:112,0
DA:113,0
DA:114,0
DA:115,0
DA:116,0
DA:117,0
DA:118,0
DA:119,0
DA:120,0
DA:121,0
DA:122,0
DA:123,0
DA:124,0
DA:125,0
DA:126,0
DA:127,0
DA:128,0
DA:129,0
DA:130,0
DA:131,0
DA:132,0
DA:133,0
DA:134,0
DA:135,0
DA:136,0
DA:137,0
DA:138,0
DA:139,0
DA:140,0
DA:141,0
DA:142,0
DA:143,0
DA:144,0
DA:145,0
DA:146,0
DA:147,0
DA:148,0
DA:149,0
DA:150,0
DA:151,0
DA:152,0
DA:153,0
DA:154,0
DA:155,0
DA:156,0
DA:157,0
DA:158,0
DA:159,0
DA:160,0
DA:161,0
DA:162,0
DA:163,0
DA:164,0
DA:165,0
DA:166,0
DA:167,0
DA:168,0
DA:169,0
DA:170,0
DA:171,0
DA:172,0
DA:173,0
DA:174,0
DA:175,0
DA:176,0
DA:177,0
DA:178,0
DA:179,0
DA:180,0
DA:181,0
DA:182,0
DA:183,0
DA:184,0
DA:185,0
DA:186,0
DA:187,0
DA:188,0
DA:189,0
DA:190,0
DA:191,0
DA:192,0
DA:193,0
DA:194,0
DA:195,0
DA:196,0
DA:197,0
DA:198,0
DA:199,0
DA:200,0
DA:201,0
DA:202,0
DA:203,0
DA:204,0
DA:205,0
DA:206,0
DA:207,0
DA:208,0
DA:209,0
DA:210,0
DA:211,0
DA:212,0
DA:213,0
DA:214,0
DA:215,0
DA:216,0
DA:217,0
DA:218,0
DA:219,0
DA:220,0
DA:221,0
DA:222,0
DA:223,0
DA:224,0
DA:225,0
DA:226,0
DA:227,0
DA:228,0
DA:229,0
DA:230,0
DA:231,0
DA:232,0
DA:233,0
DA:234,0
DA:235,0
DA:236,0
DA:237,0
DA:238,0
DA:239,0
DA:240,0
DA:241,0
DA:242,7
DA:244,2
LF:240
LH:7
end_of_record
TN:
SF:shared/db/DAO/postgres/requests.ts
FNF:9
FNH:0
DA:1,78
DA:2,88
DA:4,116
DA:5,85
DA:8,67
DA:9,0
DA:10,0
DA:11,0
DA:12,0
DA:13,0
DA:14,0
DA:15,0
DA:16,0
DA:17,0
DA:18,0
DA:19,0
DA:20,0
DA:21,0
DA:22,0
DA:23,0
DA:24,0
DA:25,0
DA:26,0
DA:27,0
DA:28,0
DA:29,0
DA:30,0
DA:31,0
DA:32,0
DA:33,0
DA:34,0
DA:35,0
DA:36,0
DA:37,0
DA:38,0
DA:39,0
DA:40,0
DA:41,0
DA:42,0
DA:43,0
DA:44,0
DA:45,0
DA:46,0
DA:47,0
DA:48,0
DA:49,0
DA:50,0
DA:51,0
DA:52,0
DA:53,0
DA:54,0
DA:55,0
DA:56,0
DA:57,0
DA:58,0
DA:59,0
DA:60,0
DA:61,0
DA:62,0
DA:63,0
DA:64,0
DA:65,0
DA:66,0
DA:67,0
DA:68,0
DA:69,0
DA:70,0
DA:71,0
DA:72,0
DA:73,0
DA:74,0
DA:75,0
DA:76,0
DA:77,0
DA:78,0
DA:79,0
DA:80,0
DA:81,0
DA:82,0
DA:83,0
DA:84,0
DA:85,0
DA:86,0
DA:87,0
DA:88,0
DA:89,0
DA:90,0
DA:91,0
DA:92,0
DA:93,0
DA:94,0
DA:95,0
DA:96,0
DA:97,0
DA:98,0
DA:99,0
DA:100,0
DA:101,0
DA:102,0
DA:103,0
DA:104,0
DA:105,0
DA:106,0
DA:107,0
DA:108,0
DA:109,0
DA:110,0
DA:111,0
DA:112,0
DA:113,0
DA:114,0
DA:115,0
DA:116,0
DA:117,0
DA:118,0
DA:119,0
DA:120,0
DA:121,0
DA:122,0
DA:123,0
DA:124,0
DA:125,0
DA:126,0
DA:127,0
DA:128,0
DA:129,0
DA:130,0
DA:131,0
DA:132,0
DA:133,0
DA:134,0
DA:135,0
DA:136,0
DA:137,30
DA:139,2
LF:135
LH:7
end_of_record
TN:
SF:shared/db/DAO/postgres/signing_keys.ts
FNF:8
FNH:0
DA:1,66
DA:2,88
DA:4,116
DA:5,159
DA:7,75
DA:8,0
DA:9,0
DA:10,0
DA:11,0
DA:12,0
DA:13,0
DA:14,0
DA:15,0
DA:16,0
DA:17,0
DA:18,0
DA:19,0
DA:20,0
DA:21,0
DA:22,0
DA:23,0
DA:24,0
DA:25,0
DA:26,0
DA:27,0
DA:28,0
DA:29,0
DA:30,0
DA:31,0
DA:32,0
DA:33,0
DA:34,0
DA:35,0
DA:36,0
DA:37,0
DA:38,0
DA:39,0
DA:40,0
DA:41,0
DA:42,0
DA:43,0
DA:44,0
DA:45,0
DA:46,0
DA:47,0
DA:48,0
DA:49,0
DA:50,0
DA:51,0
DA:52,0
DA:53,0
DA:54,0
DA:55,0
DA:56,0
DA:57,0
DA:58,0
DA:59,0
DA:60,0
DA:61,0
DA:62,0
DA:63,0
DA:64,0
DA:65,0
DA:66,0
DA:67,0
DA:68,0
DA:69,0
DA:70,0
DA:71,0
DA:72,0
DA:73,0
DA:74,0
DA:75,0
DA:76,0
DA:77,0
DA:78,0
DA:79,0
DA:80,0
DA:81,0
DA:82,0
DA:83,0
DA:84,0
DA:85,0
DA:86,0
DA:87,0
DA:88,0
DA:89,0
DA:90,0
DA:91,0
DA:92,0
DA:93,0
DA:94,0
DA:95,0
DA:96,0
DA:97,0
DA:98,0
DA:99,0
DA:100,0
DA:101,0
DA:102,0
DA:103,0
DA:104,0
DA:105,0
DA:106,0
DA:107,0
DA:108,0
DA:109,0
DA:110,0
DA:111,0
DA:112,0
DA:113,0
DA:114,0
DA:115,0
DA:116,0
DA:117,0
DA:118,0
DA:119,0
DA:120,0
DA:121,0
DA:122,0
DA:123,0
DA:124,0
DA:125,0
DA:126,0
DA:127,0
DA:128,0
DA:129,0
DA:130,0
DA:131,0
DA:132,0
DA:133,0
DA:134,0
DA:135,0
DA:136,0
DA:137,0
DA:138,0
DA:139,0
DA:140,0
DA:141,0
DA:142,0
DA:143,0
DA:144,0
DA:145,0
DA:146,0
DA:147,0
DA:148,0
DA:149,0
DA:150,0
DA:151,0
DA:152,0
DA:153,0
DA:154,0
DA:155,0
DA:156,0
DA:157,0
DA:158,0
DA:159,0
DA:160,0
DA:161,0
DA:162,0
DA:163,0
DA:164,0
DA:165,0
DA:166,0
DA:167,0
DA:168,0
DA:169,0
DA:170,0
DA:171,0
DA:172,0
DA:173,0
DA:174,0
DA:175,0
DA:176,0
DA:177,0
DA:178,0
DA:179,0
DA:180,0
DA:181,0
DA:182,0
DA:183,0
DA:184,0
DA:185,0
DA:186,0
DA:187,0
DA:188,0
DA:189,0
DA:190,0
DA:191,0
DA:192,0
DA:193,0
DA:194,0
DA:195,0
DA:196,0
DA:197,0
DA:198,0
DA:199,0
DA:200,0
DA:201,0
DA:202,0
DA:203,0
DA:204,0
DA:205,0
DA:206,0
DA:207,0
DA:208,0
DA:209,0
DA:210,0
DA:211,7
DA:213,2
LF:210
LH:7
end_of_record
TN:
SF:shared/db/DAO/postgres/tenants.ts
FNF:7
FNH:0
DA:1,66
DA:2,88
DA:4,100
DA:5,116
DA:6,84
DA:8,93
DA:14,65
DA:15,0
DA:16,0
DA:17,0
DA:18,0
DA:19,0
DA:20,0
DA:21,0
DA:22,0
DA:23,0
DA:24,0
DA:25,0
DA:26,0
DA:27,0
DA:28,0
DA:29,0
DA:30,0
DA:31,0
DA:32,0
DA:33,0
DA:34,0
DA:35,0
DA:36,0
DA:37,0
DA:38,0
DA:39,0
DA:40,0
DA:41,0
DA:42,0
DA:43,0
DA:44,0
DA:45,0
DA:46,0
DA:47,0
DA:48,0
DA:49,0
DA:50,0
DA:51,0
DA:52,0
DA:53,0
DA:54,0
DA:55,0
DA:56,0
DA:57,0
DA:58,0
DA:59,0
DA:60,0
DA:61,0
DA:62,0
DA:63,0
DA:64,0
DA:65,0
DA:66,0
DA:67,0
DA:68,0
DA:69,0
DA:70,0
DA:71,0
DA:72,0
DA:73,0
DA:74,0
DA:75,0
DA:76,0
DA:77,0
DA:78,0
DA:79,0
DA:80,0
DA:81,0
DA:82,0
DA:83,0
DA:84,0
DA:85,0
DA:86,0
DA:87,0
DA:88,0
DA:89,0
DA:90,0
DA:91,0
DA:92,0
DA:93,0
DA:94,0
DA:95,0
DA:96,0
DA:97,0
DA:98,0
DA:99,0
DA:100,0
DA:101,0
DA:102,0
DA:103,0
DA:104,0
DA:105,0
DA:106,0
DA:107,0
DA:108,0
DA:109,0
DA:110,0
DA:111,0
DA:112,0
DA:113,0
DA:114,0
DA:115,0
DA:116,0
DA:117,0
DA:118,0
DA:119,0
DA:120,0
DA:121,0
DA:122,0
DA:123,0
DA:124,0
DA:125,0
DA:126,0
DA:127,0
DA:128,0
DA:129,0
DA:130,0
DA:131,0
DA:132,0
DA:133,0
DA:134,0
DA:135,0
DA:136,0
DA:137,0
DA:138,0
DA:139,0
DA:140,28
DA:142,2
LF:134
LH:9
end_of_record
TN:
SF:shared/db/DAO/postgres/uploads.ts
FNF:7
FNH:0
DA:1,66
DA:2,88
DA:4,116
DA:5,121
DA:8,49
DA:9,0
DA:10,0
DA:11,0
DA:12,0
DA:13,0
DA:14,0
DA:15,0
DA:16,0
DA:17,0
DA:18,0
DA:19,0
DA:20,0
DA:21,0
DA:22,0
DA:23,0
DA:24,0
DA:25,0
DA:26,0
DA:27,0
DA:28,0
DA:29,0
DA:30,0
DA:31,0
DA:32,0
DA:33,0
DA:34,0
DA:35,0
DA:36,0
DA:37,0
DA:38,0
DA:39,0
DA:40,0
DA:41,0
DA:42,0
DA:43,0
DA:44,0
DA:45,0
DA:46,0
DA:47,0
DA:48,0
DA:49,0
DA:50,0
DA:51,0
DA:52,0
DA:53,0
DA:54,0
DA:55,0
DA:56,0
DA:57,0
DA:58,0
DA:59,0
DA:60,0
DA:61,0
DA:62,0
DA:63,0
DA:64,0
DA:65,0
DA:66,0
DA:67,0
DA:68,0
DA:69,0
DA:70,0
DA:71,0
DA:72,0
DA:73,0
DA:74,0
DA:75,0
DA:76,0
DA:77,0
DA:78,0
DA:79,0
DA:80,0
DA:81,0
DA:82,0
DA:83,0
DA:84,0
DA:85,0
DA:86,0
DA:87,0
DA:88,0
DA:89,0
DA:90,0
DA:91,0
DA:92,0
DA:93,0
DA:94,0
DA:95,0
DA:96,0
DA:97,0
DA:98,0
DA:99,0
DA:100,0
DA:101,0
DA:102,0
DA:103,0
DA:104,0
DA:105,0
DA:106,0
DA:107,0
DA:108,0
DA:109,0
DA:110,0
DA:111,0
DA:112,0
DA:113,0
DA:114,0
DA:115,0
DA:116,0
DA:117,0
DA:118,0
DA:119,0
DA:120,0
DA:121,0
DA:122,0
DA:123,0
DA:124,0
DA:125,0
DA:126,0
DA:127,0
DA:128,0
DA:129,0
DA:130,0
DA:131,0
DA:132,0
DA:133,0
DA:134,0
DA:135,0
DA:136,0
DA:137,0
DA:138,0
DA:139,0
DA:140,0
DA:141,0
DA:142,0
DA:143,0
DA:144,0
DA:145,0
DA:146,0
DA:147,0
DA:148,0
DA:149,0
DA:150,0
DA:151,0
DA:152,0
DA:153,0
DA:154,0
DA:155,0
DA:156,0
DA:157,0
DA:158,0
DA:159,0
DA:160,0
DA:161,0
DA:162,0
DA:163,0
DA:164,0
DA:165,0
DA:166,0
DA:167,0
DA:168,0
DA:169,0
DA:170,0
DA:171,0
DA:172,0
DA:173,7
DA:175,2
LF:171
LH:7
end_of_record
TN:
SF:shared/db/DAO/request.ts
FNF:15
FNH:11
DA:1,82
DA:4,56
DA:5,104
DA:6,95
DA:7,33
DA:8,35
DA:9,42
DA:10,77
DA:11,78
DA:12,9
DA:13,74
DA:14,41
DA:15,9
DA:17,44
DA:18,13
DA:19,82
DA:20,8
DA:21,16
DA:22,82
DA:23,6
DA:24,9
DA:25,46
DA:26,12
DA:34,30
DA:35,0
DA:36,0
DA:37,0
DA:38,0
DA:39,0
DA:40,0
DA:41,0
DA:42,0
DA:43,0
DA:44,0
DA:45,0
DA:46,0
DA:47,0
DA:48,0
DA:49,0
DA:50,0
DA:51,0
DA:52,45
DA:60,53
DA:61,121
DA:69,55
DA:70,100
DA:78,46
DA:79,0
DA:80,0
DA:81,0
DA:82,0
DA:83,0
DA:84,0
DA:85,0
DA:86,0
DA:87,0
DA:88,46
DA:97,30
DA:98,75
DA:100,2
LF:60
LH:34
end_of_record
TN:
SF:shared/db/DAO/signing_keys.ts
FNF:13
FNH:9
DA:1,82
DA:4,56
DA:5,120
DA:6,111
DA:8,41
DA:9,35
DA:10,42
DA:11,77
DA:12,86
DA:13,9
DA:14,74
DA:15,45
DA:16,9
DA:18,44
DA:19,13
DA:20,86
DA:21,8
DA:22,16
DA:23,86
DA:24,6
DA:25,9
DA:27,46
DA:28,12
DA:35,30
DA:36,0
DA:37,0
DA:38,0
DA:39,0
DA:40,0
DA:41,0
DA:42,0
DA:43,0
DA:44,42
DA:52,41
DA:53,0
DA:54,0
DA:55,0
DA:56,0
DA:57,0
DA:58,0
DA:59,0
DA:60,0
DA:61,0
DA:62,0
DA:63,45
DA:71,45
DA:72,101
DA:80,40
DA:81,0
DA:82,0
DA:83,0
DA:84,0
DA:85,0
DA:86,0
DA:87,0
DA:88,0
DA:89,0
DA:90,0
DA:91,45
DA:93,2
LF:60
LH:32
end_of_record
TN:
SF:shared/db/DAO/sqlite/access_rules.ts
FNF:12
FNH:6
DA:1,106
DA:2,88
DA:4,114
DA:5,108
DA:6,119
DA:8,71
DA:9,78
DA:17,30
DA:18,116
DA:19,52
DA:20,42
DA:21,38
DA:22,26
DA:23,78
DA:24,38
DA:25,6
DA:26,36
DA:27,94
DA:28,13
DA:29,110
DA:30,10
DA:31,16
DA:32,94
DA:33,8
DA:34,13
DA:36,32
DA:37,32
DA:38,56
DA:39,56
DA:40,80
DA:41,80
DA:42,72
DA:43,72
DA:44,80
DA:45,58
DA:46,6
DA:47,38
DA:48,120
DA:49,91
DA:50,12
DA:52,42
DA:53,13
DA:54,110
DA:55,8
DA:56,16
DA:57,94
DA:58,6
DA:59,9
DA:60,0
DA:61,0
DA:62,0
DA:63,0
DA:64,0
DA:65,0
DA:66,0
DA:67,0
DA:68,0
DA:69,0
DA:70,0
DA:71,0
DA:72,0
DA:73,0
DA:74,0
DA:75,0
DA:76,0
DA:77,0
DA:78,0
DA:79,0
DA:80,0
DA:81,0
DA:82,0
DA:83,0
DA:84,0
DA:85,0
DA:86,0
DA:87,0
DA:88,0
DA:89,0
DA:90,0
DA:91,0
DA:92,0
DA:93,0
DA:94,0
DA:95,0
DA:96,0
DA:97,0
DA:98,0
DA:99,0
DA:100,0
DA:101,0
DA:102,0
DA:103,0
DA:104,0
DA:105,0
DA:106,0
DA:107,0
DA:108,0
DA:109,0
DA:110,0
DA:111,0
DA:112,0
DA:113,0
DA:114,0
DA:115,0
DA:116,0
DA:117,0
DA:118,0
DA:119,29
DA:128,65
DA:129,96
DA:130,60
DA:131,28
DA:132,52
DA:133,52
DA:134,76
DA:135,76
DA:136,68
DA:137,68
DA:138,76
DA:139,54
DA:140,6
DA:141,38
DA:142,120
DA:143,12
DA:144,8
DA:145,64
DA:146,60
DA:147,76
DA:148,2
DA:149,4
DA:150,72
DA:152,26
DA:153,0
DA:154,0
DA:155,0
DA:156,0
DA:157,0
DA:158,0
DA:159,0
DA:160,0
DA:161,0
DA:162,0
DA:163,0
DA:164,0
DA:165,0
DA:166,0
DA:167,0
DA:168,0
DA:169,0
DA:170,0
DA:171,0
DA:172,0
DA:173,0
DA:174,0
DA:175,0
DA:176,0
DA:177,0
DA:178,0
DA:179,0
DA:180,0
DA:181,0
DA:182,0
DA:183,0
DA:184,0
DA:185,0
DA:186,0
DA:187,0
DA:188,0
DA:189,0
DA:190,0
DA:191,0
DA:192,0
DA:193,0
DA:194,0
DA:195,0
DA:196,0
DA:197,0
DA:198,0
DA:199,0
DA:200,0
DA:201,0
DA:202,0
DA:203,0
DA:204,0
DA:205,0
DA:206,0
DA:207,0
DA:208,0
DA:209,0
DA:210,0
DA:211,0
DA:212,0
DA:213,0
DA:214,0
DA:215,0
DA:216,0
DA:217,0
DA:218,0
DA:219,0
DA:220,0
DA:221,0
DA:222,0
DA:223,0
DA:224,0
DA:225,0
DA:226,0
DA:227,0
DA:228,0
DA:229,0
DA:230,0
DA:231,0
DA:232,0
DA:233,0
DA:234,0
DA:235,0
DA:236,0
DA:237,0
DA:238,0
DA:239,22
DA:241,2
LF:220
LH:75
end_of_record
TN:
SF:shared/db/DAO/sqlite/agent.ts
FNF:18
FNH:14
DA:1,76
DA:2,88
DA:4,108
DA:5,141
DA:8,41
DA:9,78
DA:11,30
DA:12,100
DA:13,68
DA:14,30
DA:15,38
DA:16,26
DA:17,44
DA:18,78
DA:19,84
DA:20,6
DA:21,36
DA:23,60
DA:24,13
DA:25,114
DA:26,10
DA:27,16
DA:28,114
DA:29,8
DA:30,13
DA:32,32
DA:33,32
DA:34,44
DA:35,56
DA:36,72
DA:37,64
DA:38,44
DA:39,72
DA:40,52
DA:41,72
DA:42,6
DA:43,26
DA:44,108
DA:45,146
DA:46,90
DA:47,51
DA:48,42
DA:49,13
DA:50,104
DA:51,12
DA:52,16
DA:53,104
DA:54,10
DA:55,17
DA:56,42
DA:57,40
DA:58,54
DA:59,62
DA:60,72
DA:61,84
DA:62,18
DA:63,10
DA:64,9
DA:65,0
DA:66,0
DA:67,0
DA:68,0
DA:69,0
DA:70,0
DA:71,0
DA:72,0
DA:73,0
DA:74,0
DA:75,0
DA:76,0
DA:77,0
DA:78,0
DA:79,0
DA:80,0
DA:81,0
DA:82,0
DA:83,0
DA:84,0
DA:85,0
DA:86,0
DA:87,0
DA:88,0
DA:89,0
DA:90,0
DA:91,0
DA:92,0
DA:93,0
DA:94,0
DA:95,0
DA:96,0
DA:97,0
DA:98,0
DA:99,0
DA:100,0
DA:101,0
DA:102,0
DA:103,0
DA:104,0
DA:105,0
DA:106,0
DA:107,0
DA:108,0
DA:109,0
DA:110,0
DA:111,0
DA:112,0
DA:113,0
DA:114,0
DA:115,0
DA:116,0
DA:117,0
DA:118,0
DA:119,0
DA:120,0
DA:121,0
DA:122,0
DA:123,0
DA:124,13
DA:127,70
DA:128,42
DA:129,28
DA:130,40
DA:131,52
DA:132,68
DA:133,60
DA:134,40
DA:135,68
DA:136,48
DA:137,68
DA:138,6
DA:139,26
DA:140,108
DA:141,146
DA:142,128
DA:144,47
DA:145,79
DA:146,42
DA:147,36
DA:148,50
DA:149,62
DA:150,68
DA:151,80
DA:152,18
DA:153,10
DA:154,8
DA:155,0
DA:156,0
DA:157,0
DA:158,0
DA:159,70
DA:162,30
DA:163,100
DA:164,50
DA:165,30
DA:166,26
DA:167,78
DA:168,68
DA:169,60
DA:170,40
DA:171,68
DA:172,48
DA:173,84
DA:174,6
DA:175,60
DA:176,36
DA:178,42
DA:179,13
DA:180,109
DA:181,10
DA:182,16
DA:183,109
DA:184,8
DA:185,13
DA:187,32
DA:188,32
DA:189,44
DA:190,56
DA:191,72
DA:192,64
DA:193,44
DA:194,72
DA:195,52
DA:196,72
DA:197,6
DA:198,26
DA:199,108
DA:200,146
DA:201,60
DA:202,51
DA:203,42
DA:204,13
DA:205,109
DA:206,12
DA:207,16
DA:208,109
DA:209,10
DA:210,17
DA:212,42
DA:213,40
DA:214,54
DA:215,62
DA:216,72
DA:217,84
DA:218,18
DA:219,10
DA:220,9
DA:221,9
DA:223,2
LF:208
LH:145
end_of_record
TN:
SF:shared/db/DAO/sqlite/agents_deployments_links.ts
FNF:12
FNH:8
DA:1,66
DA:2,96
DA:3,88
DA:5,108
DA:6,228
DA:15,111
DA:17,79
DA:18,78
DA:19,30
DA:20,100
DA:21,50
DA:22,66
DA:23,38
DA:24,26
DA:25,44
DA:26,94
DA:27,68
DA:28,6
DA:29,36
DA:31,42
DA:32,13
DA:33,148
DA:34,10
DA:35,16
DA:36,148
DA:37,8
DA:38,13
DA:41,32
DA:42,32
DA:43,80
DA:44,72
DA:45,52
DA:46,84
DA:47,112
DA:48,116
DA:49,112
DA:50,120
DA:51,48
DA:52,82
DA:53,62
DA:54,90
DA:55,6
DA:56,62
DA:57,138
DA:58,168
DA:59,146
DA:60,126
DA:61,108
DA:62,108
DA:63,51
DA:64,42
DA:65,13
DA:66,148
DA:67,12
DA:68,16
DA:69,148
DA:70,10
DA:71,17
DA:72,36
DA:73,54
DA:74,64
DA:75,74
DA:76,82
DA:77,56
DA:78,80
DA:79,80
DA:80,22
DA:81,24
DA:82,54
DA:83,64
DA:84,78
DA:85,82
DA:86,66
DA:87,70
DA:88,80
DA:89,22
DA:90,24
DA:91,58
DA:92,86
DA:93,90
DA:94,86
DA:95,94
DA:96,64
DA:97,10
DA:98,9
DA:99,0
DA:100,0
DA:101,0
DA:102,0
DA:103,0
DA:104,0
DA:105,0
DA:106,0
DA:107,0
DA:108,0
DA:109,0
DA:110,0
DA:111,0
DA:112,0
DA:113,0
DA:114,0
DA:115,0
DA:116,0
DA:117,0
DA:118,0
DA:119,0
DA:120,0
DA:121,0
DA:122,0
DA:123,0
DA:124,0
DA:125,0
DA:126,0
DA:127,0
DA:128,0
DA:129,0
DA:130,0
DA:131,0
DA:132,0
DA:133,0
DA:134,0
DA:135,0
DA:136,0
DA:137,0
DA:138,0
DA:139,0
DA:140,0
DA:141,0
DA:142,0
DA:143,0
DA:144,0
DA:145,0
DA:146,0
DA:147,0
DA:148,0
DA:149,0
DA:150,0
DA:151,0
DA:152,13
DA:155,27
DA:156,42
DA:157,28
DA:158,76
DA:159,68
DA:160,48
DA:161,80
DA:162,108
DA:163,112
DA:164,116
DA:165,108
DA:166,78
DA:167,58
DA:168,44
DA:169,86
DA:170,6
DA:171,62
DA:172,138
DA:173,168
DA:174,146
DA:175,126
DA:176,108
DA:177,86
DA:178,41
DA:179,43
DA:180,29
DA:181,13
DA:182,58
DA:183,32
DA:184,46
DA:185,60
DA:186,66
DA:187,74
DA:188,52
DA:189,72
DA:190,72
DA:191,18
DA:192,20
DA:193,50
DA:194,56
DA:195,74
DA:196,62
DA:197,62
DA:198,72
DA:199,18
DA:200,20
DA:201,50
DA:202,78
DA:203,82
DA:204,78
DA:205,86
DA:206,56
DA:207,8
DA:208,0
DA:209,0
DA:210,0
DA:211,0
DA:212,0
DA:213,0
DA:214,0
DA:215,0
DA:216,0
DA:217,0
DA:218,0
DA:219,0
DA:220,0
DA:221,0
DA:222,0
DA:223,0
DA:224,0
DA:225,0
DA:226,0
DA:227,0
DA:228,0
DA:229,0
DA:230,0
DA:231,0
DA:232,0
DA:233,0
DA:234,0
DA:235,0
DA:236,0
DA:237,0
DA:238,0
DA:239,0
DA:240,0
DA:241,0
DA:242,0
DA:243,0
DA:244,0
DA:245,0
DA:246,0
DA:247,0
DA:248,0
DA:249,0
DA:250,0
DA:251,0
DA:252,0
DA:253,0
DA:254,0
DA:255,0
DA:256,0
DA:257,0
DA:258,0
DA:259,0
DA:260,0
DA:261,0
DA:262,0
DA:263,0
DA:264,0
DA:265,0
DA:266,0
DA:267,0
DA:268,0
DA:269,0
DA:270,0
DA:271,0
DA:272,0
DA:273,0
DA:274,0
DA:275,0
DA:276,0
DA:277,0
DA:278,0
DA:279,0
DA:280,0
DA:281,0
DA:282,0
DA:283,0
DA:284,0
DA:285,0
DA:286,0
DA:287,0
DA:288,0
DA:289,0
DA:290,0
DA:291,0
DA:292,0
DA:293,0
DA:294,0
DA:295,0
DA:296,7
DA:298,2
LF:282
LH:141
end_of_record
TN:
SF:shared/db/DAO/sqlite/api_key_tenant_link.ts
FNF:12
FNH:6
DA:1,76
DA:2,88
DA:4,108
DA:5,157
DA:8,85
DA:9,78
DA:17,30
DA:18,100
DA:19,56
DA:20,60
DA:21,32
DA:22,78
DA:23,76
DA:24,6
DA:25,36
DA:27,106
DA:28,13
DA:29,174
DA:30,10
DA:31,16
DA:32,174
DA:33,8
DA:34,13
DA:36,54
DA:37,32
DA:38,74
DA:39,56
DA:40,54
DA:41,6
DA:42,56
DA:43,144
DA:44,138
DA:45,120
DA:47,102
DA:48,13
DA:49,174
DA:50,10
DA:51,16
DA:52,174
DA:53,8
DA:54,13
DA:55,45
DA:56,0
DA:57,0
DA:58,0
DA:59,0
DA:60,0
DA:61,0
DA:62,0
DA:63,0
DA:64,0
DA:65,0
DA:66,0
DA:67,0
DA:68,0
DA:69,0
DA:70,0
DA:71,0
DA:72,0
DA:73,0
DA:74,0
DA:75,0
DA:76,0
DA:77,0
DA:78,0
DA:79,0
DA:80,0
DA:81,0
DA:82,0
DA:83,0
DA:84,0
DA:85,0
DA:86,0
DA:87,0
DA:88,0
DA:89,0
DA:90,0
DA:91,0
DA:92,0
DA:93,0
DA:94,0
DA:95,0
DA:96,0
DA:97,0
DA:98,0
DA:99,0
DA:100,0
DA:101,0
DA:102,0
DA:103,0
DA:104,0
DA:105,0
DA:106,0
DA:107,0
DA:108,0
DA:109,0
DA:110,0
DA:111,0
DA:112,0
DA:113,0
DA:114,0
DA:115,0
DA:116,0
DA:117,0
DA:118,0
DA:119,0
DA:120,0
DA:121,0
DA:122,0
DA:123,0
DA:124,0
DA:125,0
DA:126,0
DA:127,26
DA:136,20
DA:137,24
DA:138,21
DA:139,10
DA:140,42
DA:141,28
DA:142,70
DA:143,52
DA:144,50
DA:145,6
DA:146,56
DA:147,144
DA:148,138
DA:149,12
DA:150,8
DA:151,102
DA:152,94
DA:153,2
DA:154,0
DA:155,0
DA:156,0
DA:157,0
DA:158,0
DA:159,0
DA:160,0
DA:161,0
DA:162,0
DA:163,0
DA:164,0
DA:165,0
DA:166,0
DA:167,0
DA:168,0
DA:169,0
DA:170,0
DA:171,0
DA:172,0
DA:173,0
DA:174,0
DA:175,0
DA:176,0
DA:177,0
DA:178,0
DA:179,0
DA:180,0
DA:181,0
DA:182,0
DA:183,0
DA:184,0
DA:185,0
DA:186,0
DA:187,0
DA:188,0
DA:189,0
DA:190,0
DA:191,0
DA:192,0
DA:193,0
DA:194,0
DA:195,0
DA:196,0
DA:197,0
DA:198,0
DA:199,0
DA:200,0
DA:201,0
DA:202,0
DA:203,0
DA:204,0
DA:205,0
DA:206,0
DA:207,0
DA:208,0
DA:209,0
DA:210,0
DA:211,0
DA:212,0
DA:213,0
DA:214,0
DA:215,0
DA:216,0
DA:217,0
DA:218,0
DA:219,0
DA:220,0
DA:221,0
DA:222,7
DA:224,2
LF:202
LH:63
end_of_record
TN:
SF:shared/db/DAO/sqlite/api_keys.ts
FNF:9
FNH:4
DA:1,66
DA:2,88
DA:4,108
DA:5,93
DA:8,63
DA:9,78
DA:17,30
DA:18,76
DA:19,34
DA:20,34
DA:21,22
DA:22,34
DA:23,6
DA:24,32
DA:26,124
DA:27,13
DA:28,141
DA:29,8
DA:30,16
DA:31,141
DA:32,6
DA:33,9
DA:35,0
DA:36,0
DA:37,0
DA:38,0
DA:39,0
DA:40,0
DA:41,0
DA:42,0
DA:43,0
DA:44,0
DA:45,0
DA:46,0
DA:47,0
DA:48,0
DA:49,0
DA:50,0
DA:51,0
DA:52,0
DA:53,0
DA:54,0
DA:55,0
DA:56,0
DA:57,0
DA:58,0
DA:59,0
DA:60,0
DA:61,0
DA:62,0
DA:63,0
DA:64,0
DA:65,0
DA:66,0
DA:67,28
DA:76,39
DA:77,182
DA:78,95
DA:79,27
DA:80,9
DA:82,52
DA:83,13
DA:84,115
DA:85,8
DA:86,16
DA:87,115
DA:88,6
DA:89,9
DA:91,0
DA:92,0
DA:93,0
DA:94,0
DA:95,0
DA:96,0
DA:97,0
DA:98,0
DA:99,0
DA:100,0
DA:101,0
DA:102,0
DA:103,0
DA:104,0
DA:105,0
DA:106,0
DA:107,0
DA:108,0
DA:109,0
DA:110,0
DA:111,0
DA:112,0
DA:113,0
DA:114,0
DA:115,0
DA:116,0
DA:117,0
DA:118,0
DA:119,0
DA:120,0
DA:121,0
DA:122,0
DA:123,0
DA:124,0
DA:125,0
DA:126,0
DA:127,0
DA:128,30
DA:130,2
LF:107
LH:38
end_of_record
TN:
SF:shared/db/DAO/sqlite/deployment.ts
FNF:13
FNH:8
DA:1,80
DA:2,88
DA:4,108
DA:5,151
DA:8,51
DA:9,78
DA:11,30
DA:12,100
DA:13,52
DA:14,40
DA:15,38
DA:16,26
DA:17,44
DA:18,78
DA:19,60
DA:20,64
DA:21,6
DA:22,36
DA:24,44
DA:25,13
DA:26,116
DA:27,10
DA:28,16
DA:29,116
DA:30,8
DA:31,13
DA:32,32
DA:33,32
DA:34,54
DA:35,56
DA:36,86
DA:37,86
DA:38,78
DA:39,70
DA:40,90
DA:41,68
DA:42,104
DA:43,6
DA:44,36
DA:45,118
DA:46,146
DA:47,84
DA:48,45
DA:49,36
DA:50,13
DA:51,82
DA:52,12
DA:53,16
DA:54,82
DA:55,10
DA:56,17
DA:57,42
DA:58,34
DA:59,52
DA:60,56
DA:61,78
DA:62,18
DA:63,10
DA:64,9
DA:65,0
DA:66,0
DA:67,0
DA:68,0
DA:69,0
DA:70,0
DA:71,0
DA:72,0
DA:73,0
DA:74,0
DA:75,0
DA:76,0
DA:77,0
DA:78,0
DA:79,0
DA:80,0
DA:81,0
DA:82,0
DA:83,0
DA:84,0
DA:85,0
DA:86,0
DA:87,0
DA:88,0
DA:89,0
DA:90,0
DA:91,0
DA:92,0
DA:93,0
DA:94,0
DA:95,0
DA:96,0
DA:97,0
DA:98,0
DA:99,0
DA:100,0
DA:101,0
DA:102,0
DA:103,0
DA:104,0
DA:105,0
DA:106,0
DA:107,0
DA:108,0
DA:109,0
DA:110,0
DA:111,0
DA:112,0
DA:113,0
DA:114,0
DA:115,0
DA:116,0
DA:117,0
DA:118,0
DA:119,0
DA:120,0
DA:121,0
DA:122,0
DA:123,0
DA:124,0
DA:125,13
DA:128,61
DA:129,42
DA:130,54
DA:131,36
DA:132,90
DA:133,41
DA:134,34
DA:135,15
DA:136,13
DA:137,44
DA:138,0
DA:139,0
DA:140,0
DA:141,0
DA:142,0
DA:143,0
DA:144,0
DA:145,0
DA:146,0
DA:147,0
DA:148,0
DA:149,0
DA:150,0
DA:151,0
DA:152,0
DA:153,0
DA:154,0
DA:155,0
DA:156,0
DA:157,0
DA:158,0
DA:159,0
DA:160,0
DA:161,0
DA:162,0
DA:163,0
DA:164,0
DA:165,0
DA:166,0
DA:167,0
DA:168,0
DA:169,0
DA:170,0
DA:171,0
DA:172,0
DA:173,0
DA:174,0
DA:175,0
DA:176,0
DA:177,0
DA:178,0
DA:179,0
DA:180,0
DA:181,0
DA:182,0
DA:183,0
DA:184,0
DA:185,0
DA:186,0
DA:187,0
DA:188,0
DA:189,0
DA:190,0
DA:191,0
DA:192,0
DA:193,0
DA:194,0
DA:195,0
DA:196,0
DA:197,0
DA:198,0
DA:199,0
DA:200,0
DA:201,0
DA:202,0
DA:203,0
DA:204,7
DA:206,2
LF:198
LH:72
end_of_record
TN:
SF:shared/db/DAO/sqlite/deployment_keys.ts
FNF:14
FNH:8
DA:1,76
DA:2,88
DA:4,108
DA:5,125
DA:8,61
DA:9,78
DA:10,30
DA:11,64
DA:12,22
DA:13,40
DA:14,68
DA:15,12
DA:16,100
DA:17,66
DA:18,48
DA:19,44
DA:20,36
DA:22,62
DA:23,13
DA:24,138
DA:25,10
DA:26,16
DA:27,138
DA:28,8
DA:29,13
DA:31,32
DA:32,32
DA:33,62
DA:34,70
DA:35,56
DA:36,70
DA:37,70
DA:38,94
DA:39,88
DA:40,6
DA:41,44
DA:42,126
DA:43,106
DA:44,51
DA:45,46
DA:46,13
DA:47,138
DA:48,12
DA:49,16
DA:50,138
DA:51,10
DA:52,17
DA:53,40
DA:54,9
DA:55,0
DA:56,0
DA:57,0
DA:58,0
DA:59,0
DA:60,0
DA:61,0
DA:62,0
DA:63,0
DA:64,0
DA:65,0
DA:66,0
DA:67,0
DA:68,0
DA:69,0
DA:70,74
DA:73,33
DA:74,42
DA:75,28
DA:76,58
DA:77,66
DA:78,52
DA:79,66
DA:80,66
DA:81,90
DA:82,84
DA:83,6
DA:84,44
DA:85,126
DA:86,76
DA:87,47
DA:88,49
DA:89,29
DA:90,13
DA:91,38
DA:92,0
DA:93,0
DA:94,0
DA:95,0
DA:96,0
DA:97,0
DA:98,0
DA:99,0
DA:100,0
DA:101,0
DA:102,0
DA:103,0
DA:104,0
DA:105,0
DA:106,0
DA:107,0
DA:108,0
DA:109,0
DA:110,0
DA:111,0
DA:112,0
DA:113,0
DA:114,0
DA:115,0
DA:116,0
DA:117,0
DA:118,0
DA:119,0
DA:120,0
DA:121,0
DA:122,0
DA:123,0
DA:124,0
DA:125,0
DA:126,0
DA:127,0
DA:128,0
DA:129,0
DA:130,0
DA:131,0
DA:132,0
DA:133,0
DA:134,0
DA:135,0
DA:136,0
DA:137,0
DA:138,0
DA:139,0
DA:140,0
DA:141,0
DA:142,0
DA:143,0
DA:144,0
DA:145,0
DA:146,0
DA:147,0
DA:148,0
DA:149,0
DA:150,0
DA:151,0
DA:152,0
DA:153,0
DA:154,0
DA:155,0
DA:156,0
DA:157,0
DA:158,0
DA:159,0
DA:160,0
DA:161,0
DA:162,0
DA:163,0
DA:164,0
DA:165,0
DA:166,0
DA:167,0
DA:168,0
DA:169,0
DA:170,0
DA:171,0
DA:172,0
DA:173,0
DA:174,0
DA:175,0
DA:176,0
DA:177,0
DA:178,0
DA:179,0
DA:180,0
DA:181,0
DA:182,0
DA:183,0
DA:184,0
DA:185,0
DA:186,7
DA:188,2
LF:180
LH:71
end_of_record
TN:
SF:shared/db/DAO/sqlite/derivation_tenant_links.ts
FNF:13
FNH:9
DA:1,94
DA:2,88
DA:4,108
DA:5,227
DA:14,91
DA:15,78
DA:23,30
DA:24,64
DA:25,40
DA:26,74
DA:27,84
DA:28,12
DA:29,118
DA:30,56
DA:31,68
DA:32,50
DA:33,36
DA:35,52
DA:36,13
DA:37,168
DA:38,10
DA:39,16
DA:40,168
DA:41,8
DA:42,13
DA:44,50
DA:45,32
DA:46,82
DA:47,56
DA:48,72
DA:49,68
DA:50,46
DA:51,6
DA:52,64
DA:53,20
DA:54,26
DA:55,120
DA:56,4
DA:57,146
DA:58,148
DA:59,126
DA:60,128
DA:63,46
DA:64,13
DA:65,13
DA:68,32
DA:69,22
DA:70,56
DA:71,64
DA:72,76
DA:73,70
DA:74,74
DA:75,86
DA:76,22
DA:77,24
DA:78,82
DA:79,14
DA:80,9
DA:81,12
DA:83,92
DA:84,13
DA:85,191
DA:86,8
DA:87,16
DA:88,191
DA:89,6
DA:90,9
DA:91,0
DA:92,0
DA:93,0
DA:94,0
DA:95,0
DA:96,0
DA:97,0
DA:98,0
DA:99,0
DA:100,0
DA:101,0
DA:102,0
DA:103,0
DA:104,0
DA:105,0
DA:106,0
DA:107,0
DA:108,0
DA:109,0
DA:110,0
DA:111,0
DA:112,0
DA:113,0
DA:114,0
DA:115,0
DA:116,0
DA:117,0
DA:118,0
DA:119,0
DA:120,0
DA:121,0
DA:122,0
DA:123,0
DA:124,0
DA:125,0
DA:126,0
DA:127,0
DA:128,0
DA:129,0
DA:130,0
DA:131,0
DA:132,0
DA:133,0
DA:134,0
DA:135,0
DA:136,0
DA:137,0
DA:138,0
DA:139,0
DA:140,0
DA:141,0
DA:142,0
DA:143,0
DA:144,0
DA:145,0
DA:146,0
DA:147,0
DA:148,0
DA:149,0
DA:150,0
DA:151,0
DA:152,0
DA:153,0
DA:154,0
DA:155,0
DA:156,0
DA:157,0
DA:158,0
DA:159,0
DA:160,0
DA:161,0
DA:162,0
DA:163,0
DA:164,0
DA:165,0
DA:166,0
DA:167,0
DA:168,0
DA:169,0
DA:170,0
DA:171,0
DA:172,0
DA:173,0
DA:174,0
DA:175,13
DA:184,67
DA:185,60
DA:186,28
DA:187,78
DA:188,52
DA:189,68
DA:190,64
DA:191,42
DA:192,6
DA:193,64
DA:194,170
DA:195,146
DA:196,148
DA:197,126
DA:198,164
DA:199,81
DA:200,32
DA:201,50
DA:202,60
DA:203,70
DA:204,66
DA:205,68
DA:206,80
DA:207,18
DA:208,20
DA:209,76
DA:210,8
DA:211,15
DA:219,26
DA:220,28
DA:221,68
DA:222,0
DA:223,0
DA:224,0
DA:225,0
DA:226,0
DA:227,0
DA:228,0
DA:229,0
DA:230,0
DA:231,0
DA:232,0
DA:233,0
DA:234,0
DA:235,0
DA:236,0
DA:237,0
DA:238,0
DA:239,0
DA:240,0
DA:241,0
DA:242,0
DA:243,0
DA:244,0
DA:245,0
DA:246,0
DA:247,0
DA:248,0
DA:249,0
DA:250,0
DA:251,0
DA:252,0
DA:253,0
DA:254,0
DA:255,0
DA:256,0
DA:257,0
DA:258,0
DA:259,0
DA:260,0
DA:261,0
DA:262,0
DA:263,0
DA:264,0
DA:265,0
DA:266,0
DA:267,0
DA:268,0
DA:269,0
DA:270,0
DA:271,0
DA:272,0
DA:273,0
DA:274,0
DA:275,0
DA:276,0
DA:277,0
DA:278,0
DA:279,0
DA:280,0
DA:281,0
DA:282,0
DA:283,0
DA:284,0
DA:285,0
DA:286,0
DA:287,0
DA:288,0
DA:289,0
DA:290,0
DA:291,0
DA:292,0
DA:293,0
DA:294,0
DA:295,0
DA:296,0
DA:297,0
DA:298,0
DA:299,0
DA:300,0
DA:301,0
DA:302,0
DA:303,0
DA:304,0
DA:305,0
DA:306,23
DA:308,2
LF:269
LH:101
end_of_record
TN:
SF:shared/db/DAO/sqlite/derivations.ts
FNF:11
FNH:8
DA:1,66
DA:2,88
DA:4,108
DA:5,147
DA:8,69
DA:9,78
DA:17,30
DA:18,66
DA:19,22
DA:20,40
DA:21,88
DA:22,12
DA:23,116
DA:24,186
DA:25,118
DA:26,13
DA:27,108
DA:28,10
DA:29,16
DA:30,92
DA:31,8
DA:32,13
DA:34,32
DA:35,32
DA:36,54
DA:37,76
DA:38,52
DA:39,78
DA:40,82
DA:41,82
DA:42,78
DA:43,78
DA:44,90
DA:45,62
DA:46,86
DA:47,94
DA:48,66
DA:49,84
DA:50,6
DA:51,36
DA:52,148
DA:53,126
DA:54,101
DA:55,12
DA:56,84
DA:57,13
DA:58,128
DA:59,8
DA:60,16
DA:61,92
DA:62,6
DA:63,9
DA:64,34
DA:65,32
DA:66,58
DA:67,68
DA:68,72
DA:69,10
DA:70,0
DA:71,0
DA:72,0
DA:73,0
DA:74,0
DA:75,0
DA:76,0
DA:77,0
DA:78,0
DA:79,0
DA:80,0
DA:81,0
DA:82,0
DA:83,0
DA:84,0
DA:85,0
DA:86,0
DA:87,0
DA:88,0
DA:89,0
DA:90,0
DA:91,0
DA:92,0
DA:93,0
DA:94,0
DA:95,0
DA:96,0
DA:97,0
DA:98,0
DA:99,0
DA:100,0
DA:101,0
DA:102,0
DA:103,0
DA:104,0
DA:105,0
DA:106,13
DA:115,27
DA:116,60
DA:117,28
DA:118,50
DA:119,72
DA:120,48
DA:121,74
DA:122,78
DA:123,78
DA:124,74
DA:125,74
DA:126,86
DA:127,58
DA:128,82
DA:129,90
DA:130,62
DA:131,80
DA:132,6
DA:133,36
DA:134,148
DA:135,126
DA:136,68
DA:138,54
DA:139,13
DA:140,123
DA:141,8
DA:142,16
DA:143,123
DA:144,6
DA:145,9
DA:147,47
DA:148,27
DA:149,5
DA:150,17
DA:151,17
DA:152,29
DA:153,35
DA:154,37
DA:155,5
DA:156,14
DA:164,26
DA:165,0
DA:166,0
DA:167,0
DA:168,0
DA:169,0
DA:170,0
DA:171,0
DA:172,0
DA:173,0
DA:174,0
DA:175,0
DA:176,0
DA:177,0
DA:178,0
DA:179,0
DA:180,0
DA:181,0
DA:182,0
DA:183,0
DA:184,0
DA:185,0
DA:186,0
DA:187,0
DA:188,0
DA:189,0
DA:190,0
DA:191,0
DA:192,0
DA:193,0
DA:194,0
DA:195,0
DA:196,0
DA:197,0
DA:198,0
DA:199,0
DA:200,0
DA:201,0
DA:202,0
DA:203,0
DA:204,0
DA:205,0
DA:206,0
DA:207,0
DA:208,0
DA:209,0
DA:210,0
DA:211,0
DA:212,0
DA:213,0
DA:214,0
DA:215,0
DA:216,0
DA:217,0
DA:218,0
DA:219,0
DA:220,0
DA:221,0
DA:222,0
DA:223,0
DA:224,0
DA:225,0
DA:226,0
DA:227,0
DA:228,0
DA:229,0
DA:230,0
DA:231,0
DA:232,0
DA:233,0
DA:234,0
DA:235,0
DA:236,0
DA:237,0
DA:238,0
DA:239,0
DA:240,0
DA:241,0
DA:242,7
DA:244,2
LF:215
LH:102
end_of_record
TN:
SF:shared/db/DAO/sqlite/requests.ts
FNF:17
FNH:13
DA:1,78
DA:2,88
DA:4,108
DA:5,93
DA:8,63
DA:9,78
DA:17,30
DA:18,56
DA:19,22
DA:20,44
DA:21,34
DA:22,12
DA:23,178
DA:25,124
DA:26,13
DA:27,141
DA:28,8
DA:29,16
DA:30,141
DA:31,6
DA:32,9
DA:34,63
DA:42,55
DA:43,86
DA:44,66
DA:45,69
DA:46,42
DA:47,24
DA:48,48
DA:49,46
DA:50,10
DA:51,2
DA:52,14
DA:53,0
DA:54,0
DA:55,0
DA:56,0
DA:57,0
DA:58,0
DA:59,0
DA:60,0
DA:61,0
DA:62,0
DA:63,0
DA:64,0
DA:65,0
DA:66,0
DA:67,0
DA:68,0
DA:69,0
DA:70,0
DA:71,0
DA:72,0
DA:73,0
DA:74,34
DA:82,53
DA:83,70
DA:84,18
DA:85,30
DA:86,110
DA:87,58
DA:88,26
DA:89,57
DA:90,27
DA:91,9
DA:92,57
DA:100,46
DA:101,0
DA:102,0
DA:103,0
DA:104,0
DA:105,0
DA:106,0
DA:107,0
DA:108,0
DA:109,72
DA:118,30
DA:119,74
DA:120,34
DA:121,28
DA:122,22
DA:123,34
DA:124,6
DA:125,64
DA:126,32
DA:128,120
DA:129,13
DA:130,134
DA:131,8
DA:132,16
DA:133,134
DA:134,6
DA:135,9
DA:137,55
DA:139,2
LF:95
LH:66
end_of_record
TN:
SF:shared/db/DAO/sqlite/signing_keys.ts
FNF:15
FNH:11
DA:1,66
DA:2,88
DA:4,108
DA:5,167
DA:7,71
DA:8,78
DA:15,30
DA:16,44
DA:17,22
DA:18,40
DA:19,72
DA:20,12
DA:22,130
DA:23,162
DA:24,140
DA:25,13
DA:26,110
DA:27,10
DA:28,16
DA:29,94
DA:30,8
DA:31,13
DA:33,32
DA:34,32
DA:35,56
DA:36,60
DA:37,60
DA:38,58
DA:39,6
DA:40,38
DA:41,126
DA:42,99
DA:43,12
DA:45,116
DA:46,13
DA:47,138
DA:48,8
DA:49,16
DA:50,138
DA:51,6
DA:52,9
DA:54,0
DA:55,0
DA:56,0
DA:57,0
DA:58,0
DA:59,0
DA:60,0
DA:61,0
DA:62,0
DA:63,0
DA:64,0
DA:65,0
DA:66,0
DA:67,0
DA:68,0
DA:69,0
DA:70,74
DA:78,41
DA:79,42
DA:80,28
DA:81,52
DA:82,56
DA:83,56
DA:84,54
DA:85,6
DA:86,38
DA:87,126
DA:88,62
DA:89,59
DA:90,119
DA:91,29
DA:92,13
DA:93,50
DA:94,15
DA:102,45
DA:103,42
DA:104,28
DA:105,52
DA:106,56
DA:107,56
DA:108,54
DA:109,6
DA:110,56
DA:111,144
DA:112,134
DA:113,0
DA:114,0
DA:115,0
DA:116,0
DA:117,0
DA:118,0
DA:119,0
DA:120,0
DA:121,0
DA:122,0
DA:123,0
DA:124,0
DA:125,0
DA:126,0
DA:127,0
DA:128,0
DA:129,0
DA:130,0
DA:131,0
DA:132,0
DA:133,0
DA:134,0
DA:135,0
DA:136,0
DA:137,0
DA:138,0
DA:139,0
DA:140,0
DA:141,0
DA:142,0
DA:143,0
DA:144,0
DA:145,29
DA:153,40
DA:154,0
DA:155,0
DA:156,0
DA:157,0
DA:158,0
DA:159,0
DA:160,0
DA:161,0
DA:162,0
DA:163,0
DA:164,0
DA:165,0
DA:166,0
DA:167,0
DA:168,0
DA:169,0
DA:170,0
DA:171,0
DA:172,0
DA:173,0
DA:174,0
DA:175,0
DA:176,0
DA:177,0
DA:178,0
DA:179,0
DA:180,0
DA:181,0
DA:182,0
DA:183,0
DA:184,0
DA:185,0
DA:186,0
DA:187,0
DA:188,0
DA:189,0
DA:190,0
DA:191,0
DA:192,0
DA:193,0
DA:194,0
DA:195,0
DA:196,0
DA:197,0
DA:198,0
DA:199,0
DA:200,0
DA:201,0
DA:202,0
DA:203,0
DA:204,0
DA:205,0
DA:206,0
DA:207,0
DA:208,0
DA:209,0
DA:210,0
DA:211,7
DA:213,2
LF:179
LH:74
end_of_record
TN:
SF:shared/db/DAO/sqlite/tenants.ts
FNF:10
FNH:6
DA:1,66
DA:2,88
DA:4,100
DA:5,108
DA:6,92
DA:8,93
DA:14,61
DA:15,78
DA:23,30
DA:24,68
DA:25,72
DA:26,72
DA:27,168
DA:28,116
DA:29,13
DA:30,95
DA:31,8
DA:32,16
DA:33,79
DA:34,6
DA:35,9
DA:37,132
DA:38,78
DA:39,32
DA:40,72
DA:41,56
DA:42,56
DA:43,48
DA:44,87
DA:45,40
DA:46,74
DA:47,14
DA:48,0
DA:49,0
DA:50,0
DA:51,0
DA:52,0
DA:53,0
DA:54,0
DA:55,0
DA:56,0
DA:57,0
DA:58,0
DA:59,0
DA:60,0
DA:61,0
DA:62,0
DA:63,0
DA:64,0
DA:65,0
DA:66,0
DA:67,0
DA:68,0
DA:69,0
DA:70,0
DA:71,0
DA:72,0
DA:73,0
DA:74,0
DA:75,0
DA:76,0
DA:77,0
DA:78,0
DA:79,0
DA:80,29
DA:88,33
DA:89,0
DA:90,0
DA:91,0
DA:92,0
DA:93,0
DA:94,0
DA:95,0
DA:96,0
DA:97,0
DA:98,77
DA:107,40
DA:108,70
DA:109,32
DA:110,22
DA:111,98
DA:112,74
DA:113,54
DA:114,78
DA:115,150
DA:116,50
DA:117,70
DA:118,44
DA:119,6
DA:120,72
DA:121,32
DA:123,108
DA:124,13
DA:125,98
DA:126,8
DA:127,16
DA:128,98
DA:129,6
DA:130,9
DA:131,64
DA:132,13
DA:133,103
DA:134,8
DA:135,16
DA:136,103
DA:137,6
DA:138,9
DA:140,51
DA:142,2
LF:109
LH:68
end_of_record
TN:
SF:shared/db/DAO/sqlite/uploads.ts
FNF:17
FNH:14
DA:1,66
DA:2,88
DA:4,108
DA:5,129
DA:8,45
DA:9,78
DA:16,30
DA:17,118
DA:18,56
DA:19,32
DA:20,32
DA:21,78
DA:22,74
DA:23,44
DA:24,70
DA:25,6
DA:26,36
DA:27,106
DA:28,13
DA:29,126
DA:30,10
DA:31,16
DA:32,126
DA:33,8
DA:34,13
DA:36,32
DA:37,32
DA:38,46
DA:39,56
DA:40,56
DA:41,50
DA:42,76
DA:43,6
DA:44,28
DA:45,110
DA:46,112
DA:47,85
DA:48,12
DA:50,40
DA:51,13
DA:52,110
DA:53,8
DA:54,16
DA:55,110
DA:56,6
DA:57,9
DA:59,0
DA:60,0
DA:61,0
DA:62,0
DA:63,0
DA:64,0
DA:65,0
DA:66,0
DA:67,0
DA:68,0
DA:69,0
DA:70,0
DA:71,0
DA:72,0
DA:73,0
DA:74,0
DA:75,0
DA:76,0
DA:77,67
DA:85,27
DA:86,42
DA:87,28
DA:88,42
DA:89,52
DA:90,52
DA:91,46
DA:92,72
DA:93,6
DA:94,28
DA:95,110
DA:96,112
DA:97,52
DA:98,49
DA:99,99
DA:100,29
DA:101,13
DA:102,40
DA:103,15
DA:111,26
DA:112,0
DA:113,0
DA:114,0
DA:115,0
DA:116,0
DA:117,0
DA:118,0
DA:119,0
DA:120,41
DA:128,30
DA:129,100
DA:130,60
DA:131,32
DA:132,26
DA:133,78
DA:134,74
DA:135,44
DA:136,70
DA:137,6
DA:138,62
DA:139,36
DA:141,110
DA:142,13
DA:143,120
DA:144,10
DA:145,16
DA:146,120
DA:147,8
DA:148,13
DA:149,32
DA:150,32
DA:151,46
DA:152,56
DA:153,56
DA:154,50
DA:155,76
DA:156,6
DA:157,28
DA:158,110
DA:159,112
DA:160,84
DA:161,59
DA:162,50
DA:163,13
DA:164,120
DA:165,12
DA:166,16
DA:167,120
DA:168,10
DA:169,17
DA:171,48
DA:172,9
DA:173,9
DA:175,2
LF:139
LH:113
end_of_record
TN:
SF:shared/db/DAO/tenants.ts
FNF:11
FNH:7
DA:1,82
DA:4,56
DA:5,100
DA:6,89
DA:7,31
DA:8,35
DA:9,42
DA:10,62
DA:11,59
DA:12,74
DA:13,9
DA:14,74
DA:15,40
DA:16,9
DA:18,44
DA:19,13
DA:20,81
DA:21,8
DA:22,16
DA:23,81
DA:24,6
DA:25,9
DA:27,46
DA:28,12
DA:36,30
DA:37,0
DA:38,0
DA:39,0
DA:40,0
DA:41,0
DA:42,0
DA:43,0
DA:44,0
DA:45,42
DA:53,33
DA:54,0
DA:55,0
DA:56,0
DA:57,0
DA:58,0
DA:59,0
DA:60,0
DA:61,0
DA:62,0
DA:63,0
DA:64,0
DA:65,0
DA:66,0
DA:67,0
DA:68,0
DA:69,0
DA:70,0
DA:71,0
DA:72,0
DA:73,46
DA:82,30
DA:83,75
DA:85,2
LF:58
LH:31
end_of_record
TN:
SF:shared/db/DAO/uploads.ts
FNF:12
FNH:9
DA:1,82
DA:4,56
DA:5,108
DA:6,99
DA:8,31
DA:9,35
DA:10,42
DA:11,77
DA:12,76
DA:13,9
DA:14,74
DA:15,40
DA:16,9
DA:18,44
DA:19,13
DA:20,81
DA:21,8
DA:22,16
DA:23,81
DA:24,6
DA:25,9
DA:27,46
DA:28,12
DA:36,30
DA:37,0
DA:38,0
DA:39,0
DA:40,0
DA:41,0
DA:42,0
DA:43,0
DA:44,0
DA:45,42
DA:53,27
DA:54,79
DA:62,30
DA:63,0
DA:64,0
DA:65,0
DA:66,0
DA:67,0
DA:68,0
DA:69,0
DA:70,0
DA:71,33
DA:80,30
DA:81,75
DA:83,2
LF:48
LH:32
end_of_record
TN:
SF:shared/db/index.ts
FNF:1
FNH:1
DA:1,35
DA:2,29
DA:3,47
DA:4,30
DA:5,42
DA:6,33
DA:7,38
DA:8,33
DA:9,45
DA:10,30
DA:11,35
DA:12,30
DA:13,30
DA:14,41
LF:14
LH:14
end_of_record
TN:
SF:shared/db/schema_pg.ts
FNF:18
FNH:0
DA:1,34
DA:2,111
DA:13,44
DA:14,15
DA:15,13
DA:16,25
DA:17,36
DA:18,33
DA:19,25
DA:20,24
DA:21,32
DA:22,31
DA:23,49
DA:24,39
DA:25,15
DA:26,10
DA:27,3
DA:29,81
DA:30,54
DA:31,15
DA:32,13
DA:33,25
DA:34,36
DA:35,24
DA:36,21
DA:37,5
DA:38,29
DA:39,61
DA:40,57
DA:41,43
DA:42,47
DA:43,23
DA:44,3
DA:46,46
DA:47,15
DA:48,13
DA:49,25
DA:50,34
DA:51,23
DA:52,3
DA:54,54
DA:55,15
DA:56,13
DA:57,25
DA:58,24
DA:59,25
DA:60,20
DA:61,17
DA:62,24
DA:63,21
DA:64,3
DA:65,10
DA:66,3
DA:68,52
DA:69,15
DA:70,13
DA:71,25
DA:72,24
DA:73,17
DA:74,24
DA:75,21
DA:76,3
DA:77,12
DA:78,29
DA:79,30
DA:80,63
DA:81,29
DA:82,29
DA:83,32
DA:84,25
DA:85,31
DA:86,33
DA:87,26
DA:88,54
DA:89,3
DA:91,80
DA:92,15
DA:93,13
DA:94,25
DA:95,19
DA:96,17
DA:97,24
DA:98,21
DA:99,3
DA:100,12
DA:101,23
DA:102,17
DA:103,24
DA:104,21
DA:105,3
DA:106,10
DA:107,3
DA:109,46
DA:110,15
DA:111,13
DA:112,25
DA:113,34
DA:114,17
DA:115,24
DA:116,21
DA:117,3
DA:118,12
DA:119,63
DA:120,41
DA:121,48
DA:122,12
DA:123,22
DA:124,3
DA:126,72
DA:127,15
DA:128,13
DA:129,25
DA:130,19
DA:131,17
DA:132,24
DA:133,21
DA:134,3
DA:135,12
DA:136,20
DA:137,17
DA:138,24
DA:139,21
DA:140,3
DA:141,10
DA:142,3
DA:144,44
DA:145,15
DA:146,13
DA:147,25
DA:148,19
DA:149,17
DA:150,24
DA:151,21
DA:152,3
DA:153,12
DA:154,18
DA:155,17
DA:156,24
DA:157,21
DA:158,3
DA:159,12
DA:160,24
DA:161,54
DA:162,3
DA:164,52
DA:165,15
DA:166,13
DA:167,25
DA:168,19
DA:169,17
DA:170,24
DA:171,21
DA:172,3
DA:173,12
DA:174,17
DA:175,17
DA:176,24
DA:177,21
DA:178,3
DA:179,12
DA:180,40
DA:181,53
DA:182,48
DA:183,12
DA:184,53
DA:185,48
DA:186,12
DA:187,49
DA:188,48
DA:189,12
DA:190,98
DA:191,30
DA:192,3
DA:194,29
DA:195,10
DA:196,3
DA:197,15
DA:198,9
DA:199,23
DA:200,12
DA:201,19
DA:202,17
DA:203,24
DA:204,21
DA:205,3
DA:206,12
DA:207,22
DA:208,17
DA:209,24
DA:210,21
DA:211,3
DA:212,12
DA:213,51
DA:214,48
DA:215,12
DA:216,28
DA:217,23
DA:218,33
DA:219,23
DA:220,1
DA:222,3
DA:224,78
DA:225,15
DA:226,13
DA:227,25
DA:228,23
DA:229,17
DA:230,24
DA:231,21
DA:232,3
DA:233,12
DA:234,18
DA:235,17
DA:236,24
DA:237,21
DA:238,3
DA:239,12
DA:240,14
DA:241,53
DA:242,48
DA:243,12
DA:244,63
DA:245,38
DA:246,4
DA:247,26
DA:248,31
DA:249,96
DA:250,3
DA:252,60
DA:253,15
DA:254,13
DA:255,25
DA:256,19
DA:257,17
DA:258,24
DA:259,21
DA:260,3
DA:261,12
DA:262,56
DA:263,34
DA:264,53
DA:265,48
DA:266,12
DA:267,53
DA:268,48
DA:269,12
DA:270,23
DA:271,2
LF:248
LH:248
end_of_record
TN:
SF:shared/db/schema_sqlite.ts
FNF:32
FNH:13
DA:1,34
DA:2,88
DA:3,48
DA:4,15
DA:5,13
DA:6,37
DA:7,36
DA:8,52
DA:9,34
DA:10,31
DA:11,49
DA:12,24
DA:13,32
DA:14,15
DA:15,10
DA:16,15
DA:17,3
DA:19,39
DA:20,16
DA:21,3
DA:22,15
DA:23,13
DA:24,37
DA:25,36
DA:26,24
DA:27,21
DA:28,5
DA:29,29
DA:30,32
DA:31,30
DA:32,43
DA:33,55
DA:34,23
DA:35,1
DA:37,3
DA:39,58
DA:40,15
DA:41,13
DA:42,37
DA:43,24
DA:44,20
DA:45,17
DA:46,24
DA:47,21
DA:48,3
DA:49,12
DA:50,23
DA:51,3
DA:53,56
DA:54,15
DA:55,13
DA:56,37
DA:57,41
DA:58,24
DA:59,21
DA:60,5
DA:61,29
DA:62,30
DA:63,33
DA:64,29
DA:65,29
DA:66,32
DA:67,25
DA:68,31
DA:69,33
DA:70,26
DA:71,54
DA:72,3
DA:74,84
DA:75,15
DA:76,13
DA:77,37
DA:78,36
DA:79,24
DA:80,21
DA:81,5
DA:82,40
DA:83,24
DA:84,21
DA:85,3
DA:86,3
DA:88,50
DA:89,15
DA:90,13
DA:91,37
DA:92,34
DA:93,17
DA:94,24
DA:95,21
DA:96,3
DA:97,12
DA:98,63
DA:99,56
DA:100,27
DA:101,3
DA:103,50
DA:104,15
DA:105,13
DA:106,37
DA:107,34
DA:108,23
DA:109,3
DA:111,76
DA:112,15
DA:113,13
DA:114,37
DA:115,36
DA:116,24
DA:117,21
DA:118,5
DA:119,37
DA:120,24
DA:121,21
DA:122,3
DA:123,3
DA:125,48
DA:126,15
DA:127,13
DA:128,37
DA:129,19
DA:130,17
DA:131,24
DA:132,21
DA:133,3
DA:134,12
DA:135,18
DA:136,17
DA:137,24
DA:138,21
DA:139,3
DA:140,12
DA:141,24
DA:142,54
DA:143,3
DA:145,56
DA:146,15
DA:147,13
DA:148,37
DA:149,19
DA:150,17
DA:151,24
DA:152,21
DA:153,3
DA:154,12
DA:155,17
DA:156,17
DA:157,24
DA:158,21
DA:159,3
DA:160,12
DA:161,40
DA:162,62
DA:163,34
DA:164,32
DA:165,98
DA:166,30
DA:167,3
DA:169,33
DA:170,10
DA:171,3
DA:172,15
DA:173,9
DA:174,37
DA:175,19
DA:176,17
DA:177,24
DA:178,21
DA:179,3
DA:180,12
DA:181,22
DA:182,17
DA:183,24
DA:184,21
DA:185,3
DA:186,12
DA:187,61
DA:188,28
DA:189,23
DA:190,52
DA:191,23
DA:192,1
DA:194,3
DA:196,82
DA:197,15
DA:198,13
DA:199,37
DA:200,23
DA:201,17
DA:202,24
DA:203,21
DA:204,3
DA:205,12
DA:206,18
DA:207,17
DA:208,24
DA:209,21
DA:210,3
DA:211,12
DA:212,14
DA:213,62
DA:214,25
DA:215,26
DA:216,31
DA:217,96
DA:218,3
DA:220,64
DA:221,15
DA:222,13
DA:223,37
DA:224,19
DA:225,17
DA:226,24
DA:227,21
DA:228,3
DA:229,12
DA:230,56
DA:231,34
DA:232,62
DA:233,62
DA:234,23
DA:235,2
LF:221
LH:221
end_of_record
TN:
SF:shared/db/utils/delete_derivation.ts
FNF:2
FNH:2
DA:2,52
DA:3,67
DA:5,14
DA:6,54
DA:7,50
DA:8,49
DA:9,30
DA:10,108
DA:11,18
DA:12,3
LF:10
LH:10
end_of_record
TN:
SF:shared/files/Filesystem.ts
FNF:12
FNH:8
DA:2,115
DA:7,1
DA:9,27
DA:10,65
DA:11,87
DA:12,106
DA:13,66
DA:14,16
DA:15,16
DA:16,76
DA:17,17
DA:19,23
DA:26,23
DA:27,83
DA:34,27
DA:35,0
DA:36,0
DA:37,0
DA:38,0
DA:39,0
DA:40,0
DA:41,0
DA:42,0
DA:43,0
DA:44,0
DA:45,0
DA:46,62
DA:55,47
DA:56,0
DA:57,0
DA:58,0
DA:59,0
DA:60,0
DA:61,0
DA:62,0
DA:63,0
DA:64,0
DA:65,0
DA:66,0
DA:67,0
DA:68,0
DA:69,0
DA:70,0
DA:71,0
DA:72,0
DA:73,0
DA:74,0
DA:75,0
DA:76,0
DA:77,0
DA:78,0
DA:79,0
DA:80,0
DA:81,0
DA:82,0
DA:83,0
DA:84,0
DA:85,63
DA:98,10
DA:99,16
DA:100,22
DA:101,12
DA:102,12
DA:103,13
DA:104,10
DA:105,168
DA:113,31
DA:114,109
DA:116,2
LF:69
LH:29
end_of_record
TN:
SF:shared/files/FilesystemProvider.ts
FNF:13
FNH:8
DA:1,0
DA:2,0
DA:3,53
DA:4,148
DA:5,88
DA:6,88
DA:7,96
DA:9,130
DA:15,91
DA:16,20
DA:17,74
DA:18,48
DA:19,16
DA:20,93
DA:21,8
DA:22,7
DA:23,67
DA:24,9
DA:25,104
DA:26,13
DA:27,83
DA:28,8
DA:29,51
DA:30,21
DA:31,7
DA:32,0
DA:33,0
DA:34,0
DA:35,0
DA:36,0
DA:37,0
DA:38,0
DA:39,0
DA:40,0
DA:41,0
DA:42,0
DA:43,0
DA:44,0
DA:45,0
DA:46,0
DA:47,0
DA:48,0
DA:49,31
DA:56,35
DA:57,140
DA:58,78
DA:59,65
DA:60,16
DA:61,9
DA:63,118
DA:64,56
DA:72,47
DA:73,156
DA:74,78
DA:75,91
DA:76,16
DA:77,77
DA:78,6
DA:79,9
DA:81,0
DA:82,0
DA:83,0
DA:84,0
DA:85,0
DA:86,0
DA:87,0
DA:88,0
DA:89,0
DA:90,0
DA:91,0
DA:92,0
DA:93,0
DA:94,0
DA:95,0
DA:96,0
DA:97,0
DA:98,0
DA:99,0
DA:100,0
DA:101,0
DA:102,0
DA:103,0
DA:104,0
DA:105,0
DA:106,0
DA:107,0
DA:108,0
DA:109,0
DA:110,0
DA:111,0
DA:112,0
DA:113,0
DA:114,0
DA:115,0
DA:116,0
DA:117,0
DA:118,0
DA:119,0
DA:120,0
DA:121,0
DA:122,0
DA:123,0
DA:124,30
DA:138,10
DA:139,16
DA:140,22
DA:141,12
DA:142,12
DA:143,13
DA:144,10
DA:146,96
DA:147,54
DA:148,16
DA:149,135
DA:150,6
DA:151,9
DA:153,154
DA:154,75
DA:155,8
DA:156,30
DA:157,168
DA:158,5
DA:159,18
DA:160,26
DA:161,154
DA:162,20
DA:163,32
DA:164,222
DA:165,9
DA:166,13
DA:167,36
DA:168,30
DA:169,32
DA:170,168
DA:171,2
DA:172,16
DA:173,28
DA:174,168
DA:175,12
DA:176,9
DA:179,124
DA:181,75
DA:182,70
DA:183,32
DA:184,166
DA:185,7
DA:186,15
DA:194,32
DA:195,354
DA:196,65
DA:197,27
DA:198,9
DA:199,0
DA:200,0
DA:201,0
DA:202,0
DA:203,0
DA:204,0
DA:205,0
DA:206,0
DA:207,0
DA:208,0
DA:209,0
DA:210,0
DA:211,0
DA:212,0
DA:213,0
DA:214,0
DA:215,0
DA:216,0
DA:217,0
DA:218,0
DA:219,0
DA:220,0
DA:221,0
DA:222,0
DA:223,0
DA:224,0
DA:225,0
DA:226,0
DA:227,0
DA:228,0
DA:229,0
DA:230,0
DA:231,0
DA:232,0
DA:233,0
DA:234,0
DA:235,0
DA:236,0
DA:237,0
DA:238,0
DA:239,0
DA:240,0
DA:241,0
DA:242,0
DA:243,0
DA:244,0
DA:245,0
DA:246,0
DA:247,0
DA:248,0
DA:249,0
DA:250,0
DA:251,0
DA:252,0
DA:253,0
DA:254,0
DA:255,0
DA:256,0
DA:257,0
DA:258,0
DA:259,0
DA:260,0
DA:261,0
DA:262,0
DA:263,0
DA:264,0
DA:265,0
DA:266,0
DA:267,0
DA:268,0
DA:269,0
DA:270,0
DA:271,0
DA:272,0
DA:273,0
DA:274,0
DA:275,0
DA:276,6
DA:278,2
DA:279,56
DA:280,96
DA:281,60
DA:282,91
DA:283,46
DA:284,5
DA:286,57
LF:238
LH:99
end_of_record
TN:
SF:shared/files/StorageProvider.ts
FNF:1
FNH:0
DA:8,23
LF:1
LH:1
end_of_record
TN:
SF:shared/files/index.ts
FNF:1
FNH:1
DA:1,29
DA:2,37
DA:3,33
LF:3
LH:3
end_of_record
TN:
SF:shared/logger/Logger.ts
FNF:14
FNH:7
DA:1,75
DA:2,111
DA:21,90
DA:22,96
DA:23,141
DA:24,57
DA:25,39
DA:26,36
DA:27,36
DA:28,30
DA:29,33
DA:30,60
DA:31,108
DA:32,114
DA:33,120
DA:34,102
DA:35,108
DA:36,126
DA:37,108
DA:38,105
DA:39,33
DA:41,108
DA:44,48
DA:45,234
DA:47,39
DA:48,239
DA:49,86
DA:51,40
DA:52,128
DA:53,68
DA:54,16
DA:56,44
DA:57,35
DA:58,33
DA:59,134
DA:60,90
DA:61,32
DA:62,42
DA:63,257
DA:64,72
DA:65,111
DA:66,111
DA:67,114
DA:68,99
DA:69,33
DA:70,60
DA:71,126
DA:72,132
DA:73,123
DA:74,138
DA:75,129
DA:76,129
DA:77,135
DA:78,93
DA:79,33
DA:80,78
DA:81,105
DA:82,108
DA:83,105
DA:84,111
DA:85,102
DA:86,105
DA:87,33
DA:88,125
DA:89,0
DA:90,144
DA:92,55
DA:93,61
DA:94,109
DA:95,152
DA:96,14
DA:97,166
DA:99,85
DA:100,133
DA:102,108
DA:103,112
DA:104,158
DA:105,14
DA:106,165
DA:107,115
DA:109,0
DA:110,0
DA:111,174
DA:114,0
DA:115,110
DA:117,72
DA:118,167
DA:119,28
DA:120,14
DA:121,85
DA:122,24
DA:123,48
DA:124,68
DA:125,28
DA:126,32
DA:127,82
DA:128,4
DA:129,16
DA:130,62
DA:131,34
DA:132,58
DA:133,72
DA:134,32
DA:135,36
DA:136,86
DA:137,14
DA:138,16
DA:139,10
DA:140,41
DA:141,36
DA:142,45
DA:143,168
DA:144,132
DA:145,21
DA:146,24
DA:147,83
DA:148,34
DA:149,144
DA:150,16
DA:151,50
DA:155,55
DA:156,121
DA:158,0
DA:159,88
DA:161,53
DA:162,118
DA:164,55
DA:165,121
DA:167,0
DA:168,0
DA:169,0
DA:170,0
DA:171,0
DA:172,0
DA:173,0
DA:174,0
DA:175,0
DA:176,46
DA:179,0
DA:180,0
DA:181,0
DA:182,0
DA:183,0
DA:184,0
DA:185,0
DA:186,0
DA:187,0
DA:188,0
DA:189,0
DA:190,0
DA:191,0
DA:192,0
DA:193,23
DA:196,1
LF:154
LH:126
end_of_record
TN:
SF:shared/logger/index.ts
FNF:1
FNH:1
DA:2,44
LF:1
LH:1
end_of_record
TN:
SF:shared/utils/crypto/api_key_generation.ts
FNF:2
FNH:1
DA:2,48
DA:8,0
DA:9,0
DA:10,0
DA:11,0
DA:12,0
DA:13,0
DA:14,0
DA:15,0
DA:16,0
DA:17,0
DA:18,0
DA:19,0
DA:20,0
DA:21,0
DA:22,0
DA:23,0
DA:24,0
DA:25,1
DA:28,17
DA:30,98
DA:31,79
DA:32,13
LF:23
LH:6
end_of_record
TN:
SF:shared/utils/date/parse_date_strings.ts
FNF:1
FNH:0
DA:3,26
DA:4,7
DA:5,8
DA:6,10
DA:7,11
DA:8,10
DA:9,2
DA:11,0
DA:12,0
DA:13,0
DA:14,0
DA:15,0
DA:16,0
DA:17,0
DA:18,0
DA:19,0
DA:20,0
LF:17
LH:7
end_of_record
TN:
SF:shared/utils/expressUnitTests/createMockRequest.ts
FNF:1
FNH:1
DA:3,25
DA:4,12
DA:5,13
DA:6,15
DA:7,14
DA:8,19
DA:9,11
DA:10,1
LF:8
LH:8
end_of_record
TN:
SF:shared/utils/expressUnitTests/createMockResponse.ts
FNF:8
FNH:5
DA:17,11
DA:19,17
DA:20,18
DA:21,21
DA:22,25
DA:23,17
DA:24,17
DA:25,21
DA:26,19
DA:27,19
DA:28,23
DA:29,26
DA:30,4
DA:32,27
DA:33,23
DA:34,32
DA:35,13
DA:38,25
DA:39,21
DA:40,21
DA:41,30
DA:42,13
DA:45,25
DA:46,25
DA:47,21
DA:48,30
DA:49,13
DA:52,0
DA:53,0
DA:54,0
DA:55,0
DA:56,3
DA:59,0
DA:60,0
DA:61,3
DA:64,0
DA:65,3
DA:68,29
DA:69,34
DA:70,29
DA:71,13
DA:74,10
LF:42
LH:35
end_of_record
TN:
SF:shared/utils/index.ts
FNF:1
FNH:1
DA:1,44
DA:2,42
DA:3,53
DA:4,54
DA:5,66
DA:6,91
DA:7,60
DA:8,66
DA:9,41
DA:10,36
LF:10
LH:10
end_of_record
TN:
SF:shared/utils/ip/index.ts
FNF:3
FNH:3
DA:1,30
DA:8,21
DA:9,91
DA:17,16
DA:18,40
DA:19,19
DA:20,0
DA:21,0
DA:22,0
DA:23,0
DA:24,0
DA:25,0
DA:26,2
DA:27,61
DA:28,62
DA:29,48
DA:31,31
DA:32,14
DA:33,21
DA:34,25
DA:35,1
DA:36,0
DA:37,0
LF:23
LH:15
end_of_record
TN:
SF:shared/utils/nix/parseNarInfoIntoJSON.ts
FNF:1
FNH:1
DA:1,22
DA:2,24
DA:3,38
DA:4,40
DA:5,37
DA:6,35
DA:7,33
DA:8,4
DA:9,68
DA:10,2
DA:12,17
LF:11
LH:11
end_of_record
TN:
SF:shared/utils/rest/Authentication.ts
FNF:3
FNH:3
DA:2,68
DA:3,58
DA:4,45
DA:5,40
DA:7,56
DA:8,28
DA:9,66
DA:10,15
DA:11,137
DA:12,2
DA:13,1
DA:14,2
DA:16,73
DA:17,39
DA:18,28
DA:19,66
DA:20,15
DA:21,137
DA:22,2
DA:23,1
DA:24,2
DA:26,43
DA:27,73
DA:28,26
DA:29,28
DA:30,51
DA:31,47
DA:32,2
DA:33,1
DA:34,2
DA:37,40
DA:38,52
DA:40,9
DA:41,11
DA:43,67
DA:46,55
DA:47,28
DA:48,50
DA:49,49
DA:50,2
DA:51,1
DA:52,4
DA:54,34
DA:57,73
DA:58,12
DA:59,9
DA:60,6
DA:61,55
DA:62,0
DA:63,0
DA:64,0
DA:65,0
DA:66,0
DA:67,4
DA:70,12
LF:55
LH:50
end_of_record
TN:
SF:shared/utils/rest/FilterFeatures.ts
FNF:3
FNH:2
DA:2,30
DA:3,61
DA:4,46
DA:7,30
DA:9,23
DA:10,4
DA:11,33
DA:12,58
DA:13,0
DA:14,0
DA:15,0
DA:16,0
DA:17,0
DA:18,0
DA:19,0
DA:20,0
DA:21,2
DA:23,10
DA:31,0
DA:32,0
DA:33,0
DA:34,0
DA:35,0
DA:36,0
DA:37,0
DA:38,0
DA:39,0
LF:27
LH:10
end_of_record
TN:
SF:shared/utils/rest/IPFiltering.ts
FNF:3
FNH:3
DA:2,30
DA:3,49
DA:4,45
DA:5,40
DA:7,71
DA:8,39
DA:9,12
DA:10,126
DA:11,6
DA:12,28
DA:13,55
DA:14,61
DA:15,2
DA:16,1
DA:17,2
DA:19,40
DA:20,57
DA:21,73
DA:22,13
DA:23,2
DA:25,60
DA:26,43
DA:27,82
DA:28,13
DA:29,2
DA:32,74
DA:34,75
DA:36,0
DA:37,0
DA:38,0
DA:39,0
DA:40,0
DA:41,2
DA:44,38
DA:45,0
DA:46,0
DA:47,0
DA:48,0
DA:49,0
DA:50,2
DA:52,15
LF:41
LH:31
end_of_record
TN:
SF:shared/utils/rest/MakeResponse.ts
FNF:1
FNH:1
DA:3,14
DA:4,13
DA:5,16
DA:6,10
DA:7,6
DA:8,3
DA:9,12
DA:10,16
DA:11,19
DA:12,13
DA:13,9
DA:14,23
DA:15,1
LF:13
LH:13
end_of_record
TN:
SF:shared/utils/zod/zod_cachix_schemas.ts
FNF:1
FNH:1
DA:1,20
DA:3,45
DA:4,43
DA:5,61
DA:6,3
DA:8,51
DA:9,17
DA:10,17
DA:11,12
DA:12,14
DA:13,19
DA:14,14
DA:15,2
DA:16,2
DA:17,3
DA:19,56
DA:20,29
DA:21,24
DA:22,19
DA:23,25
DA:24,53
DA:25,41
DA:26,18
DA:27,21
DA:28,3
DA:30,47
DA:31,23
DA:32,18
DA:33,3
DA:35,66
DA:36,19
DA:37,3
DA:39,45
DA:40,37
DA:41,30
DA:42,42
DA:43,17
DA:44,20
DA:45,30
DA:46,80
DA:47,22
DA:48,2
LF:42
LH:42
end_of_record
TN:
SF:shared/utils/zod/zod_db_schemas.ts
FNF:1
FNH:1
DA:1,20
DA:3,40
DA:4,17
DA:5,30
DA:6,19
DA:7,25
DA:8,25
DA:9,43
DA:10,18
DA:11,23
DA:12,16
DA:13,3
DA:14,48
DA:15,17
DA:16,28
DA:17,38
DA:18,19
DA:19,25
DA:20,25
DA:21,17
DA:22,3
DA:23,39
DA:24,17
DA:25,24
DA:26,22
DA:27,17
DA:28,25
DA:29,19
DA:30,28
DA:31,37
DA:32,3
DA:34,45
DA:35,17
DA:36,28
DA:37,23
DA:38,23
DA:39,21
DA:40,23
DA:41,37
DA:42,17
DA:43,3
DA:45,44
DA:46,17
DA:47,28
DA:48,25
DA:49,25
DA:50,23
DA:51,80
DA:52,26
DA:53,31
DA:54,32
DA:55,3
DA:57,57
DA:58,17
DA:59,36
DA:60,26
DA:61,29
DA:62,25
DA:63,37
DA:64,25
DA:65,38
DA:66,78
DA:67,3
DA:69,42
DA:70,17
DA:71,19
DA:72,17
DA:73,3
DA:75,46
DA:76,17
DA:77,18
DA:78,31
DA:79,17
DA:80,3
DA:82,56
DA:83,17
DA:84,31
DA:85,26
DA:86,3
DA:88,45
DA:89,17
DA:90,23
DA:91,24
DA:92,24
DA:93,23
DA:94,23
DA:95,26
DA:96,19
DA:97,25
DA:98,27
DA:99,20
DA:100,39
DA:101,36
DA:102,3
DA:104,59
DA:105,17
DA:106,37
DA:107,26
DA:108,3
DA:110,42
DA:111,17
DA:112,40
DA:113,45
DA:114,19
DA:115,16
DA:116,3
DA:118,41
DA:119,17
DA:120,28
DA:121,29
DA:122,18
DA:123,36
DA:124,2
LF:113
LH:113
end_of_record
TN:
SF:shared/utils/zod/zod_nix_schemas.ts
FNF:1
FNH:1
DA:1,24
DA:3,42
DA:4,24
DA:5,18
DA:6,38
DA:7,23
DA:8,74
DA:9,22
DA:10,73
DA:11,25
DA:12,22
DA:13,16
DA:14,3
DA:16,45
DA:17,23
DA:18,28
DA:19,21
DA:20,2
LF:18
LH:18
end_of_record
TN:
SF:shared/utils/zod/zod_rest_schemas.ts
FNF:1
FNH:1
DA:1,20
DA:3,48
DA:4,26
DA:5,29
DA:6,24
DA:7,20
DA:8,27
DA:9,5
DA:10,22
DA:11,3
DA:13,47
DA:14,26
DA:15,29
DA:16,24
DA:17,19
DA:18,22
DA:19,2
LF:17
LH:17
end_of_record
TN:
SF:tests/cache/setup.ts
FNF:1
FNH:1
DA:5,54
DA:6,30
DA:7,53
DA:9,29
DA:10,25
DA:11,27
DA:13,50
DA:14,32
DA:15,47
DA:16,20
DA:17,15
DA:18,28
DA:19,36
DA:20,4
DA:21,13
DA:22,29
DA:23,22
DA:24,27
DA:25,30
DA:26,4
DA:27,13
DA:28,41
DA:29,36
DA:30,4
DA:31,14
DA:32,23
DA:33,39
DA:34,4
DA:35,14
DA:36,38
DA:37,17
DA:38,4
DA:39,18
DA:40,42
DA:41,29
DA:42,17
DA:43,2
DA:44,3
DA:45,29
LF:39
LH:39
end_of_record
TN:
SF:tests/cache/utils/runEndpoint.ts
FNF:3
FNH:3
DA:3,88
DA:11,6
DA:12,5
DA:15,9
DA:16,3
DA:17,40
DA:18,36
DA:19,60
DA:20,36
DA:21,10
DA:22,2
DA:23,2
DA:24,15
LF:13
LH:13
end_of_record
TN:
SF:tests/cache/utils/setupTenantStructure.ts
FNF:2
FNH:2
DA:2,43
DA:3,51
DA:4,76
DA:5,50
DA:6,70
DA:7,7
DA:12,3
DA:13,54
DA:14,14
DA:15,33
DA:16,29
DA:17,23
DA:18,20
DA:19,39
DA:20,46
DA:21,16
DA:22,8
DA:23,5
DA:25,40
DA:27,49
DA:28,14
DA:29,33
DA:30,23
DA:31,5
DA:32,57
DA:33,14
DA:34,25
DA:35,28
DA:36,39
DA:37,5
DA:38,46
DA:39,14
DA:40,25
DA:41,27
DA:42,5
DA:43,12
DA:44,18
DA:45,12
DA:46,16
DA:47,12
DA:48,1
LF:41
LH:41
end_of_record
TN:
SF:tests/shared/daos/utils.ts
FNF:1
FNH:1
DA:1,38
DA:2,49
DA:3,58
DA:4,67
DA:12,15
DA:13,27
DA:14,35
DA:15,42
DA:17,44
DA:19,44
DA:21,31
DA:23,19
DA:24,54
DA:25,7
DA:26,28
DA:27,1
LF:16
LH:16
end_of_record
