TN:
SF:shared/db/Connectors/SQLite.ts
FNF:3
FNH:2
DA:1,132
DA:3,138
DA:4,39
DA:5,142
DA:6,10
DA:7,34
DA:8,106
DA:9,32
DA:10,160
DA:11,12
DA:12,14
DA:14,109
DA:17,40
DA:18,83
DA:20,1
LF:15
LH:15
end_of_record
TN:
SF:shared/db/DAO/DAO.ts
FNF:3
FNH:2
DA:1,81
DA:5,1
DA:6,0
DA:7,0
DA:8,0
DA:9,21
DA:11,26
DA:12,89
DA:13,48
DA:14,54
DA:15,26
DA:16,14
DA:17,13
DA:18,84
DA:19,8
DA:20,16
DA:21,84
DA:22,30
DA:26,23
DA:27,43
DA:28,42
DA:29,9
DA:30,36
DA:37,2
LF:24
LH:21
end_of_record
TN:
SF:shared/db/DAO/access_rules.ts
FNF:16
FNH:15
DA:2,82
DA:4,56
DA:5,111
DA:6,41
DA:7,46
DA:9,35
DA:10,42
DA:11,77
DA:12,86
DA:13,9
DA:15,44
DA:16,13
DA:17,86
DA:18,8
DA:19,16
DA:20,86
DA:21,6
DA:22,9
DA:24,46
DA:25,12
DA:32,30
DA:33,108
DA:34,81
DA:41,22
DA:42,92
DA:43,73
DA:52,27
DA:53,112
DA:54,79
DA:62,45
DA:63,101
DA:72,65
DA:73,117
DA:82,40
DA:83,152
DA:84,91
DA:92,40
DA:93,114
DA:94,85
DA:96,2
LF:40
LH:40
end_of_record
TN:
SF:shared/db/DAO/agents.ts
FNF:13
FNH:11
DA:2,82
DA:4,56
DA:5,91
DA:6,29
DA:7,35
DA:8,42
DA:9,77
DA:10,72
DA:11,9
DA:13,44
DA:14,13
DA:15,80
DA:16,8
DA:17,16
DA:18,80
DA:19,6
DA:20,9
DA:22,46
DA:23,12
DA:31,30
DA:32,81
DA:39,22
DA:40,0
DA:41,0
DA:42,0
DA:43,0
DA:44,0
DA:45,0
DA:46,0
DA:47,0
DA:48,0
DA:49,0
DA:50,72
DA:58,27
DA:59,79
DA:68,30
DA:69,81
DA:78,30
DA:79,75
DA:81,2
LF:40
LH:30
end_of_record
TN:
SF:shared/db/DAO/agents_deployments_links.ts
FNF:12
FNH:11
DA:2,82
DA:4,56
DA:5,167
DA:6,65
DA:7,35
DA:8,42
DA:9,77
DA:10,110
DA:11,9
DA:13,44
DA:14,13
DA:15,98
DA:16,8
DA:17,16
DA:18,98
DA:19,6
DA:20,9
DA:22,46
DA:23,12
DA:31,30
DA:32,81
DA:39,22
DA:40,73
DA:48,27
DA:49,79
DA:58,30
DA:59,81
DA:68,30
DA:69,75
DA:71,2
LF:30
LH:30
end_of_record
TN:
SF:shared/db/DAO/api_key.ts
FNF:14
FNH:13
DA:2,82
DA:4,56
DA:5,95
DA:7,33
DA:8,35
DA:9,42
DA:10,77
DA:11,78
DA:12,9
DA:14,44
DA:15,13
DA:16,81
DA:17,8
DA:18,16
DA:19,81
DA:20,6
DA:21,9
DA:23,46
DA:24,12
DA:32,30
DA:33,81
DA:41,22
DA:42,73
DA:51,27
DA:52,79
DA:61,39
DA:62,93
DA:70,30
DA:71,81
DA:80,30
DA:81,75
DA:83,2
LF:32
LH:32
end_of_record
TN:
SF:shared/db/DAO/api_key_tenant_link.ts
FNF:16
FNH:15
DA:2,82
DA:4,56
DA:5,139
DA:7,59
DA:8,35
DA:9,42
DA:10,77
DA:11,100
DA:12,9
DA:14,44
DA:15,13
DA:16,93
DA:17,8
DA:18,16
DA:19,93
DA:20,6
DA:21,9
DA:23,46
DA:24,12
DA:32,30
DA:33,81
DA:40,22
DA:41,73
DA:50,27
DA:51,79
DA:60,47
DA:61,103
DA:71,20
DA:72,24
DA:73,21
DA:74,10
DA:75,137
DA:83,30
DA:84,81
DA:93,30
DA:94,75
DA:96,2
LF:37
LH:37
end_of_record
TN:
SF:shared/db/DAO/deployment.ts
FNF:14
FNH:13
DA:2,82
DA:4,56
DA:5,111
DA:7,39
DA:8,35
DA:9,42
DA:10,77
DA:11,82
DA:12,9
DA:14,44
DA:15,13
DA:16,85
DA:17,8
DA:18,16
DA:19,85
DA:20,6
DA:21,9
DA:23,46
DA:24,12
DA:32,30
DA:33,81
DA:40,22
DA:41,73
DA:49,27
DA:50,79
DA:59,30
DA:60,81
DA:68,61
DA:69,133
DA:78,30
DA:79,75
DA:81,2
LF:32
LH:32
end_of_record
TN:
SF:shared/db/DAO/deployment_keys.ts
FNF:15
FNH:13
DA:2,82
DA:4,56
DA:5,131
DA:7,47
DA:8,46
DA:9,35
DA:10,42
DA:11,69
DA:12,92
DA:13,9
DA:15,44
DA:16,13
DA:17,89
DA:18,8
DA:19,16
DA:20,89
DA:21,6
DA:22,9
DA:24,46
DA:25,12
DA:33,30
DA:34,81
DA:41,22
DA:42,73
DA:50,33
DA:51,87
DA:59,27
DA:60,0
DA:61,0
DA:62,0
DA:63,0
DA:64,0
DA:65,0
DA:66,0
DA:67,0
DA:68,0
DA:69,0
DA:70,0
DA:71,0
DA:72,0
DA:73,69
DA:81,30
DA:82,70
DA:91,30
DA:92,75
DA:94,2
LF:46
LH:33
end_of_record
TN:
SF:shared/db/DAO/derivation.ts
FNF:12
FNH:11
DA:2,82
DA:4,56
DA:5,107
DA:7,39
DA:8,46
DA:9,35
DA:10,42
DA:11,77
DA:12,84
DA:13,9
DA:15,44
DA:16,13
DA:17,85
DA:18,8
DA:19,16
DA:20,85
DA:21,6
DA:22,9
DA:24,46
DA:25,12
DA:32,30
DA:33,146
DA:34,81
DA:41,22
DA:42,140
DA:43,73
DA:52,27
DA:53,110
DA:54,79
DA:62,30
DA:63,120
DA:64,70
DA:73,40
DA:74,130
DA:75,85
DA:77,2
LF:36
LH:36
end_of_record
TN:
SF:shared/db/DAO/derivation_tenant_link.ts
FNF:14
FNH:13
DA:2,82
DA:4,56
DA:5,153
DA:7,61
DA:8,35
DA:9,42
DA:10,77
DA:11,106
DA:12,9
DA:14,44
DA:15,13
DA:16,96
DA:17,8
DA:18,16
DA:19,96
DA:20,6
DA:21,9
DA:22,46
DA:23,12
DA:31,30
DA:32,81
DA:40,22
DA:41,73
DA:50,27
DA:51,79
DA:60,67
DA:61,131
DA:69,30
DA:70,70
DA:79,30
DA:80,75
DA:82,2
LF:32
LH:32
end_of_record
TN:
SF:shared/db/DAO/request.ts
FNF:18
FNH:17
DA:2,82
DA:4,56
DA:5,95
DA:6,33
DA:7,35
DA:8,42
DA:9,77
DA:10,78
DA:11,9
DA:13,44
DA:14,13
DA:15,82
DA:16,8
DA:17,16
DA:18,82
DA:19,6
DA:20,9
DA:21,46
DA:22,12
DA:30,30
DA:31,81
DA:38,22
DA:39,73
DA:47,27
DA:48,79
DA:56,53
DA:57,121
DA:65,55
DA:66,100
DA:74,46
DA:75,107
DA:83,30
DA:84,81
DA:93,30
DA:94,75
DA:96,2
LF:36
LH:36
end_of_record
TN:
SF:shared/db/DAO/signing_keys.ts
FNF:16
FNH:15
DA:2,82
DA:4,56
DA:5,111
DA:7,41
DA:8,35
DA:9,42
DA:10,77
DA:11,86
DA:12,9
DA:14,44
DA:15,13
DA:16,86
DA:17,8
DA:18,16
DA:19,86
DA:20,6
DA:21,9
DA:23,46
DA:24,12
DA:31,30
DA:32,81
DA:39,22
DA:40,73
DA:48,41
DA:49,99
DA:58,27
DA:59,79
DA:67,45
DA:68,101
DA:76,40
DA:77,80
DA:86,40
DA:87,85
DA:89,2
LF:34
LH:34
end_of_record
TN:
SF:shared/db/DAO/sqlite/access_rules.ts
FNF:19
FNH:18
DA:1,106
DA:3,88
DA:4,114
DA:5,108
DA:6,119
DA:8,71
DA:9,78
DA:17,30
DA:18,116
DA:19,52
DA:20,42
DA:21,38
DA:22,26
DA:23,78
DA:24,38
DA:25,6
DA:26,36
DA:27,94
DA:28,13
DA:29,110
DA:30,10
DA:31,16
DA:32,94
DA:33,8
DA:34,13
DA:36,32
DA:37,32
DA:38,56
DA:39,56
DA:40,80
DA:41,80
DA:42,72
DA:43,72
DA:44,80
DA:45,58
DA:46,6
DA:47,38
DA:48,120
DA:49,91
DA:50,12
DA:52,42
DA:53,13
DA:54,110
DA:55,8
DA:56,16
DA:57,94
DA:58,6
DA:59,9
DA:60,45
DA:67,22
DA:68,42
DA:69,28
DA:70,52
DA:71,52
DA:72,76
DA:73,76
DA:74,68
DA:75,68
DA:76,76
DA:77,54
DA:78,6
DA:79,38
DA:80,120
DA:81,73
DA:90,27
DA:91,60
DA:92,28
DA:93,52
DA:94,52
DA:95,76
DA:96,76
DA:97,68
DA:98,68
DA:99,76
DA:100,54
DA:101,6
DA:102,38
DA:103,120
DA:104,70
DA:106,54
DA:107,13
DA:108,126
DA:109,8
DA:110,16
DA:111,126
DA:112,6
DA:113,9
DA:115,95
DA:116,27
DA:117,9
DA:119,47
DA:128,65
DA:129,96
DA:130,60
DA:131,28
DA:132,52
DA:133,52
DA:134,76
DA:135,76
DA:136,68
DA:137,68
DA:138,76
DA:139,54
DA:140,6
DA:141,38
DA:142,120
DA:143,12
DA:144,8
DA:145,64
DA:146,60
DA:147,76
DA:148,2
DA:149,4
DA:150,72
DA:152,26
DA:153,41
DA:156,45
DA:157,42
DA:158,28
DA:159,52
DA:160,52
DA:161,76
DA:162,76
DA:163,68
DA:164,68
DA:165,76
DA:166,54
DA:167,6
DA:168,38
DA:169,120
DA:170,92
DA:171,72
DA:173,29
DA:180,26
DA:181,152
DA:190,40
DA:191,116
DA:192,60
DA:193,42
DA:194,26
DA:195,88
DA:196,74
DA:197,74
DA:198,66
DA:199,66
DA:200,74
DA:201,52
DA:202,6
DA:203,82
DA:204,36
DA:206,110
DA:207,13
DA:208,144
DA:209,10
DA:210,16
DA:211,144
DA:212,8
DA:213,13
DA:215,32
DA:216,32
DA:217,56
DA:218,56
DA:219,80
DA:220,80
DA:221,72
DA:222,72
DA:223,80
DA:224,58
DA:225,6
DA:226,38
DA:227,120
DA:228,94
DA:229,23
DA:230,12
DA:231,84
DA:232,13
DA:233,118
DA:234,8
DA:235,16
DA:236,118
DA:237,6
DA:238,9
DA:239,39
DA:241,2
LF:184
LH:184
end_of_record
TN:
SF:shared/db/DAO/sqlite/agent.ts
FNF:21
FNH:19
DA:1,76
DA:3,88
DA:4,108
DA:5,141
DA:8,41
DA:9,78
DA:11,30
DA:12,100
DA:13,68
DA:14,30
DA:15,38
DA:16,26
DA:17,44
DA:18,78
DA:19,84
DA:20,6
DA:21,36
DA:23,60
DA:24,13
DA:25,114
DA:26,10
DA:27,16
DA:28,114
DA:29,8
DA:30,13
DA:32,32
DA:33,32
DA:34,44
DA:35,56
DA:36,72
DA:37,64
DA:38,44
DA:39,72
DA:40,52
DA:41,72
DA:42,6
DA:43,26
DA:44,108
DA:45,146
DA:46,90
DA:47,51
DA:48,42
DA:49,13
DA:50,104
DA:51,12
DA:52,16
DA:53,104
DA:54,10
DA:55,17
DA:56,42
DA:57,40
DA:58,62
DA:59,72
DA:60,84
DA:61,18
DA:62,10
DA:63,9
DA:64,15
DA:67,22
DA:68,42
DA:69,28
DA:70,40
DA:71,52
DA:72,68
DA:73,60
DA:74,40
DA:75,68
DA:76,48
DA:77,68
DA:78,6
DA:79,26
DA:80,108
DA:81,146
DA:82,41
DA:83,73
DA:84,42
DA:85,36
DA:86,62
DA:87,68
DA:88,80
DA:89,18
DA:90,10
DA:91,8
DA:92,15
DA:95,27
DA:96,42
DA:97,28
DA:98,40
DA:99,52
DA:100,68
DA:101,60
DA:102,40
DA:103,68
DA:104,48
DA:105,68
DA:106,6
DA:107,26
DA:108,108
DA:109,146
DA:110,50
DA:111,47
DA:112,37
DA:113,24
DA:114,36
DA:115,58
DA:116,68
DA:117,80
DA:118,14
DA:119,7
DA:120,14
DA:121,0
DA:122,0
DA:123,0
DA:124,0
DA:125,0
DA:126,0
DA:127,0
DA:128,0
DA:129,0
DA:130,0
DA:131,0
DA:132,0
DA:133,0
DA:134,0
DA:135,0
DA:136,0
DA:137,0
DA:138,0
DA:139,0
DA:140,0
DA:141,0
DA:142,0
DA:143,0
DA:144,0
DA:145,0
DA:146,0
DA:147,0
DA:148,0
DA:149,0
DA:150,0
DA:151,13
DA:154,30
DA:155,132
DA:158,30
DA:159,100
DA:160,50
DA:161,30
DA:162,26
DA:163,78
DA:164,68
DA:165,60
DA:166,40
DA:167,68
DA:168,48
DA:169,84
DA:170,6
DA:171,60
DA:172,36
DA:174,42
DA:175,13
DA:176,109
DA:177,10
DA:178,16
DA:179,109
DA:180,8
DA:181,13
DA:183,32
DA:184,32
DA:185,44
DA:186,56
DA:187,72
DA:188,64
DA:189,44
DA:190,72
DA:191,52
DA:192,72
DA:193,6
DA:194,26
DA:195,108
DA:196,146
DA:197,60
DA:198,51
DA:199,42
DA:200,13
DA:201,109
DA:202,12
DA:203,16
DA:204,109
DA:205,10
DA:206,17
DA:208,42
DA:209,40
DA:210,62
DA:211,72
DA:212,84
DA:213,18
DA:214,10
DA:215,9
DA:216,9
DA:218,2
LF:200
LH:170
end_of_record
TN:
SF:shared/db/DAO/sqlite/agents_deployments_links.ts
FNF:20
FNH:19
DA:1,66
DA:2,96
DA:4,88
DA:5,108
DA:6,228
DA:15,111
DA:17,79
DA:18,78
DA:19,30
DA:20,100
DA:21,50
DA:22,66
DA:23,38
DA:24,26
DA:25,44
DA:26,94
DA:27,68
DA:28,6
DA:29,36
DA:31,42
DA:32,13
DA:33,148
DA:34,10
DA:35,16
DA:36,148
DA:37,8
DA:38,13
DA:41,32
DA:42,32
DA:43,80
DA:44,72
DA:45,52
DA:46,84
DA:47,112
DA:48,116
DA:49,112
DA:50,120
DA:51,48
DA:52,82
DA:53,62
DA:54,90
DA:55,6
DA:56,62
DA:57,138
DA:58,168
DA:59,146
DA:60,126
DA:61,108
DA:62,108
DA:63,51
DA:64,42
DA:65,13
DA:66,148
DA:67,12
DA:68,16
DA:69,148
DA:70,10
DA:71,17
DA:72,36
DA:73,54
DA:74,64
DA:75,74
DA:76,82
DA:77,56
DA:78,80
DA:79,80
DA:80,22
DA:81,24
DA:82,54
DA:83,64
DA:84,78
DA:85,82
DA:86,66
DA:87,70
DA:88,80
DA:89,22
DA:90,24
DA:91,58
DA:92,86
DA:93,90
DA:94,86
DA:95,94
DA:96,64
DA:97,10
DA:98,9
DA:99,15
DA:102,22
DA:103,42
DA:104,28
DA:105,76
DA:106,68
DA:107,48
DA:108,80
DA:109,108
DA:110,112
DA:111,116
DA:112,108
DA:113,78
DA:114,58
DA:115,44
DA:116,86
DA:117,6
DA:118,62
DA:119,138
DA:120,168
DA:121,146
DA:122,126
DA:123,108
DA:124,41
DA:125,73
DA:126,36
DA:127,50
DA:128,64
DA:129,70
DA:130,78
DA:131,56
DA:132,76
DA:133,76
DA:134,22
DA:135,24
DA:136,54
DA:137,60
DA:138,78
DA:139,66
DA:140,66
DA:141,76
DA:142,22
DA:143,24
DA:144,54
DA:145,82
DA:146,86
DA:147,82
DA:148,90
DA:149,60
DA:150,10
DA:151,8
DA:152,15
DA:155,27
DA:156,42
DA:157,28
DA:158,76
DA:159,68
DA:160,48
DA:161,80
DA:162,108
DA:163,112
DA:164,116
DA:165,108
DA:166,78
DA:167,58
DA:168,44
DA:169,86
DA:170,6
DA:171,62
DA:172,138
DA:173,168
DA:174,146
DA:175,126
DA:176,108
DA:177,86
DA:178,41
DA:179,43
DA:180,29
DA:181,13
DA:182,58
DA:183,32
DA:184,46
DA:185,60
DA:186,66
DA:187,74
DA:188,52
DA:189,72
DA:190,72
DA:191,18
DA:192,20
DA:193,50
DA:194,56
DA:195,74
DA:196,62
DA:197,62
DA:198,72
DA:199,18
DA:200,20
DA:201,50
DA:202,78
DA:203,82
DA:204,78
DA:205,86
DA:206,56
DA:207,8
DA:208,15
DA:211,30
DA:212,28
DA:213,66
DA:214,110
DA:217,30
DA:218,100
DA:219,50
DA:220,66
DA:221,32
DA:222,26
DA:223,44
DA:224,94
DA:225,68
DA:226,6
DA:227,96
DA:228,36
DA:230,42
DA:231,13
DA:232,143
DA:233,10
DA:234,16
DA:235,143
DA:236,8
DA:237,13
DA:239,32
DA:240,32
DA:241,80
DA:242,72
DA:243,52
DA:244,84
DA:245,112
DA:246,116
DA:247,120
DA:248,112
DA:249,82
DA:250,62
DA:251,48
DA:252,90
DA:253,6
DA:254,62
DA:255,138
DA:256,168
DA:257,146
DA:258,126
DA:259,108
DA:260,108
DA:261,51
DA:262,42
DA:263,13
DA:264,143
DA:265,12
DA:266,16
DA:267,143
DA:268,10
DA:269,17
DA:270,36
DA:271,54
DA:272,64
DA:273,74
DA:274,82
DA:275,56
DA:276,80
DA:277,80
DA:278,22
DA:279,24
DA:280,54
DA:281,64
DA:282,82
DA:283,66
DA:284,70
DA:285,80
DA:286,22
DA:287,24
DA:288,58
DA:289,86
DA:290,90
DA:291,86
DA:292,94
DA:293,64
DA:294,10
DA:295,9
DA:296,9
DA:298,2
LF:274
LH:274
end_of_record
TN:
SF:shared/db/DAO/sqlite/api_key_tenant_link.ts
FNF:19
FNH:18
DA:1,76
DA:3,88
DA:4,108
DA:5,157
DA:8,85
DA:9,78
DA:17,30
DA:18,100
DA:19,56
DA:20,60
DA:21,32
DA:22,78
DA:23,76
DA:24,6
DA:25,36
DA:27,106
DA:28,13
DA:29,174
DA:30,10
DA:31,16
DA:32,174
DA:33,8
DA:34,13
DA:36,54
DA:37,32
DA:38,74
DA:39,56
DA:40,54
DA:41,6
DA:42,56
DA:43,144
DA:44,138
DA:45,120
DA:47,102
DA:48,13
DA:49,174
DA:50,10
DA:51,16
DA:52,174
DA:53,8
DA:54,13
DA:55,45
DA:56,15
DA:63,22
DA:64,42
DA:65,28
DA:66,70
DA:67,52
DA:68,50
DA:69,6
DA:70,56
DA:71,144
DA:72,149
DA:81,27
DA:82,60
DA:83,28
DA:84,70
DA:85,52
DA:86,50
DA:87,6
DA:88,56
DA:89,144
DA:90,138
DA:91,88
DA:93,54
DA:94,13
DA:95,156
DA:96,8
DA:97,16
DA:98,156
DA:99,6
DA:100,9
DA:102,99
DA:103,27
DA:104,9
DA:106,47
DA:115,47
DA:116,60
DA:117,28
DA:118,70
DA:119,52
DA:120,50
DA:121,6
DA:122,56
DA:123,144
DA:124,138
DA:125,122
DA:127,41
DA:136,20
DA:137,24
DA:138,21
DA:139,10
DA:140,42
DA:141,28
DA:142,70
DA:143,52
DA:144,50
DA:145,6
DA:146,56
DA:147,144
DA:148,138
DA:149,12
DA:150,8
DA:151,102
DA:152,94
DA:153,2
DA:154,15
DA:162,26
DA:163,188
DA:172,40
DA:173,100
DA:174,66
DA:175,60
DA:176,26
DA:177,88
DA:178,86
DA:179,6
DA:180,100
DA:181,36
DA:183,72
DA:184,13
DA:185,148
DA:186,10
DA:187,16
DA:188,148
DA:189,8
DA:190,13
DA:192,126
DA:193,13
DA:194,148
DA:195,10
DA:196,16
DA:197,148
DA:198,8
DA:199,13
DA:201,68
DA:202,32
DA:203,74
DA:204,56
DA:205,54
DA:206,6
DA:207,56
DA:208,144
DA:209,138
DA:210,130
DA:212,130
DA:213,13
DA:214,148
DA:215,10
DA:216,16
DA:217,148
DA:218,8
DA:219,13
DA:221,59
DA:222,9
DA:224,2
LF:156
LH:156
end_of_record
TN:
SF:shared/db/DAO/sqlite/api_keys.ts
FNF:13
FNH:12
DA:1,66
DA:3,88
DA:4,108
DA:5,93
DA:8,63
DA:9,78
DA:17,30
DA:18,76
DA:19,34
DA:20,34
DA:21,22
DA:22,34
DA:23,6
DA:24,32
DA:26,124
DA:27,13
DA:28,141
DA:29,8
DA:30,16
DA:31,141
DA:32,6
DA:33,9
DA:35,63
DA:42,22
DA:43,101
DA:52,27
DA:53,168
DA:55,95
DA:56,27
DA:57,9
DA:58,56
DA:59,13
DA:60,114
DA:61,8
DA:62,16
DA:63,114
DA:64,6
DA:65,9
DA:67,45
DA:76,39
DA:77,182
DA:78,88
DA:79,16
DA:80,9
DA:82,52
DA:83,13
DA:84,115
DA:85,8
DA:86,16
DA:87,115
DA:88,6
DA:89,9
DA:91,45
DA:99,30
DA:100,140
DA:109,40
DA:110,74
DA:111,34
DA:112,22
DA:113,54
DA:114,48
DA:115,6
DA:116,74
DA:117,32
DA:119,120
DA:120,13
DA:121,122
DA:122,8
DA:123,16
DA:124,126
DA:125,6
DA:126,9
DA:128,55
DA:130,2
LF:74
LH:74
end_of_record
TN:
SF:shared/db/DAO/sqlite/deployment.ts
FNF:23
FNH:22
DA:1,80
DA:3,88
DA:4,108
DA:5,151
DA:8,51
DA:9,78
DA:11,30
DA:12,100
DA:13,52
DA:14,40
DA:15,38
DA:16,26
DA:17,44
DA:18,78
DA:19,60
DA:20,64
DA:21,6
DA:22,36
DA:24,44
DA:25,13
DA:26,116
DA:27,10
DA:28,16
DA:29,116
DA:30,8
DA:31,13
DA:32,32
DA:33,32
DA:34,54
DA:35,56
DA:36,86
DA:37,86
DA:38,78
DA:39,70
DA:40,90
DA:41,68
DA:42,104
DA:43,6
DA:44,36
DA:45,118
DA:46,146
DA:47,84
DA:48,45
DA:49,36
DA:50,13
DA:51,82
DA:52,12
DA:53,16
DA:54,82
DA:55,10
DA:56,17
DA:57,42
DA:58,34
DA:59,52
DA:60,56
DA:61,78
DA:62,18
DA:63,10
DA:64,9
DA:65,15
DA:68,22
DA:69,42
DA:70,28
DA:71,50
DA:72,52
DA:73,82
DA:74,82
DA:75,74
DA:76,66
DA:77,86
DA:78,64
DA:79,100
DA:80,6
DA:81,36
DA:82,118
DA:83,146
DA:84,41
DA:85,73
DA:86,42
DA:87,36
DA:88,52
DA:89,58
DA:90,80
DA:91,18
DA:92,10
DA:93,8
DA:94,15
DA:97,27
DA:98,42
DA:99,28
DA:100,50
DA:101,52
DA:102,82
DA:103,82
DA:104,74
DA:105,66
DA:106,86
DA:107,64
DA:108,100
DA:109,6
DA:110,36
DA:111,118
DA:112,146
DA:113,60
DA:114,41
DA:115,43
DA:116,29
DA:117,13
DA:118,38
DA:119,30
DA:120,48
DA:121,52
DA:122,74
DA:123,14
DA:124,8
DA:125,15
DA:128,61
DA:129,42
DA:130,54
DA:131,36
DA:132,90
DA:133,41
DA:134,34
DA:135,15
DA:136,13
DA:137,44
DA:138,15
DA:141,30
DA:142,152
DA:145,30
DA:146,100
DA:147,50
DA:148,40
DA:149,26
DA:150,44
DA:151,78
DA:152,72
DA:153,72
DA:154,64
DA:155,56
DA:156,76
DA:157,96
DA:158,64
DA:159,6
DA:160,36
DA:162,42
DA:163,13
DA:164,121
DA:165,10
DA:166,16
DA:167,121
DA:168,8
DA:169,13
DA:171,32
DA:172,32
DA:173,54
DA:174,56
DA:175,86
DA:176,86
DA:177,78
DA:178,70
DA:179,90
DA:180,68
DA:181,104
DA:182,6
DA:183,36
DA:184,118
DA:185,146
DA:186,82
DA:187,45
DA:188,36
DA:189,13
DA:190,102
DA:191,12
DA:192,16
DA:193,102
DA:194,10
DA:195,17
DA:196,42
DA:197,34
DA:198,52
DA:199,56
DA:200,78
DA:201,18
DA:202,10
DA:203,9
DA:204,9
DA:206,2
LF:188
LH:188
end_of_record
TN:
SF:shared/db/DAO/sqlite/deployment_keys.ts
FNF:22
FNH:20
DA:1,76
DA:3,88
DA:4,108
DA:5,125
DA:8,61
DA:9,78
DA:10,30
DA:11,64
DA:12,22
DA:13,40
DA:14,68
DA:15,12
DA:16,100
DA:17,66
DA:18,48
DA:19,44
DA:20,36
DA:22,62
DA:23,13
DA:24,138
DA:25,10
DA:26,16
DA:27,138
DA:28,8
DA:29,13
DA:31,32
DA:32,32
DA:33,62
DA:34,70
DA:35,56
DA:36,70
DA:37,70
DA:38,94
DA:39,88
DA:40,6
DA:41,44
DA:42,126
DA:43,106
DA:44,51
DA:45,46
DA:46,13
DA:47,138
DA:48,12
DA:49,16
DA:50,138
DA:51,10
DA:52,17
DA:53,40
DA:54,9
DA:55,15
DA:58,22
DA:59,42
DA:60,28
DA:61,58
DA:62,66
DA:63,52
DA:64,66
DA:65,66
DA:66,90
DA:67,84
DA:68,6
DA:69,44
DA:70,137
DA:73,33
DA:74,42
DA:75,28
DA:76,58
DA:77,66
DA:78,52
DA:79,66
DA:80,66
DA:81,90
DA:82,84
DA:83,6
DA:84,44
DA:85,126
DA:86,76
DA:87,47
DA:88,40
DA:89,18
DA:90,13
DA:91,38
DA:92,15
DA:95,27
DA:96,42
DA:97,28
DA:98,58
DA:99,66
DA:100,52
DA:101,66
DA:102,66
DA:103,90
DA:104,84
DA:105,6
DA:106,44
DA:107,126
DA:108,68
DA:109,47
DA:110,95
DA:111,29
DA:112,13
DA:114,38
DA:115,0
DA:116,0
DA:117,0
DA:118,0
DA:119,0
DA:120,0
DA:121,0
DA:122,0
DA:123,0
DA:124,0
DA:125,0
DA:126,0
DA:127,0
DA:128,0
DA:129,0
DA:130,0
DA:131,0
DA:132,0
DA:133,0
DA:134,97
DA:137,30
DA:138,168
DA:141,30
DA:142,100
DA:143,64
DA:144,48
DA:145,32
DA:146,26
DA:147,44
DA:148,72
DA:149,6
DA:150,78
DA:151,36
DA:153,56
DA:154,13
DA:155,128
DA:156,10
DA:157,16
DA:158,127
DA:159,8
DA:160,13
DA:162,32
DA:163,32
DA:164,62
DA:165,70
DA:166,56
DA:167,70
DA:168,70
DA:169,94
DA:170,88
DA:171,6
DA:172,44
DA:173,126
DA:174,78
DA:175,51
DA:176,42
DA:177,13
DA:178,128
DA:179,12
DA:180,16
DA:181,127
DA:182,10
DA:183,17
DA:184,40
DA:185,9
DA:186,9
DA:188,2
LF:169
LH:150
end_of_record
TN:
SF:shared/db/DAO/sqlite/derivation_tenant_links.ts
FNF:19
FNH:18
DA:1,94
DA:3,88
DA:4,108
DA:5,227
DA:14,91
DA:15,78
DA:23,30
DA:24,64
DA:25,40
DA:26,74
DA:27,84
DA:28,12
DA:29,118
DA:30,56
DA:31,68
DA:32,50
DA:33,36
DA:35,52
DA:36,13
DA:37,168
DA:38,10
DA:39,16
DA:40,168
DA:41,8
DA:42,13
DA:44,50
DA:45,32
DA:46,82
DA:47,56
DA:48,72
DA:49,68
DA:50,46
DA:51,6
DA:52,64
DA:53,20
DA:54,26
DA:55,120
DA:56,4
DA:57,146
DA:58,148
DA:59,126
DA:60,128
DA:63,46
DA:64,13
DA:65,13
DA:68,32
DA:69,22
DA:70,56
DA:71,64
DA:72,76
DA:73,70
DA:74,74
DA:75,86
DA:76,22
DA:77,24
DA:78,82
DA:79,14
DA:80,9
DA:81,12
DA:83,92
DA:84,13
DA:85,191
DA:86,8
DA:87,16
DA:88,191
DA:89,6
DA:90,9
DA:91,47
DA:98,22
DA:99,60
DA:100,28
DA:101,78
DA:102,52
DA:103,68
DA:104,64
DA:105,42
DA:106,6
DA:107,64
DA:108,170
DA:109,146
DA:110,148
DA:111,134
DA:113,74
DA:114,14
DA:115,9
DA:116,81
DA:117,32
DA:118,50
DA:119,60
DA:120,70
DA:121,66
DA:122,68
DA:123,80
DA:124,18
DA:125,20
DA:126,76
DA:127,8
DA:128,15
DA:137,27
DA:138,60
DA:139,28
DA:140,78
DA:141,52
DA:142,68
DA:143,64
DA:144,42
DA:145,6
DA:146,64
DA:147,170
DA:148,146
DA:149,148
DA:150,126
DA:151,96
DA:152,71
DA:153,27
DA:154,9
DA:156,54
DA:157,13
DA:158,133
DA:159,8
DA:160,16
DA:161,133
DA:162,6
DA:163,9
DA:165,28
DA:166,48
DA:167,80
DA:168,56
DA:169,68
DA:170,62
DA:171,66
DA:172,78
DA:173,14
DA:174,10
DA:175,15
DA:184,67
DA:185,60
DA:186,28
DA:187,78
DA:188,52
DA:189,68
DA:190,64
DA:191,42
DA:192,6
DA:193,64
DA:194,170
DA:195,146
DA:196,148
DA:197,126
DA:198,164
DA:199,81
DA:200,32
DA:201,50
DA:202,60
DA:203,70
DA:204,66
DA:205,68
DA:206,80
DA:207,18
DA:208,20
DA:209,76
DA:210,8
DA:211,15
DA:219,26
DA:220,28
DA:221,68
DA:222,108
DA:231,40
DA:232,118
DA:233,64
DA:234,68
DA:235,26
DA:236,88
DA:237,98
DA:238,6
DA:239,36
DA:241,60
DA:242,13
DA:243,128
DA:244,10
DA:245,16
DA:246,128
DA:247,8
DA:248,13
DA:249,70
DA:250,13
DA:251,126
DA:252,10
DA:253,16
DA:254,126
DA:255,8
DA:256,13
DA:258,50
DA:259,32
DA:260,82
DA:261,56
DA:262,72
DA:263,68
DA:264,46
DA:265,6
DA:266,64
DA:267,20
DA:268,26
DA:269,120
DA:270,4
DA:271,146
DA:272,148
DA:273,126
DA:274,136
DA:277,46
DA:278,13
DA:279,13
DA:282,32
DA:283,22
DA:284,56
DA:285,64
DA:286,76
DA:287,70
DA:288,74
DA:289,86
DA:290,22
DA:291,24
DA:292,82
DA:293,14
DA:294,9
DA:295,12
DA:297,44
DA:298,13
DA:299,131
DA:300,8
DA:301,16
DA:302,131
DA:303,6
DA:304,9
DA:306,41
DA:308,2
LF:236
LH:236
end_of_record
TN:
SF:shared/db/DAO/sqlite/derivations.ts
FNF:16
FNH:15
DA:1,66
DA:3,88
DA:4,108
DA:5,147
DA:8,69
DA:9,78
DA:17,30
DA:18,66
DA:19,22
DA:20,40
DA:21,88
DA:22,12
DA:23,116
DA:24,186
DA:25,118
DA:26,13
DA:27,108
DA:28,10
DA:29,16
DA:30,92
DA:31,8
DA:32,13
DA:34,32
DA:35,32
DA:36,54
DA:37,76
DA:38,52
DA:39,78
DA:40,82
DA:41,82
DA:42,78
DA:43,78
DA:44,90
DA:45,62
DA:46,86
DA:47,94
DA:48,66
DA:49,84
DA:50,6
DA:51,36
DA:52,148
DA:53,126
DA:54,101
DA:55,12
DA:56,84
DA:57,13
DA:58,128
DA:59,8
DA:60,16
DA:61,92
DA:62,6
DA:63,9
DA:64,34
DA:65,32
DA:66,58
DA:67,68
DA:68,72
DA:69,10
DA:70,15
DA:77,22
DA:78,60
DA:79,28
DA:80,50
DA:81,72
DA:82,48
DA:83,74
DA:84,78
DA:85,78
DA:86,74
DA:87,74
DA:88,86
DA:89,58
DA:90,82
DA:91,90
DA:92,62
DA:93,80
DA:94,6
DA:95,36
DA:96,148
DA:97,134
DA:98,73
DA:99,38
DA:100,28
DA:101,62
DA:102,64
DA:103,68
DA:104,14
DA:105,8
DA:106,15
DA:115,27
DA:116,60
DA:117,28
DA:118,50
DA:119,72
DA:120,48
DA:121,74
DA:122,78
DA:123,78
DA:124,74
DA:125,74
DA:126,86
DA:127,58
DA:128,82
DA:129,90
DA:130,62
DA:131,80
DA:132,6
DA:133,36
DA:134,148
DA:135,126
DA:136,68
DA:138,54
DA:139,13
DA:140,123
DA:141,8
DA:142,16
DA:143,123
DA:144,6
DA:145,9
DA:147,47
DA:148,27
DA:149,9
DA:150,34
DA:151,34
DA:152,58
DA:153,70
DA:154,74
DA:155,10
DA:156,15
DA:164,26
DA:165,148
DA:174,40
DA:175,116
DA:176,64
DA:177,40
DA:178,26
DA:179,108
DA:180,74
DA:181,78
DA:182,78
DA:183,74
DA:184,74
DA:185,86
DA:186,58
DA:187,82
DA:188,90
DA:189,62
DA:190,80
DA:191,6
DA:192,80
DA:193,36
DA:195,118
DA:196,13
DA:197,113
DA:198,10
DA:199,16
DA:200,113
DA:201,8
DA:202,13
DA:204,32
DA:205,32
DA:206,54
DA:207,76
DA:208,52
DA:209,78
DA:210,82
DA:211,82
DA:212,78
DA:213,78
DA:214,90
DA:215,62
DA:216,86
DA:217,94
DA:218,66
DA:219,84
DA:220,6
DA:221,36
DA:222,148
DA:223,126
DA:224,101
DA:225,12
DA:227,84
DA:228,13
DA:229,116
DA:230,8
DA:231,16
DA:232,116
DA:233,6
DA:234,9
DA:236,34
DA:237,32
DA:238,58
DA:239,68
DA:240,72
DA:241,10
DA:242,9
DA:244,2
LF:197
LH:197
end_of_record
TN:
SF:shared/db/DAO/sqlite/requests.ts
FNF:20
FNH:19
DA:1,78
DA:3,88
DA:4,108
DA:5,93
DA:8,63
DA:9,78
DA:17,30
DA:18,56
DA:19,22
DA:20,44
DA:21,34
DA:22,12
DA:23,178
DA:25,124
DA:26,13
DA:27,141
DA:28,8
DA:29,16
DA:30,141
DA:31,6
DA:32,9
DA:34,63
DA:42,55
DA:43,86
DA:44,66
DA:45,69
DA:46,42
DA:47,24
DA:48,48
DA:49,46
DA:50,10
DA:51,2
DA:52,14
DA:53,18
DA:60,22
DA:61,101
DA:69,27
DA:70,180
DA:71,61
DA:72,27
DA:73,9
DA:74,57
DA:82,53
DA:83,70
DA:84,18
DA:85,30
DA:86,110
DA:87,58
DA:88,26
DA:89,50
DA:90,16
DA:91,9
DA:92,57
DA:100,46
DA:101,186
DA:108,26
DA:109,136
DA:118,30
DA:119,74
DA:120,34
DA:121,28
DA:122,22
DA:123,34
DA:124,6
DA:125,64
DA:126,32
DA:128,120
DA:129,13
DA:130,134
DA:131,8
DA:132,16
DA:133,134
DA:134,6
DA:135,9
DA:137,55
DA:139,2
LF:76
LH:76
end_of_record
TN:
SF:shared/db/DAO/sqlite/signing_keys.ts
FNF:20
FNH:19
DA:1,66
DA:3,88
DA:4,108
DA:5,167
DA:7,71
DA:8,78
DA:15,30
DA:16,44
DA:17,22
DA:18,40
DA:19,72
DA:20,12
DA:22,130
DA:23,162
DA:24,140
DA:25,13
DA:26,110
DA:27,10
DA:28,16
DA:29,94
DA:30,8
DA:31,13
DA:33,32
DA:34,32
DA:35,56
DA:36,60
DA:37,60
DA:38,58
DA:39,6
DA:40,38
DA:41,126
DA:42,99
DA:43,12
DA:45,116
DA:46,13
DA:47,138
DA:48,8
DA:49,16
DA:50,138
DA:51,6
DA:52,9
DA:54,59
DA:61,22
DA:62,42
DA:63,28
DA:64,52
DA:65,56
DA:66,56
DA:67,54
DA:68,6
DA:69,38
DA:70,137
DA:78,41
DA:79,42
DA:80,28
DA:81,52
DA:82,56
DA:83,56
DA:84,54
DA:85,6
DA:86,38
DA:87,126
DA:88,62
DA:89,59
DA:90,110
DA:91,18
DA:92,13
DA:93,50
DA:94,15
DA:102,45
DA:103,42
DA:104,28
DA:105,52
DA:106,56
DA:107,56
DA:108,54
DA:109,6
DA:110,56
DA:111,144
DA:112,134
DA:113,121
DA:122,27
DA:123,60
DA:124,28
DA:125,52
DA:126,56
DA:127,56
DA:128,54
DA:129,6
DA:130,38
DA:131,126
DA:132,70
DA:133,54
DA:134,13
DA:135,126
DA:136,8
DA:137,16
DA:138,126
DA:139,6
DA:140,9
DA:142,95
DA:143,27
DA:144,9
DA:145,47
DA:153,40
DA:154,166
DA:163,40
DA:164,100
DA:165,60
DA:166,42
DA:167,26
DA:168,54
DA:169,58
DA:170,86
DA:171,6
DA:172,82
DA:173,36
DA:174,110
DA:175,13
DA:176,113
DA:177,10
DA:178,16
DA:179,113
DA:180,8
DA:181,13
DA:182,66
DA:183,13
DA:184,113
DA:185,10
DA:186,16
DA:187,113
DA:188,8
DA:189,13
DA:190,54
DA:191,32
DA:192,56
DA:193,60
DA:194,60
DA:195,58
DA:196,6
DA:197,38
DA:198,126
DA:199,94
DA:201,50
DA:202,13
DA:203,113
DA:204,10
DA:205,16
DA:206,113
DA:207,8
DA:208,13
DA:210,45
DA:211,9
DA:213,2
LF:154
LH:154
end_of_record
TN:
SF:shared/db/DAO/sqlite/tenants.ts
FNF:13
FNH:12
DA:1,66
DA:3,88
DA:4,100
DA:5,108
DA:6,92
DA:8,93
DA:14,61
DA:15,78
DA:23,30
DA:24,68
DA:25,72
DA:26,72
DA:27,168
DA:28,116
DA:29,13
DA:30,95
DA:31,8
DA:32,16
DA:33,79
DA:34,6
DA:35,9
DA:37,132
DA:38,78
DA:39,32
DA:40,72
DA:41,56
DA:42,56
DA:43,48
DA:44,87
DA:45,40
DA:46,74
DA:47,14
DA:48,61
DA:55,22
DA:56,99
DA:65,27
DA:66,166
DA:67,54
DA:68,13
DA:69,116
DA:70,8
DA:71,16
DA:72,116
DA:73,6
DA:74,9
DA:76,95
DA:77,27
DA:78,9
DA:80,47
DA:88,33
DA:89,159
DA:97,40
DA:98,146
DA:107,40
DA:108,70
DA:109,32
DA:110,22
DA:111,98
DA:112,74
DA:113,54
DA:114,78
DA:115,150
DA:116,50
DA:117,70
DA:118,44
DA:119,6
DA:120,72
DA:121,32
DA:123,108
DA:124,13
DA:125,98
DA:126,8
DA:127,16
DA:128,98
DA:129,6
DA:130,9
DA:131,64
DA:132,13
DA:133,103
DA:134,8
DA:135,16
DA:136,103
DA:137,6
DA:138,9
DA:140,51
DA:142,2
LF:86
LH:86
end_of_record
TN:
SF:shared/db/DAO/sqlite/uploads.ts
FNF:19
FNH:18
DA:1,66
DA:3,88
DA:4,108
DA:5,129
DA:8,45
DA:9,78
DA:16,30
DA:17,118
DA:18,56
DA:19,32
DA:20,32
DA:21,78
DA:22,74
DA:23,44
DA:24,70
DA:25,6
DA:26,36
DA:27,106
DA:28,13
DA:29,126
DA:30,10
DA:31,16
DA:32,126
DA:33,8
DA:34,13
DA:36,32
DA:37,32
DA:38,46
DA:39,56
DA:40,56
DA:41,50
DA:42,76
DA:43,6
DA:44,28
DA:45,110
DA:46,112
DA:47,85
DA:48,12
DA:50,40
DA:51,13
DA:52,110
DA:53,8
DA:54,16
DA:55,110
DA:56,6
DA:57,9
DA:59,47
DA:66,22
DA:67,42
DA:68,28
DA:69,42
DA:70,52
DA:71,52
DA:72,46
DA:73,72
DA:74,6
DA:75,28
DA:76,110
DA:77,123
DA:85,27
DA:86,42
DA:87,28
DA:88,42
DA:89,52
DA:90,52
DA:91,46
DA:92,72
DA:93,6
DA:94,28
DA:95,110
DA:96,112
DA:97,52
DA:98,49
DA:99,99
DA:100,29
DA:101,13
DA:102,40
DA:103,15
DA:111,26
DA:112,132
DA:119,20
DA:120,74
DA:128,30
DA:129,100
DA:130,60
DA:131,32
DA:132,26
DA:133,78
DA:134,74
DA:135,44
DA:136,70
DA:137,6
DA:138,62
DA:139,36
DA:141,110
DA:142,13
DA:143,120
DA:144,10
DA:145,16
DA:146,120
DA:147,8
DA:148,13
DA:149,32
DA:150,32
DA:151,46
DA:152,56
DA:153,56
DA:154,50
DA:155,76
DA:156,6
DA:157,28
DA:158,110
DA:159,112
DA:160,84
DA:161,59
DA:162,50
DA:163,13
DA:164,120
DA:165,12
DA:166,16
DA:167,120
DA:168,10
DA:169,17
DA:171,48
DA:172,9
DA:173,9
DA:175,2
LF:127
LH:127
end_of_record
TN:
SF:shared/db/DAO/tenants.ts
FNF:14
FNH:13
DA:2,82
DA:4,56
DA:5,89
DA:6,31
DA:7,35
DA:8,42
DA:9,62
DA:10,59
DA:11,74
DA:12,9
DA:14,44
DA:15,13
DA:16,81
DA:17,8
DA:18,16
DA:19,81
DA:20,6
DA:21,9
DA:23,46
DA:24,12
DA:32,30
DA:33,81
DA:40,22
DA:41,73
DA:49,33
DA:50,87
DA:59,27
DA:60,79
DA:68,30
DA:69,81
DA:78,30
DA:79,75
DA:81,2
LF:33
LH:33
end_of_record
TN:
SF:shared/db/DAO/uploads.ts
FNF:14
FNH:13
DA:2,82
DA:4,56
DA:5,99
DA:7,31
DA:8,35
DA:9,42
DA:10,77
DA:11,76
DA:12,9
DA:14,44
DA:15,13
DA:16,81
DA:17,8
DA:18,16
DA:19,81
DA:20,6
DA:21,9
DA:23,46
DA:24,12
DA:32,30
DA:33,81
DA:40,22
DA:41,73
DA:49,27
DA:50,79
DA:58,30
DA:59,70
DA:66,20
DA:67,58
DA:76,30
DA:77,75
DA:79,2
LF:32
LH:32
end_of_record
TN:
SF:shared/db/schema_sqlite.ts
FNF:32
FNH:13
DA:1,34
DA:2,88
DA:3,48
DA:4,15
DA:5,13
DA:6,37
DA:7,36
DA:8,52
DA:9,34
DA:10,31
DA:11,49
DA:12,24
DA:13,32
DA:14,15
DA:15,10
DA:16,15
DA:17,3
DA:19,39
DA:20,16
DA:21,3
DA:22,15
DA:23,13
DA:24,37
DA:25,36
DA:26,24
DA:27,21
DA:28,5
DA:29,29
DA:30,32
DA:31,30
DA:32,43
DA:33,55
DA:34,23
DA:35,1
DA:37,3
DA:39,58
DA:40,15
DA:41,13
DA:42,37
DA:43,24
DA:44,20
DA:45,17
DA:46,24
DA:47,21
DA:48,3
DA:49,12
DA:50,23
DA:51,3
DA:53,56
DA:54,15
DA:55,13
DA:56,37
DA:57,41
DA:58,24
DA:59,21
DA:60,5
DA:61,29
DA:62,30
DA:63,33
DA:64,29
DA:65,29
DA:66,32
DA:67,25
DA:68,31
DA:69,33
DA:70,26
DA:71,54
DA:72,3
DA:74,84
DA:75,15
DA:76,13
DA:77,37
DA:78,36
DA:79,24
DA:80,21
DA:81,5
DA:82,40
DA:83,24
DA:84,21
DA:85,3
DA:86,3
DA:88,50
DA:89,15
DA:90,13
DA:91,37
DA:92,34
DA:93,17
DA:94,24
DA:95,21
DA:96,3
DA:97,12
DA:98,63
DA:99,56
DA:100,27
DA:101,3
DA:103,50
DA:104,15
DA:105,13
DA:106,37
DA:107,34
DA:108,23
DA:109,3
DA:111,76
DA:112,15
DA:113,13
DA:114,37
DA:115,36
DA:116,24
DA:117,21
DA:118,5
DA:119,37
DA:120,24
DA:121,21
DA:122,3
DA:123,3
DA:125,48
DA:126,15
DA:127,13
DA:128,37
DA:129,19
DA:130,17
DA:131,24
DA:132,21
DA:133,3
DA:134,12
DA:135,18
DA:136,17
DA:137,24
DA:138,21
DA:139,3
DA:140,12
DA:141,24
DA:142,54
DA:143,3
DA:145,56
DA:146,15
DA:147,13
DA:148,37
DA:149,19
DA:150,17
DA:151,24
DA:152,21
DA:153,3
DA:154,12
DA:155,17
DA:156,17
DA:157,24
DA:158,21
DA:159,3
DA:160,12
DA:161,40
DA:162,62
DA:163,34
DA:164,32
DA:165,98
DA:166,30
DA:167,3
DA:169,33
DA:170,10
DA:171,3
DA:172,15
DA:173,9
DA:174,37
DA:175,19
DA:176,17
DA:177,24
DA:178,21
DA:179,3
DA:180,12
DA:181,22
DA:182,17
DA:183,24
DA:184,21
DA:185,3
DA:186,12
DA:187,61
DA:188,28
DA:189,23
DA:190,52
DA:191,23
DA:192,1
DA:194,3
DA:196,82
DA:197,15
DA:198,13
DA:199,37
DA:200,23
DA:201,17
DA:202,24
DA:203,21
DA:204,3
DA:205,12
DA:206,18
DA:207,17
DA:208,24
DA:209,21
DA:210,3
DA:211,12
DA:212,14
DA:213,62
DA:214,25
DA:215,26
DA:216,31
DA:217,96
DA:218,3
DA:220,64
DA:221,15
DA:222,13
DA:223,37
DA:224,19
DA:225,17
DA:226,24
DA:227,21
DA:228,3
DA:229,12
DA:230,56
DA:231,34
DA:232,62
DA:233,62
DA:234,23
DA:235,2
LF:221
LH:221
end_of_record
TN:
SF:shared/logger/Logger.ts
FNF:13
FNH:5
DA:1,75
DA:2,111
DA:21,90
DA:22,96
DA:23,141
DA:24,57
DA:25,39
DA:26,36
DA:27,36
DA:28,30
DA:29,33
DA:30,60
DA:31,108
DA:32,114
DA:33,120
DA:34,102
DA:35,108
DA:36,126
DA:37,108
DA:38,105
DA:39,33
DA:42,48
DA:43,234
DA:45,39
DA:46,239
DA:47,86
DA:49,40
DA:50,128
DA:51,68
DA:52,16
DA:54,44
DA:55,35
DA:56,33
DA:57,134
DA:58,90
DA:59,32
DA:60,42
DA:61,257
DA:62,72
DA:63,111
DA:64,111
DA:65,114
DA:66,99
DA:67,33
DA:68,60
DA:69,126
DA:70,132
DA:71,123
DA:72,138
DA:73,129
DA:74,129
DA:75,135
DA:76,93
DA:77,33
DA:78,78
DA:79,105
DA:80,108
DA:81,105
DA:82,111
DA:83,102
DA:84,105
DA:85,33
DA:86,125
DA:87,0
DA:88,144
DA:90,55
DA:91,61
DA:92,109
DA:93,152
DA:94,14
DA:95,166
DA:97,85
DA:98,133
DA:100,108
DA:101,112
DA:102,158
DA:103,14
DA:104,165
DA:105,115
DA:107,0
DA:108,0
DA:109,174
DA:112,72
DA:113,167
DA:114,28
DA:115,10
DA:116,62
DA:117,24
DA:118,48
DA:119,68
DA:120,28
DA:121,32
DA:122,82
DA:123,4
DA:124,16
DA:125,62
DA:126,34
DA:127,58
DA:128,72
DA:129,32
DA:130,36
DA:131,86
DA:132,14
DA:133,16
DA:134,10
DA:135,28
DA:136,24
DA:137,30
DA:138,112
DA:139,88
DA:140,14
DA:141,16
DA:142,62
DA:143,34
DA:144,144
DA:145,16
DA:146,44
DA:150,55
DA:151,121
DA:153,0
DA:154,88
DA:156,0
DA:157,88
DA:159,0
DA:160,90
DA:162,0
DA:163,0
DA:164,0
DA:165,0
DA:166,0
DA:167,0
DA:168,0
DA:169,0
DA:170,46
DA:173,0
DA:174,0
DA:175,0
DA:176,0
DA:177,0
DA:178,0
DA:179,0
DA:180,0
DA:181,0
DA:182,0
DA:183,0
DA:184,0
DA:185,0
DA:186,23
DA:189,1
LF:149
LH:122
end_of_record
TN:
SF:shared/utils/crypto/api_key_generation.ts
FNF:2
FNH:1
DA:2,48
DA:8,0
DA:9,0
DA:10,0
DA:11,0
DA:12,0
DA:13,0
DA:14,0
DA:15,0
DA:16,0
DA:17,0
DA:18,0
DA:19,0
DA:20,0
DA:21,0
DA:22,0
DA:23,0
DA:24,0
DA:25,1
DA:28,17
DA:30,98
DA:31,79
DA:32,13
LF:23
LH:6
end_of_record
TN:
SF:shared/utils/ip/index.ts
FNF:3
FNH:3
DA:1,30
DA:8,21
DA:9,91
DA:17,16
DA:18,40
DA:19,19
DA:20,0
DA:21,0
DA:22,0
DA:23,0
DA:24,0
DA:25,0
DA:26,2
DA:27,61
DA:28,62
DA:29,48
DA:31,31
DA:32,14
DA:33,21
DA:34,25
DA:35,1
DA:36,2
DA:37,33
LF:23
LH:17
end_of_record
TN:
SF:shared/utils/zod/zod_db_schemas.ts
FNF:1
FNH:1
DA:1,20
DA:3,40
DA:4,17
DA:5,30
DA:6,19
DA:7,25
DA:8,25
DA:9,43
DA:10,18
DA:11,23
DA:12,16
DA:13,3
DA:14,48
DA:15,17
DA:16,28
DA:17,38
DA:18,19
DA:19,25
DA:20,25
DA:21,17
DA:22,3
DA:23,39
DA:24,17
DA:25,24
DA:26,22
DA:27,17
DA:28,25
DA:29,19
DA:30,28
DA:31,37
DA:32,3
DA:34,45
DA:35,17
DA:36,28
DA:37,23
DA:38,23
DA:39,21
DA:40,23
DA:41,37
DA:42,17
DA:43,3
DA:45,44
DA:46,17
DA:47,28
DA:48,25
DA:49,25
DA:50,23
DA:51,80
DA:52,26
DA:53,31
DA:54,32
DA:55,3
DA:57,57
DA:58,17
DA:59,36
DA:60,26
DA:61,29
DA:62,25
DA:63,37
DA:64,25
DA:65,38
DA:66,78
DA:67,3
DA:69,42
DA:70,17
DA:71,19
DA:72,17
DA:73,3
DA:75,46
DA:76,17
DA:77,18
DA:78,31
DA:79,17
DA:80,3
DA:82,56
DA:83,17
DA:84,31
DA:85,26
DA:86,3
DA:88,45
DA:89,17
DA:90,23
DA:91,24
DA:92,24
DA:93,23
DA:94,23
DA:95,26
DA:96,19
DA:97,25
DA:98,27
DA:99,20
DA:100,39
DA:101,36
DA:102,3
DA:104,59
DA:105,17
DA:106,37
DA:107,26
DA:108,3
DA:110,42
DA:111,17
DA:112,40
DA:113,45
DA:114,19
DA:115,16
DA:116,3
DA:118,41
DA:119,17
DA:120,28
DA:121,29
DA:122,18
DA:123,36
DA:124,2
LF:113
LH:113
end_of_record
TN:
SF:tests/shared/daos/utils.ts
FNF:1
FNH:1
DA:1,38
DA:2,49
DA:3,58
DA:4,67
DA:12,15
DA:13,27
DA:14,35
DA:15,42
DA:17,44
DA:19,44
DA:21,31
DA:23,19
DA:24,54
DA:25,7
DA:26,28
DA:27,1
LF:16
LH:16
end_of_record
TN:
SF:tests/shared/setup.ts
FNF:1
FNH:1
DA:4,30
DA:5,45
DA:7,29
DA:8,25
DA:9,27
DA:11,29
LF:6
LH:6
end_of_record
